 
 P =             1  mbar      T =          150  K
 int#     k1          k2          k3          k4          k5          k6
 1    0.00000E+00 0.00000E+00 0.00000E+00 0.00000E+00 0.00000E+00 0.00000E+00
 2    0.00000E+00 0.00000E+00 0.00000E+00 0.00000E+00 0.00000E+00 0.00000E+00
 3    0.00000E+00 0.00000E+00 0.00000E+00 0.00000E+00 0.00000E+00 0.00000E+00
 4    0.00000E+00 0.00000E+00 0.00000E+00 0.00000E+00 0.00000E+00 0.00000E+00
 5    0.00000E+00 2.40868E-32 4.03550E-32 2.98515E-31 5.42171E-30 2.06070E-28
 6    5.73120E-31 2.00597E-30 4.59688E-30 1.38597E-29 9.98869E-29 4.72025E-27
 7    2.69317E-31 9.67322E-31 2.92032E-30 1.01294E-29 9.55797E-29 1.55268E-26
 8    1.51880E-32 9.60839E-32 3.90111E-31 2.30958E-30 2.63451E-29 8.48714E-28
 9    5.50868E-33 3.17104E-32 1.45813E-31 6.84813E-31 6.51237E-30 1.99916E-28
10    2.52862E-33 7.18596E-33 2.57084E-32 1.28130E-31 1.04871E-30 4.55255E-29
11    1.21276E-34 5.43738E-34 1.71277E-33 7.20755E-33 7.14891E-32 3.37350E-30
12    1.14644E-36 5.03272E-36 1.94101E-35 1.06843E-34 1.02254E-33 4.10039E-32
13    4.77660E-37 7.09652E-37 1.43630E-36 9.23005E-36 8.02319E-35 4.44298E-33
14    7.67191E-38 1.36381E-37 3.51543E-37 1.15179E-36 6.89586E-36 3.75289E-34
15    0.00000E+00 0.00000E+00 3.46088E-40 2.58848E-38 2.20104E-37 1.05837E-35
16    0.00000E+00 1.97858E-37 9.18113E-36 3.75946E-34 3.18650E-33 7.21126E-32
17    4.18566E-33 1.40342E-32 4.46531E-32 1.69648E-31 9.51976E-31 2.55187E-29
18    4.51260E-31 2.30029E-30 1.16623E-29 5.22981E-29 2.75925E-28 1.19620E-26
19    7.27667E-29 2.49986E-28 6.96332E-28 2.31680E-27 1.43949E-26 5.45967E-25
20    1.15862E-27 4.91529E-27 1.48738E-26 4.86240E-26 3.10694E-25 1.23601E-23
21    1.66305E-26 1.27037E-25 8.97907E-25 4.54532E-24 3.17790E-23 9.76797E-22
22    2.55892E-24 4.82047E-24 1.07612E-23 4.47373E-23 4.10370E-22 1.50589E-20
23    7.13585E-27 2.20557E-26 9.38699E-26 6.77371E-25 6.90257E-24 3.38095E-22
24    1.46500E-27 6.11936E-27 2.24194E-26 1.20114E-25 1.67267E-24 1.00787E-22
25    1.82319E-27 3.72353E-27 7.63786E-27 3.00902E-26 2.73384E-25 1.49634E-23
26    8.99855E-30 5.97449E-29 2.58336E-28 1.21811E-27 1.77940E-26 1.35767E-24
27    4.79517E-31 1.82148E-30 5.65544E-30 2.45796E-29 1.66486E-28 1.71492E-26
28    1.31153E-33 8.91616E-33 5.31078E-32 3.70219E-31 3.04140E-30 1.33774E-28
29    8.62551E-36 2.83229E-35 1.00077E-34 9.96484E-34 1.12496E-32 6.76359E-31
30    6.07854E-32 2.40626E-30 5.02945E-29 1.60579E-28 1.53863E-27 1.78497E-25
31    8.58293E-29 2.20239E-28 5.65491E-28 1.99176E-27 1.40746E-26 1.43568E-24
32    1.82658E-28 5.90774E-28 1.70055E-27 7.58888E-27 4.86086E-26 2.57812E-24
33    8.84719E-27 3.85710E-26 1.27950E-25 5.35563E-25 4.69186E-24 4.82326E-22
34    2.94945E-25 1.25044E-24 3.39106E-24 1.29665E-23 1.40205E-22 1.02549E-20
35    0.00000E+00 0.00000E+00 0.00000E+00 6.44018E-28 7.30747E-25 8.52828E-23
36    0.00000E+00 0.00000E+00 0.00000E+00 0.00000E+00 1.55824E-29 1.62173E-27
37    1.41801E-27 6.98737E-27 2.62609E-26 1.09913E-25 9.75284E-25 2.18856E-22
38    1.30440E-26 1.27544E-25 5.60156E-25 2.91884E-24 3.57857E-23 3.75861E-21
39    1.16139E-36 9.39271E-33 1.05166E-30 8.35908E-28 7.85409E-26 2.11322E-23
40    0.00000E+00 0.00000E+00 0.00000E+00 0.00000E+00 1.24270E-29 8.50372E-28
41    0.00000E+00 0.00000E+00 1.14075E-26 1.01748E-25 1.06497E-24 4.33660E-22
42    0.00000E+00 0.00000E+00 0.00000E+00 2.17085E-26 2.32580E-25 8.97551E-23
43    0.00000E+00 0.00000E+00 0.00000E+00 0.00000E+00 0.00000E+00 0.00000E+00
44    0.00000E+00 0.00000E+00 0.00000E+00 0.00000E+00 0.00000E+00 0.00000E+00
45    0.00000E+00 0.00000E+00 0.00000E+00 0.00000E+00 0.00000E+00 0.00000E+00
46    0.00000E+00 0.00000E+00 0.00000E+00 0.00000E+00 0.00000E+00 0.00000E+00
47    0.00000E+00 0.00000E+00 0.00000E+00 0.00000E+00 0.00000E+00 0.00000E+00
48    0.00000E+00 0.00000E+00 0.00000E+00 0.00000E+00 0.00000E+00 0.00000E+00
49    0.00000E+00 0.00000E+00 0.00000E+00 0.00000E+00 0.00000E+00 0.00000E+00
50    0.00000E+00 0.00000E+00 0.00000E+00 0.00000E+00 0.00000E+00 0.00000E+00
51    0.00000E+00 0.00000E+00 0.00000E+00 0.00000E+00 0.00000E+00 0.00000E+00
52    0.00000E+00 0.00000E+00 0.00000E+00 0.00000E+00 0.00000E+00 0.00000E+00
53    0.00000E+00 0.00000E+00 0.00000E+00 0.00000E+00 0.00000E+00 0.00000E+00
54    0.00000E+00 0.00000E+00 0.00000E+00 0.00000E+00 0.00000E+00 0.00000E+00
55    0.00000E+00 0.00000E+00 0.00000E+00 0.00000E+00 0.00000E+00 0.00000E+00
 
 P =            10  mbar      T =          150  K
 int#     k1          k2          k3          k4          k5          k6
 1    0.00000E+00 0.00000E+00 0.00000E+00 0.00000E+00 0.00000E+00 0.00000E+00
 2    0.00000E+00 0.00000E+00 0.00000E+00 0.00000E+00 0.00000E+00 0.00000E+00
 3    0.00000E+00 0.00000E+00 0.00000E+00 0.00000E+00 0.00000E+00 0.00000E+00
 4    0.00000E+00 0.00000E+00 0.00000E+00 0.00000E+00 0.00000E+00 0.00000E+00
 5    2.16611E-31 2.56963E-31 4.76170E-31 2.24492E-30 1.58591E-29 3.36188E-28
 6    6.22509E-30 1.65042E-29 3.66967E-29 8.69737E-29 4.96928E-28 1.27560E-26
 7    3.76857E-30 8.69924E-30 2.38884E-29 6.72001E-29 4.27896E-28 3.36028E-26
 8    3.03703E-31 9.45409E-31 2.99144E-30 1.13934E-29 7.31796E-29 1.57361E-27
 9    6.39757E-32 3.52652E-31 1.34728E-30 4.89923E-30 2.42692E-29 4.75380E-28
10    2.73400E-32 7.34835E-32 2.34245E-31 8.64911E-31 5.35823E-30 1.16163E-28
11    1.21763E-33 5.74389E-33 1.71574E-32 6.36639E-32 4.43797E-31 1.17008E-29
12    1.15446E-35 5.08646E-35 2.02329E-34 1.07514E-33 7.66957E-33 2.04269E-31
13    4.76624E-36 7.05121E-36 1.44429E-35 9.32405E-35 8.03137E-34 2.79848E-32
14    7.46122E-37 1.36382E-36 3.50206E-36 1.15002E-35 7.11400E-35 2.49998E-33
15    0.00000E+00 0.00000E+00 3.46214E-39 2.55976E-37 2.20635E-36 9.35051E-35
16    0.00000E+00 1.97936E-36 9.17319E-35 3.39969E-33 3.18958E-32 6.93648E-31
17    4.19193E-32 1.40235E-31 4.49668E-31 1.69744E-30 9.37858E-30 2.49784E-28
18    4.52441E-30 2.28635E-29 1.16915E-28 5.20553E-28 2.65075E-27 6.66528E-26
19    7.27225E-28 2.48667E-27 6.88604E-27 2.23250E-26 1.28446E-25 2.73380E-24
20    1.15741E-26 4.81812E-26 1.43040E-25 4.44051E-25 2.44698E-24 5.25844E-23
21    1.57692E-25 1.19332E-24 8.19284E-24 4.01851E-23 2.47927E-22 5.42627E-21
22    2.51283E-23 4.71558E-23 1.01403E-22 4.02906E-22 3.52963E-21 9.01969E-20
23    6.97927E-26 2.06540E-25 8.27725E-25 5.33287E-24 4.86837E-23 1.26600E-21
24    1.44987E-26 5.90691E-26 2.00584E-25 9.63756E-25 1.13379E-23 3.43688E-22
25    1.77355E-26 3.65161E-26 7.09490E-26 2.54256E-25 2.05138E-24 7.92003E-23
26    9.02386E-29 5.97462E-28 2.54134E-27 1.10815E-26 1.05360E-25 4.02975E-24
27    4.76966E-30 1.81931E-29 5.64864E-29 2.45300E-28 1.51986E-27 3.49901E-26
28    1.31186E-32 8.92919E-32 5.31059E-31 3.69214E-30 3.05262E-29 1.17662E-27
29    8.63088E-35 2.83411E-34 1.00100E-33 9.83952E-33 1.12485E-31 6.76321E-30
30    6.45499E-31 2.42933E-29 5.00956E-28 1.59758E-27 1.47122E-26 1.22936E-24
31    8.57900E-28 2.20158E-27 5.65427E-27 1.98245E-26 1.36389E-25 4.41183E-24
32    1.82764E-27 5.90816E-27 1.69635E-26 7.56177E-26 4.75928E-25 1.58310E-23
33    8.77524E-26 3.85279E-25 1.27283E-24 5.13132E-24 3.58096E-23 9.39488E-22
34    2.91374E-24 1.20705E-23 3.15854E-23 1.03938E-22 7.27955E-22 2.75389E-20
35    0.00000E+00 0.00000E+00 0.00000E+00 6.48299E-27 6.11734E-24 3.04146E-22
36    0.00000E+00 0.00000E+00 0.00000E+00 0.00000E+00 1.55590E-28 1.61116E-26
37    1.40548E-26 6.98742E-26 2.63465E-25 1.09316E-24 8.61219E-24 2.84404E-22
38    1.29684E-25 1.25083E-24 5.23904E-24 2.42841E-23 1.87170E-22 5.00388E-21
39    1.16151E-35 9.31647E-32 1.04985E-29 6.42133E-27 5.66260E-25 7.29906E-23
40    0.00000E+00 0.00000E+00 0.00000E+00 0.00000E+00 1.23972E-28 8.50105E-27
41    0.00000E+00 0.00000E+00 1.13627E-25 1.01628E-24 9.65997E-24 4.77464E-22
42    0.00000E+00 0.00000E+00 0.00000E+00 2.19211E-25 2.27020E-24 1.53592E-22
43    0.00000E+00 0.00000E+00 0.00000E+00 0.00000E+00 0.00000E+00 0.00000E+00
44    0.00000E+00 0.00000E+00 0.00000E+00 0.00000E+00 0.00000E+00 0.00000E+00
45    0.00000E+00 0.00000E+00 0.00000E+00 0.00000E+00 0.00000E+00 0.00000E+00
46    0.00000E+00 0.00000E+00 0.00000E+00 0.00000E+00 0.00000E+00 0.00000E+00
47    0.00000E+00 0.00000E+00 0.00000E+00 0.00000E+00 0.00000E+00 0.00000E+00
48    0.00000E+00 0.00000E+00 0.00000E+00 0.00000E+00 0.00000E+00 0.00000E+00
49    0.00000E+00 0.00000E+00 0.00000E+00 0.00000E+00 0.00000E+00 0.00000E+00
50    0.00000E+00 0.00000E+00 0.00000E+00 0.00000E+00 0.00000E+00 0.00000E+00
51    0.00000E+00 0.00000E+00 0.00000E+00 0.00000E+00 0.00000E+00 0.00000E+00
52    0.00000E+00 0.00000E+00 0.00000E+00 0.00000E+00 0.00000E+00 0.00000E+00
53    0.00000E+00 0.00000E+00 0.00000E+00 0.00000E+00 0.00000E+00 0.00000E+00
54    0.00000E+00 0.00000E+00 0.00000E+00 0.00000E+00 0.00000E+00 0.00000E+00
55    0.00000E+00 0.00000E+00 0.00000E+00 0.00000E+00 0.00000E+00 0.00000E+00
 
 P =           100  mbar      T =          150  K
 int#     k1          k2          k3          k4          k5          k6
 1    0.00000E+00 0.00000E+00 0.00000E+00 0.00000E+00 0.00000E+00 0.00000E+00
 2    0.00000E+00 0.00000E+00 0.00000E+00 0.00000E+00 0.00000E+00 0.00000E+00
 3    0.00000E+00 0.00000E+00 0.00000E+00 0.00000E+00 0.00000E+00 0.00000E+00
 4    0.00000E+00 0.00000E+00 0.00000E+00 0.00000E+00 0.00000E+00 0.00000E+00
 5    2.17836E-30 2.54635E-30 4.43145E-30 2.01848E-29 1.11664E-28 1.08649E-27
 6    6.04007E-29 1.50951E-28 3.30107E-28 7.13421E-28 3.58003E-27 6.31607E-26
 7    3.44727E-29 8.07444E-29 2.13229E-28 5.58468E-28 2.78363E-27 1.41558E-25
 8    2.93159E-30 8.53411E-30 2.44847E-29 7.41276E-29 3.46808E-28 3.46648E-27
 9    6.32139E-31 3.25778E-30 1.14602E-29 3.81930E-29 1.46752E-28 1.20471E-27
10    2.70647E-31 7.12279E-31 2.17545E-30 6.60733E-30 3.14168E-29 3.89322E-28
11    1.22522E-32 5.70417E-32 1.65160E-31 5.86220E-31 3.03992E-30 4.68812E-29
12    1.15588E-34 5.07778E-34 2.00723E-33 1.05313E-32 6.77816E-32 8.46842E-31
13    4.73763E-35 7.05087E-35 1.44304E-34 9.33239E-34 8.00815E-33 2.13541E-31
14    7.41504E-36 1.36354E-35 3.50499E-35 1.14976E-34 7.13879E-34 2.26528E-32
15    0.00000E+00 0.00000E+00 3.46109E-38 2.57482E-36 2.22391E-35 8.62580E-34
16    0.00000E+00 1.98326E-35 9.16334E-34 3.39256E-32 3.20292E-31 6.89802E-30
17    4.18938E-31 1.40238E-30 4.50378E-30 1.68806E-29 8.94043E-29 1.27602E-27
18    4.51705E-29 2.26307E-28 1.09359E-27 4.64781E-27 1.96088E-26 1.97109E-25
19    7.04991E-27 2.38969E-26 6.33832E-26 1.91586E-25 8.78019E-25 8.54197E-24
20    1.11667E-25 4.50068E-25 1.26884E-24 3.64626E-24 1.53386E-23 1.22618E-22
21    1.43605E-24 1.04660E-23 6.25930E-23 3.24623E-22 1.70906E-21 2.89720E-20
22    2.47775E-22 4.57312E-22 9.65214E-22 3.44283E-21 2.56910E-20 4.84209E-19
23    6.64193E-25 1.80812E-24 6.58009E-24 3.38913E-23 2.90277E-22 5.02518E-21
24    1.39703E-25 5.32641E-25 1.68361E-24 6.98085E-24 6.69859E-23 1.18333E-21
25    1.64275E-25 3.50362E-25 6.35465E-25 2.16880E-24 1.55625E-23 3.94394E-22
26    8.89237E-28 5.62261E-27 2.06387E-26 6.84894E-26 4.77779E-25 1.48764E-23
27    4.76813E-29 1.81086E-28 5.47915E-28 2.01620E-27 8.48905E-27 7.36587E-26
28    1.31127E-31 8.96585E-31 5.31933E-30 3.67989E-29 2.93757E-28 4.86120E-27
29    8.63166E-34 2.83366E-33 1.00127E-32 9.87604E-32 1.12134E-30 6.07904E-29
30    6.41827E-30 2.39498E-28 4.78738E-27 1.54165E-26 1.27169E-25 6.55584E-24
31    8.60755E-27 2.18450E-26 5.57314E-26 1.88346E-25 1.00786E-24 1.14694E-23
32    1.82552E-26 5.88354E-26 1.68248E-25 7.22319E-25 4.01652E-24 9.00941E-23
33    8.75512E-25 3.81184E-24 1.21936E-23 4.39344E-23 2.15276E-22 2.22565E-21
34    2.76693E-23 1.11043E-22 2.73077E-22 7.64900E-22 3.78321E-21 9.20577E-20
35    0.00000E+00 0.00000E+00 0.00000E+00 6.44557E-26 4.61538E-23 1.24406E-21
36    0.00000E+00 0.00000E+00 0.00000E+00 0.00000E+00 1.53353E-27 1.62228E-25
37    1.41787E-25 6.98235E-25 2.61060E-24 1.02601E-23 5.49665E-23 5.11194E-22
38    1.28875E-24 1.17468E-23 4.48184E-23 1.77832E-22 9.44564E-22 9.66012E-21
39    1.15813E-34 9.26224E-31 1.03897E-28 4.42057E-26 4.40126E-24 2.85987E-22
40    0.00000E+00 0.00000E+00 0.00000E+00 0.00000E+00 1.23547E-27 8.49223E-26
41    0.00000E+00 0.00000E+00 1.13402E-24 1.00605E-23 6.99024E-23 6.33692E-22
42    0.00000E+00 0.00000E+00 0.00000E+00 2.17142E-24 2.06284E-23 3.38050E-22
43    0.00000E+00 0.00000E+00 0.00000E+00 0.00000E+00 0.00000E+00 0.00000E+00
44    0.00000E+00 0.00000E+00 0.00000E+00 0.00000E+00 0.00000E+00 0.00000E+00
45    0.00000E+00 0.00000E+00 0.00000E+00 0.00000E+00 0.00000E+00 0.00000E+00
46    0.00000E+00 0.00000E+00 0.00000E+00 0.00000E+00 0.00000E+00 0.00000E+00
47    0.00000E+00 0.00000E+00 0.00000E+00 0.00000E+00 0.00000E+00 0.00000E+00
48    0.00000E+00 0.00000E+00 0.00000E+00 0.00000E+00 0.00000E+00 0.00000E+00
49    0.00000E+00 0.00000E+00 0.00000E+00 0.00000E+00 0.00000E+00 0.00000E+00
50    0.00000E+00 0.00000E+00 0.00000E+00 0.00000E+00 0.00000E+00 0.00000E+00
51    0.00000E+00 0.00000E+00 0.00000E+00 0.00000E+00 0.00000E+00 0.00000E+00
52    0.00000E+00 0.00000E+00 0.00000E+00 0.00000E+00 0.00000E+00 0.00000E+00
53    0.00000E+00 0.00000E+00 0.00000E+00 0.00000E+00 0.00000E+00 0.00000E+00
54    0.00000E+00 0.00000E+00 0.00000E+00 0.00000E+00 0.00000E+00 0.00000E+00
55    0.00000E+00 0.00000E+00 0.00000E+00 0.00000E+00 0.00000E+00 0.00000E+00
 
 P =          1000  mbar      T =          150  K
 int#     k1          k2          k3          k4          k5          k6
 1    0.00000E+00 0.00000E+00 0.00000E+00 0.00000E+00 0.00000E+00 0.00000E+00
 2    0.00000E+00 0.00000E+00 0.00000E+00 0.00000E+00 0.00000E+00 0.00000E+00
 3    0.00000E+00 0.00000E+00 0.00000E+00 0.00000E+00 0.00000E+00 0.00000E+00
 4    0.00000E+00 0.00000E+00 0.00000E+00 0.00000E+00 0.00000E+00 0.00000E+00
 5    2.13760E-29 2.52660E-29 3.30986E-29 1.06017E-28 3.16654E-28 3.41105E-27
 6    5.37082E-28 1.16555E-27 2.62708E-27 5.34708E-27 2.21780E-26 2.84443E-25
 7    2.57981E-28 6.38446E-28 1.62185E-27 3.81228E-27 1.56001E-26 2.69214E-25
 8    2.43914E-29 4.98427E-29 1.14073E-28 2.71174E-28 6.79407E-28 2.69270E-27
 9    5.81406E-30 2.01082E-29 5.80676E-29 1.40005E-28 3.21457E-28 7.77193E-28
10    2.44451E-30 5.00485E-30 1.25880E-29 2.62729E-29 8.82519E-29 4.79755E-28
11    1.20046E-31 4.68784E-31 1.09985E-30 2.70453E-30 8.64002E-30 7.47683E-29
12    1.13609E-33 4.76410E-33 1.56485E-32 6.12070E-32 2.19093E-31 7.82754E-31
13    4.74480E-34 7.05509E-34 1.42679E-33 8.56157E-33 5.30204E-32 3.31135E-31
14    7.33285E-35 1.35961E-34 3.48371E-34 1.12363E-33 6.25249E-33 4.60545E-32
15    0.00000E+00 9.54284E-43 3.46125E-37 2.58465E-35 2.13093E-34 2.72012E-33
16    0.00000E+00 1.98470E-34 9.18340E-33 3.38740E-31 3.14138E-30 3.31632E-29
17    4.17203E-30 1.35326E-29 3.84759E-29 1.25411E-28 3.61228E-28 1.41209E-27
18    4.17830E-28 1.39434E-27 5.43907E-27 1.89145E-26 6.29715E-26 2.08862E-25
19    5.95324E-26 1.68697E-25 3.65240E-25 8.91398E-25 2.08423E-24 5.94938E-24
20    9.68953E-25 3.37877E-24 7.42729E-24 1.48230E-23 2.85670E-23 6.81464E-23
21    1.08951E-23 4.96100E-23 2.44336E-22 1.73797E-21 8.18000E-21 5.22776E-20
22    2.34448E-21 4.32107E-21 7.47103E-21 2.10012E-20 1.03534E-19 3.62654E-19
23    4.78437E-24 1.13503E-23 3.22531E-23 1.02350E-22 9.97579E-22 1.44690E-20
24    1.07802E-24 3.70905E-24 1.14585E-23 3.55982E-23 2.50136E-22 1.44520E-21
25    1.48439E-24 3.03331E-24 5.32475E-24 1.67980E-23 8.98798E-23 5.14861E-22
26    6.40640E-27 2.58525E-26 7.70391E-26 2.70659E-25 1.75477E-24 2.41850E-23
27    4.24571E-28 1.18866E-27 2.79085E-27 7.10702E-27 2.06059E-26 8.10212E-26
28    1.31044E-30 8.82292E-30 5.03800E-29 2.62228E-28 1.05072E-27 6.64330E-27
29    8.63242E-33 2.83045E-32 1.00103E-31 9.89818E-31 9.95834E-30 1.20261E-28
30    5.08210E-29 1.63193E-27 3.27399E-26 1.23556E-25 6.29354E-25 1.20481E-23
31    7.95865E-26 1.86931E-25 3.70001E-25 8.23858E-25 2.45368E-24 1.34084E-23
32    1.63417E-25 4.85346E-25 1.33985E-24 4.76076E-24 2.16497E-23 1.87604E-22
33    7.28065E-24 3.06541E-23 7.80859E-23 1.93242E-22 5.23618E-22 2.32524E-21
34    1.86423E-22 6.97277E-22 1.63050E-21 3.89654E-21 1.29415E-20 2.57356E-19
35    0.00000E+00 0.00000E+00 0.00000E+00 5.58385E-25 1.95780E-22 5.46394E-21
36    0.00000E+00 0.00000E+00 0.00000E+00 0.00000E+00 1.55870E-26 1.43865E-24
37    1.39865E-24 5.93481E-24 1.62553E-23 3.93968E-23 1.20021E-22 4.99893E-22
38    9.39127E-24 6.46851E-23 2.14672E-22 7.24011E-22 2.39898E-21 9.56135E-21
39    1.25472E-33 9.23425E-30 7.80141E-28 1.55234E-25 2.83841E-23 6.32874E-22
40    0.00000E+00 0.00000E+00 0.00000E+00 0.00000E+00 1.22978E-26 4.53779E-25
41    0.00000E+00 0.00000E+00 1.04136E-23 5.37731E-23 1.64146E-22 5.64856E-22
42    0.00000E+00 0.00000E+00 0.00000E+00 1.87708E-23 8.26970E-23 8.11747E-22
43    0.00000E+00 0.00000E+00 0.00000E+00 0.00000E+00 0.00000E+00 0.00000E+00
44    0.00000E+00 0.00000E+00 0.00000E+00 0.00000E+00 0.00000E+00 0.00000E+00
45    0.00000E+00 0.00000E+00 0.00000E+00 0.00000E+00 0.00000E+00 0.00000E+00
46    0.00000E+00 0.00000E+00 0.00000E+00 0.00000E+00 0.00000E+00 0.00000E+00
47    0.00000E+00 0.00000E+00 0.00000E+00 0.00000E+00 0.00000E+00 0.00000E+00
48    0.00000E+00 0.00000E+00 0.00000E+00 0.00000E+00 0.00000E+00 0.00000E+00
49    0.00000E+00 0.00000E+00 0.00000E+00 0.00000E+00 0.00000E+00 0.00000E+00
50    0.00000E+00 0.00000E+00 0.00000E+00 0.00000E+00 0.00000E+00 0.00000E+00
51    0.00000E+00 0.00000E+00 0.00000E+00 0.00000E+00 0.00000E+00 0.00000E+00
52    0.00000E+00 0.00000E+00 0.00000E+00 0.00000E+00 0.00000E+00 0.00000E+00
53    0.00000E+00 0.00000E+00 0.00000E+00 0.00000E+00 0.00000E+00 0.00000E+00
54    0.00000E+00 0.00000E+00 0.00000E+00 0.00000E+00 0.00000E+00 0.00000E+00
55    0.00000E+00 0.00000E+00 0.00000E+00 0.00000E+00 0.00000E+00 0.00000E+00
 
 P =         10000  mbar      T =          150  K
 int#     k1          k2          k3          k4          k5          k6
 1    0.00000E+00 0.00000E+00 0.00000E+00 0.00000E+00 0.00000E+00 0.00000E+00
 2    0.00000E+00 0.00000E+00 0.00000E+00 0.00000E+00 0.00000E+00 0.00000E+00
 3    0.00000E+00 0.00000E+00 0.00000E+00 0.00000E+00 0.00000E+00 0.00000E+00
 4    0.00000E+00 0.00000E+00 0.00000E+00 0.00000E+00 0.00000E+00 0.00000E+00
 5    1.62562E-28 2.24310E-28 2.42697E-28 4.58259E-28 1.16798E-27 4.20543E-27
 6    3.95941E-27 6.53982E-27 1.75103E-26 2.81744E-26 7.27076E-26 2.06567E-25
 7    2.06018E-27 4.52685E-27 1.22990E-26 2.47478E-26 6.21342E-26 1.98767E-25
 8    1.37288E-28 2.07664E-28 2.88394E-28 3.99495E-28 9.43706E-28 3.00652E-27
 9    4.58387E-29 8.41058E-29 1.25793E-28 1.72268E-28 2.58346E-28 4.53100E-28
10    1.61086E-29 2.00109E-29 4.11143E-29 6.99023E-29 1.17386E-28 1.81709E-28
11    1.03517E-30 1.74364E-30 4.27558E-30 6.88839E-30 1.39929E-29 4.05270E-29
12    1.11756E-32 2.61124E-32 5.58338E-32 1.29400E-31 3.69598E-31 1.02779E-30
13    4.77334E-33 6.81194E-33 1.10849E-32 3.28988E-32 7.58841E-32 1.97675E-31
14    5.73576E-34 1.17227E-33 2.68989E-33 5.12725E-33 1.20238E-32 2.31224E-32
15    1.11771E-37 4.58181E-37 4.05371E-36 1.86253E-34 5.82647E-34 2.15003E-33
16    8.53259E-33 2.74566E-32 1.63052E-31 2.33754E-30 1.05681E-29 2.90025E-29
17    2.54756E-29 4.71838E-29 9.39622E-29 2.42425E-28 5.35925E-28 9.88505E-28
18    1.20869E-27 2.45749E-27 7.92287E-27 3.10741E-26 9.43526E-26 1.92129E-25
19    2.07678E-25 3.73424E-25 6.71002E-25 1.26924E-24 2.18297E-24 3.45602E-24
20    3.66291E-24 6.93843E-24 1.18247E-23 1.94957E-23 2.66132E-23 4.07320E-23
21    4.07531E-23 9.15939E-23 5.04594E-22 4.38061E-21 1.95713E-20 3.51930E-20
22    1.86276E-20 2.66213E-20 3.67620E-20 4.93668E-20 7.68337E-20 2.09318E-19
23    3.10622E-23 4.37757E-23 7.06750E-23 1.92374E-22 1.89977E-21 1.68758E-20
24    9.68311E-24 2.10768E-23 6.99361E-23 1.34085E-22 2.82887E-22 1.02571E-21
25    1.39203E-23 2.31335E-23 3.69657E-23 6.15735E-23 1.07380E-22 2.17865E-22
26    2.21347E-26 3.61786E-26 1.85619E-25 1.12612E-24 5.70594E-24 2.35911E-23
27    2.75618E-27 4.19871E-27 8.16412E-27 1.40763E-26 2.38075E-26 3.49710E-26
28    1.25188E-29 4.22110E-29 1.55233E-28 6.62371E-28 1.62163E-27 4.70585E-27
29    1.51663E-31 3.88009E-31 2.21492E-30 8.96657E-30 2.65003E-29 1.55671E-28
30    3.20763E-28 5.01863E-27 1.15487E-25 8.14772E-25 1.93622E-24 5.79102E-24
31    3.48677E-25 6.93760E-25 1.09012E-24 1.89298E-24 3.51855E-24 7.77553E-24
32    8.03840E-25 3.24364E-24 8.61615E-24 1.71006E-23 4.13254E-23 1.25489E-22
33    3.54432E-23 1.21984E-22 2.04827E-22 3.14197E-22 5.37783E-22 1.94205E-21
34    7.74407E-22 1.62995E-21 3.64956E-21 1.80316E-20 5.10783E-20 1.78900E-19
35    0.00000E+00 0.00000E+00 4.76517E-29 1.74075E-24 5.80977E-22 2.42869E-20
36    0.00000E+00 0.00000E+00 0.00000E+00 0.00000E+00 1.50493E-25 2.11615E-24
37    6.32947E-24 1.53822E-23 2.51978E-23 5.18572E-23 1.46852E-22 4.39211E-22
38    2.18914E-23 1.12082E-22 4.34903E-22 1.50434E-21 2.89056E-21 5.28973E-21
39    2.33416E-30 5.42988E-29 3.44239E-27 3.54604E-25 1.02767E-22 5.72416E-22
40    0.00000E+00 0.00000E+00 0.00000E+00 8.16203E-31 8.90688E-26 5.76085E-25
41    0.00000E+00 4.10215E-26 3.37712E-23 8.86128E-23 1.79344E-22 3.49965E-22
42    0.00000E+00 0.00000E+00 1.39106E-26 7.70434E-23 2.43381E-22 9.05945E-22
43    0.00000E+00 0.00000E+00 0.00000E+00 0.00000E+00 0.00000E+00 0.00000E+00
44    0.00000E+00 0.00000E+00 0.00000E+00 0.00000E+00 0.00000E+00 0.00000E+00
45    0.00000E+00 0.00000E+00 0.00000E+00 0.00000E+00 0.00000E+00 0.00000E+00
46    0.00000E+00 0.00000E+00 0.00000E+00 0.00000E+00 0.00000E+00 0.00000E+00
47    0.00000E+00 0.00000E+00 0.00000E+00 0.00000E+00 0.00000E+00 0.00000E+00
48    0.00000E+00 0.00000E+00 0.00000E+00 0.00000E+00 0.00000E+00 0.00000E+00
49    0.00000E+00 0.00000E+00 0.00000E+00 0.00000E+00 0.00000E+00 0.00000E+00
50    0.00000E+00 0.00000E+00 0.00000E+00 0.00000E+00 0.00000E+00 0.00000E+00
51    0.00000E+00 0.00000E+00 0.00000E+00 0.00000E+00 0.00000E+00 0.00000E+00
52    0.00000E+00 0.00000E+00 0.00000E+00 0.00000E+00 0.00000E+00 0.00000E+00
53    0.00000E+00 0.00000E+00 0.00000E+00 0.00000E+00 0.00000E+00 0.00000E+00
54    0.00000E+00 0.00000E+00 0.00000E+00 0.00000E+00 0.00000E+00 0.00000E+00
55    0.00000E+00 0.00000E+00 0.00000E+00 0.00000E+00 0.00000E+00 0.00000E+00
 
 P =        100000  mbar      T =          150  K
 int#     k1          k2          k3          k4          k5          k6
 1    0.00000E+00 0.00000E+00 0.00000E+00 0.00000E+00 0.00000E+00 0.00000E+00
 2    0.00000E+00 0.00000E+00 0.00000E+00 0.00000E+00 0.00000E+00 0.00000E+00
 3    0.00000E+00 0.00000E+00 0.00000E+00 0.00000E+00 0.00000E+00 0.00000E+00
 4    0.00000E+00 0.00000E+00 0.00000E+00 0.00000E+00 0.00000E+00 0.00000E+00
 5    6.34915E-29 6.16503E-28 1.15723E-27 1.22414E-27 1.44468E-27 2.20175E-27
 6    2.54500E-27 5.32847E-27 1.62398E-26 4.21622E-26 5.67497E-26 6.08372E-26
 7    1.41187E-26 1.81195E-26 2.81862E-26 4.44288E-26 5.94473E-26 6.43106E-26
 8    6.63407E-27 7.24275E-27 8.13004E-27 9.32297E-27 1.11546E-26 1.32980E-26
 9    5.05973E-27 5.10883E-27 5.22930E-27 5.42831E-27 5.94758E-27 6.48082E-27
10    4.80680E-27 5.10298E-27 5.39770E-27 5.54603E-27 5.65147E-27 5.69502E-27
11    2.48731E-27 2.75650E-27 3.22353E-27 3.86053E-27 4.41735E-27 4.74259E-27
12    1.43346E-27 1.53387E-27 1.65862E-27 1.84487E-27 2.13726E-27 2.41974E-27
13    8.62359E-28 9.49480E-28 9.96447E-28 1.19814E-27 1.32430E-27 1.40909E-27
14    4.40259E-28 4.95524E-28 7.83927E-28 2.26873E-27 3.79990E-27 6.68427E-27
15    8.03474E-27 1.77238E-26 4.77719E-26 1.14527E-25 2.18356E-25 3.11652E-25
16    2.76539E-23 3.04590E-23 3.54129E-23 4.19117E-23 4.84714E-23 5.33053E-23
17    5.45659E-23 5.97703E-23 6.86559E-23 8.03417E-23 9.25833E-23 1.01413E-22
18    1.04113E-22 1.14550E-22 1.26424E-22 1.38311E-22 1.89512E-22 2.70469E-22
19    2.89577E-22 3.61410E-22 4.95070E-22 6.91555E-22 8.97375E-22 1.03127E-21
20    3.36582E-22 1.05497E-21 1.31092E-21 1.54152E-21 1.65182E-21 1.67827E-21
21    0.00000E+00 0.00000E+00 0.00000E+00 1.76693E-21 1.07330E-20 1.71966E-20
22    1.60117E-20 2.15432E-20 2.87716E-20 3.46909E-20 4.16966E-20 4.98111E-20
23    0.00000E+00 0.00000E+00 0.00000E+00 0.00000E+00 1.30137E-21 1.08264E-20
24    9.19738E-22 1.33529E-21 1.60044E-21 1.90757E-21 2.06802E-21 2.09986E-21
25    1.56334E-22 1.88745E-22 2.49372E-22 2.66458E-22 4.51271E-22 7.65770E-22
26    5.53456E-23 6.28086E-23 7.61821E-23 9.53651E-23 1.20630E-22 1.44530E-22
27    1.90310E-23 2.23631E-23 2.87374E-23 3.73717E-23 4.64023E-23 5.28633E-23
28    4.21485E-24 5.43170E-24 7.77330E-24 1.12459E-23 1.50816E-23 1.78914E-23
29    5.11745E-25 6.43336E-25 1.02573E-24 1.82452E-24 2.90861E-24 3.86409E-24
30    4.36021E-25 4.55946E-25 6.27018E-25 1.67814E-24 2.36226E-24 4.43710E-24
31    3.17415E-24 3.92235E-24 4.30499E-24 6.46523E-24 1.00516E-23 1.33924E-23
32    1.49015E-23 1.91348E-23 2.95878E-23 4.38796E-23 7.43293E-23 9.33007E-23
33    1.09091E-22 1.93184E-22 3.40827E-22 4.08076E-22 9.28118E-22 1.91797E-21
34    2.71393E-21 4.02782E-21 4.70087E-21 2.69436E-20 4.66101E-20 7.79449E-20
35    1.65940E-22 2.56322E-22 4.71396E-22 2.75630E-21 4.17070E-21 2.64238E-20
36    3.57319E-24 6.05009E-24 1.63770E-23 4.16753E-23 8.76922E-23 1.35628E-22
37    7.87054E-24 4.09002E-23 6.22071E-23 9.66305E-23 1.79284E-22 2.54706E-22
38    2.94781E-23 1.20652E-22 4.84806E-22 1.49378E-21 2.09383E-21 2.77854E-21
39    1.75933E-24 3.18993E-24 1.19392E-23 1.57241E-23 1.95257E-22 5.61321E-22
40    2.48052E-25 2.69339E-25 3.68190E-25 8.62289E-25 1.38301E-24 2.21936E-24
41    0.00000E+00 1.93828E-24 2.69338E-23 1.01576E-22 1.40328E-22 2.06832E-22
42    1.86718E-24 3.20777E-24 1.82561E-23 1.21149E-22 2.67941E-22 4.21940E-22
43    0.00000E+00 0.00000E+00 0.00000E+00 0.00000E+00 0.00000E+00 0.00000E+00
44    0.00000E+00 0.00000E+00 0.00000E+00 0.00000E+00 0.00000E+00 0.00000E+00
45    0.00000E+00 0.00000E+00 0.00000E+00 0.00000E+00 0.00000E+00 0.00000E+00
46    0.00000E+00 0.00000E+00 0.00000E+00 0.00000E+00 0.00000E+00 0.00000E+00
47    0.00000E+00 0.00000E+00 0.00000E+00 0.00000E+00 0.00000E+00 0.00000E+00
48    0.00000E+00 0.00000E+00 0.00000E+00 0.00000E+00 0.00000E+00 0.00000E+00
49    0.00000E+00 0.00000E+00 0.00000E+00 0.00000E+00 0.00000E+00 0.00000E+00
50    0.00000E+00 0.00000E+00 0.00000E+00 0.00000E+00 0.00000E+00 0.00000E+00
51    0.00000E+00 0.00000E+00 0.00000E+00 0.00000E+00 0.00000E+00 0.00000E+00
52    0.00000E+00 0.00000E+00 0.00000E+00 0.00000E+00 0.00000E+00 0.00000E+00
53    0.00000E+00 0.00000E+00 0.00000E+00 0.00000E+00 0.00000E+00 0.00000E+00
54    0.00000E+00 0.00000E+00 0.00000E+00 0.00000E+00 0.00000E+00 0.00000E+00
55    0.00000E+00 0.00000E+00 0.00000E+00 0.00000E+00 0.00000E+00 0.00000E+00
 
 P =             1  mbar      T =          300  K
 int#     k1          k2          k3          k4          k5          k6
 1    0.00000E+00 0.00000E+00 0.00000E+00 0.00000E+00 0.00000E+00 0.00000E+00
 2    0.00000E+00 0.00000E+00 0.00000E+00 0.00000E+00 0.00000E+00 0.00000E+00
 3    0.00000E+00 0.00000E+00 0.00000E+00 0.00000E+00 0.00000E+00 0.00000E+00
 4    0.00000E+00 0.00000E+00 0.00000E+00 0.00000E+00 0.00000E+00 0.00000E+00
 5    0.00000E+00 1.18740E-31 1.46688E-30 3.11457E-29 1.05312E-27 2.74694E-26
 6    0.00000E+00 6.66844E-29 3.94495E-28 2.11427E-27 1.64494E-26 2.85113E-25
 7    1.01076E-29 8.89881E-29 4.08255E-28 2.37920E-27 2.76711E-26 8.41159E-25
 8    1.24010E-29 8.69668E-29 4.12796E-28 2.41220E-27 2.25829E-26 5.85177E-25
 9    4.37009E-30 3.48788E-29 1.46456E-28 8.33597E-28 6.99337E-27 2.04008E-25
10    2.63775E-30 1.02252E-29 3.81890E-29 2.03615E-28 1.67324E-27 6.57037E-26
11    2.70794E-31 1.00612E-30 3.62901E-30 2.09843E-29 1.73226E-28 9.98527E-27
12    1.61672E-32 3.48181E-32 1.24575E-31 5.89786E-31 5.91701E-30 1.90503E-28
13    4.47928E-33 5.84990E-33 1.52464E-32 7.80070E-32 8.20097E-31 4.49081E-29
14    4.42646E-33 6.33140E-33 1.39310E-32 4.89740E-32 2.74586E-31 1.98114E-29
15    0.00000E+00 0.00000E+00 1.33853E-34 6.84754E-33 5.57208E-32 2.83170E-30
16    0.00000E+00 3.55991E-35 1.35638E-33 1.96310E-32 1.60140E-31 3.41644E-30
17    8.74823E-32 2.95911E-31 1.26920E-30 6.59890E-30 4.41296E-29 1.19836E-27
18    1.71607E-29 5.89909E-29 2.14802E-28 8.55718E-28 5.49668E-27 5.37475E-25
19    4.39301E-28 1.17889E-27 3.21965E-27 1.27916E-26 8.89922E-26 1.32321E-23
20    3.69654E-27 1.87067E-26 7.03691E-26 3.24483E-25 3.08181E-24 2.29432E-22
21    2.50762E-25 1.66448E-24 5.44775E-24 2.31261E-23 1.70505E-22 5.50163E-21
22    1.68127E-24 4.39411E-24 1.60177E-23 9.49242E-23 1.06110E-21 2.66379E-20
23    4.78908E-26 2.20637E-25 1.36065E-24 1.09000E-23 8.92199E-23 3.48214E-21
24    3.26769E-27 1.92697E-26 9.33043E-26 8.82743E-25 1.80310E-23 4.77605E-22
25    5.30635E-27 1.42371E-26 4.43886E-26 2.42700E-25 6.17244E-24 1.56225E-22
26    1.88833E-27 7.54282E-27 2.45305E-26 1.06382E-25 2.58237E-24 1.51713E-22
27    2.97369E-28 9.73252E-28 3.06179E-27 1.22315E-26 9.92168E-26 2.13983E-23
28    2.93859E-30 1.54964E-29 7.00015E-29 4.01013E-28 3.32617E-27 2.34203E-25
29    6.24744E-33 1.68612E-32 6.55143E-32 1.33988E-30 9.21284E-30 3.71842E-28
30    6.26236E-30 3.54184E-29 6.92025E-29 2.84175E-28 3.44431E-27 6.69888E-25
31    1.21811E-28 2.95324E-28 9.39550E-28 4.23104E-27 3.17521E-26 6.68401E-24
32    9.08674E-28 2.31861E-27 6.33952E-27 2.34557E-26 1.62384E-25 1.53648E-23
33    1.06660E-26 4.60682E-26 1.69329E-25 7.67023E-25 1.23761E-23 1.92854E-21
34    3.95761E-25 1.39304E-24 4.68867E-24 4.73910E-23 9.78920E-22 2.64925E-20
35    0.00000E+00 0.00000E+00 0.00000E+00 8.42209E-27 3.14545E-24 1.41975E-21
36    0.00000E+00 0.00000E+00 0.00000E+00 0.00000E+00 1.63395E-29 1.69075E-27
37    1.49796E-27 8.05358E-27 2.87648E-26 1.23169E-25 1.56775E-24 5.03709E-22
38    2.06641E-26 1.92349E-25 8.02443E-25 5.18387E-24 1.80102E-22 8.91450E-21
39    1.14506E-33 2.25461E-30 6.53027E-29 5.83853E-27 3.23979E-25 1.34397E-22
40    0.00000E+00 0.00000E+00 0.00000E+00 0.00000E+00 2.13233E-29 1.42359E-27
41    0.00000E+00 0.00000E+00 9.43209E-27 7.91131E-26 1.20921E-24 6.47823E-22
42    0.00000E+00 0.00000E+00 0.00000E+00 1.90284E-26 2.33740E-25 3.32314E-22
43    0.00000E+00 0.00000E+00 0.00000E+00 0.00000E+00 0.00000E+00 0.00000E+00
44    0.00000E+00 0.00000E+00 0.00000E+00 0.00000E+00 0.00000E+00 0.00000E+00
45    0.00000E+00 0.00000E+00 0.00000E+00 0.00000E+00 0.00000E+00 0.00000E+00
46    0.00000E+00 0.00000E+00 0.00000E+00 0.00000E+00 0.00000E+00 0.00000E+00
47    0.00000E+00 0.00000E+00 0.00000E+00 0.00000E+00 0.00000E+00 0.00000E+00
48    0.00000E+00 0.00000E+00 0.00000E+00 0.00000E+00 0.00000E+00 0.00000E+00
49    0.00000E+00 0.00000E+00 0.00000E+00 0.00000E+00 0.00000E+00 0.00000E+00
50    0.00000E+00 0.00000E+00 0.00000E+00 0.00000E+00 0.00000E+00 0.00000E+00
51    0.00000E+00 0.00000E+00 0.00000E+00 0.00000E+00 0.00000E+00 0.00000E+00
52    0.00000E+00 0.00000E+00 0.00000E+00 0.00000E+00 0.00000E+00 0.00000E+00
53    0.00000E+00 0.00000E+00 0.00000E+00 0.00000E+00 0.00000E+00 0.00000E+00
54    0.00000E+00 0.00000E+00 0.00000E+00 0.00000E+00 0.00000E+00 0.00000E+00
55    0.00000E+00 0.00000E+00 0.00000E+00 0.00000E+00 0.00000E+00 0.00000E+00
 
 P =            10  mbar      T =          300  K
 int#     k1          k2          k3          k4          k5          k6
 1    0.00000E+00 0.00000E+00 0.00000E+00 0.00000E+00 0.00000E+00 0.00000E+00
 2    0.00000E+00 0.00000E+00 0.00000E+00 0.00000E+00 0.00000E+00 0.00000E+00
 3    0.00000E+00 0.00000E+00 0.00000E+00 0.00000E+00 0.00000E+00 0.00000E+00
 4    0.00000E+00 0.00000E+00 0.00000E+00 0.00000E+00 0.00000E+00 0.00000E+00
 5    8.01470E-31 2.12763E-30 1.87459E-29 1.42993E-28 1.60894E-27 3.25662E-26
 6    1.75184E-28 4.51339E-28 1.42001E-27 5.29194E-27 2.76708E-26 3.75020E-25
 7    2.78989E-28 7.90156E-28 2.32266E-27 9.89043E-27 6.74038E-26 1.32020E-24
 8    2.18187E-28 7.43163E-28 2.66832E-27 1.09838E-26 6.22014E-26 9.23214E-25
 9    5.97654E-29 3.36398E-28 1.16700E-27 4.57217E-27 2.53500E-26 3.93718E-25
10    2.70857E-29 9.78347E-29 3.26131E-28 1.32617E-27 8.22305E-27 1.36923E-25
11    2.73541E-30 1.13237E-29 3.64850E-29 1.70465E-28 1.09813E-27 2.48262E-26
12    1.61457E-31 3.53124E-31 1.34141E-30 5.98132E-30 4.24591E-29 1.19275E-27
13    4.44749E-32 5.81625E-32 1.52825E-31 8.02146E-31 8.34283E-30 3.18282E-28
14    4.40215E-32 6.32348E-32 1.39008E-31 4.89315E-31 2.81078E-30 1.48333E-28
15    0.00000E+00 0.00000E+00 1.33798E-33 6.89461E-32 5.57671E-31 2.22491E-29
16    0.00000E+00 3.55548E-34 1.35521E-32 1.94667E-31 1.60315E-30 3.25373E-29
17    8.75002E-31 2.96770E-30 1.28400E-29 6.48070E-29 4.40103E-28 1.18083E-26
18    1.71476E-28 5.85580E-28 2.14972E-27 8.53690E-27 5.38583E-26 1.64610E-24
19    4.43641E-27 1.17621E-26 3.21890E-26 1.26559E-25 7.62733E-25 2.30675E-23
20    3.68393E-26 1.85727E-25 6.75392E-25 2.76300E-24 1.68004E-23 3.55528E-22
21    2.44907E-24 1.54316E-23 4.59515E-23 1.50559E-22 7.81433E-22 1.42953E-20
22    1.66346E-23 4.22529E-23 1.29793E-22 6.04582E-22 4.65219E-21 7.64947E-20
23    4.78271E-25 2.06385E-24 1.01229E-23 5.20860E-23 3.37759E-22 7.59389E-21
24    3.27474E-26 1.88909E-25 8.64363E-25 5.53415E-24 4.16598E-23 7.50304E-22
25    5.30807E-26 1.42278E-25 4.31821E-25 1.93634E-24 1.54386E-23 2.44213E-22
26    1.88518E-26 7.54448E-26 2.44046E-25 9.97465E-25 8.80640E-24 1.68965E-22
27    2.96814E-27 9.71896E-27 3.05907E-26 1.22185E-25 8.77893E-25 2.58492E-23
28    2.93863E-29 1.54760E-28 7.02526E-28 4.03178E-27 3.34468E-26 1.63733E-24
29    6.24599E-32 1.68845E-31 6.55371E-31 1.35931E-29 9.20562E-29 3.71586E-27
30    6.29638E-29 3.50960E-28 6.92001E-28 2.83397E-27 3.37743E-26 2.63075E-24
31    1.21689E-27 2.95076E-27 9.37981E-27 4.21955E-26 3.01591E-25 1.11242E-23
32    9.07863E-27 2.32098E-26 6.29909E-26 2.33708E-25 1.57472E-24 7.38691E-23
33    1.06926E-25 4.60270E-25 1.69253E-24 7.61770E-24 7.75949E-23 2.09198E-21
34    3.95883E-24 1.38345E-23 4.34884E-23 2.32844E-22 1.82273E-21 4.11786E-20
35    0.00000E+00 0.00000E+00 0.00000E+00 8.38106E-26 2.93466E-23 2.14097E-21
36    0.00000E+00 0.00000E+00 0.00000E+00 0.00000E+00 1.60786E-28 1.68158E-26
37    1.48669E-26 8.05237E-26 2.87190E-25 1.22528E-24 1.19020E-23 5.27457E-22
38    2.06222E-25 1.91378E-24 7.58256E-24 3.74845E-23 3.54669E-22 9.11947E-21
39    1.13537E-32 2.20083E-29 6.58108E-28 5.73183E-26 1.76695E-24 1.74518E-22
40    0.00000E+00 0.00000E+00 0.00000E+00 0.00000E+00 2.13135E-28 1.43201E-26
41    0.00000E+00 0.00000E+00 9.30572E-26 7.85181E-25 9.32512E-24 6.43051E-22
42    0.00000E+00 0.00000E+00 0.00000E+00 1.89904E-25 2.31041E-24 3.45320E-22
43    0.00000E+00 0.00000E+00 0.00000E+00 0.00000E+00 0.00000E+00 0.00000E+00
44    0.00000E+00 0.00000E+00 0.00000E+00 0.00000E+00 0.00000E+00 0.00000E+00
45    0.00000E+00 0.00000E+00 0.00000E+00 0.00000E+00 0.00000E+00 0.00000E+00
46    0.00000E+00 0.00000E+00 0.00000E+00 0.00000E+00 0.00000E+00 0.00000E+00
47    0.00000E+00 0.00000E+00 0.00000E+00 0.00000E+00 0.00000E+00 0.00000E+00
48    0.00000E+00 0.00000E+00 0.00000E+00 0.00000E+00 0.00000E+00 0.00000E+00
49    0.00000E+00 0.00000E+00 0.00000E+00 0.00000E+00 0.00000E+00 0.00000E+00
50    0.00000E+00 0.00000E+00 0.00000E+00 0.00000E+00 0.00000E+00 0.00000E+00
51    0.00000E+00 0.00000E+00 0.00000E+00 0.00000E+00 0.00000E+00 0.00000E+00
52    0.00000E+00 0.00000E+00 0.00000E+00 0.00000E+00 0.00000E+00 0.00000E+00
53    0.00000E+00 0.00000E+00 0.00000E+00 0.00000E+00 0.00000E+00 0.00000E+00
54    0.00000E+00 0.00000E+00 0.00000E+00 0.00000E+00 0.00000E+00 0.00000E+00
55    0.00000E+00 0.00000E+00 0.00000E+00 0.00000E+00 0.00000E+00 0.00000E+00
 
 P =           100  mbar      T =          300  K
 int#     k1          k2          k3          k4          k5          k6
 1    0.00000E+00 0.00000E+00 0.00000E+00 0.00000E+00 0.00000E+00 0.00000E+00
 2    0.00000E+00 0.00000E+00 0.00000E+00 0.00000E+00 0.00000E+00 0.00000E+00
 3    0.00000E+00 0.00000E+00 0.00000E+00 0.00000E+00 0.00000E+00 0.00000E+00
 4    0.00000E+00 0.00000E+00 0.00000E+00 0.00000E+00 0.00000E+00 0.00000E+00
 5    7.30053E-30 1.82173E-29 1.48488E-28 1.10848E-27 7.87428E-27 7.00119E-26
 6    1.53593E-27 3.36620E-27 8.22765E-27 2.17725E-26 7.63204E-26 5.95111E-25
 7    2.54021E-27 6.05321E-27 1.49299E-26 4.46420E-26 2.05210E-25 2.30390E-24
 8    1.95841E-27 5.38294E-27 1.69051E-26 4.80658E-26 1.81884E-25 1.51343E-24
 9    5.43129E-28 2.68655E-27 8.66019E-27 2.46768E-26 8.97456E-26 6.92018E-25
10    2.69189E-28 8.77392E-28 2.61408E-27 8.27083E-27 3.30573E-26 3.01793E-25
11    2.77117E-29 1.08599E-28 3.41580E-28 1.32674E-27 6.15144E-27 6.12722E-26
12    1.63520E-30 3.57432E-30 1.37433E-29 5.54908E-29 3.16661E-28 4.18915E-27
13    4.45480E-31 5.82410E-31 1.53108E-30 8.06287E-30 8.12273E-29 2.12729E-27
14    4.41639E-31 6.32486E-31 1.37658E-30 4.90167E-30 2.91633E-29 1.20059E-27
15    0.00000E+00 0.00000E+00 1.33760E-32 6.83035E-31 5.59657E-30 2.03023E-28
16    0.00000E+00 3.55709E-33 1.35527E-31 1.94571E-30 1.63958E-29 3.13717E-28
17    8.74620E-30 2.97619E-29 1.29448E-28 6.45076E-28 4.33296E-27 7.29662E-26
18    1.72061E-27 5.85386E-27 2.12524E-26 8.11240E-26 4.05114E-25 4.14822E-24
19    4.40383E-26 1.14806E-25 3.07223E-25 1.10012E-24 5.29885E-24 3.83397E-23
20    3.63636E-25 1.69545E-24 5.70358E-24 1.86194E-23 7.91429E-23 6.47618E-22
21    2.20538E-23 1.23559E-22 3.52323E-22 1.02349E-21 4.14313E-21 6.75767E-20
22    1.61672E-22 3.89431E-22 1.01933E-21 3.54089E-21 2.12476E-20 3.54421E-19
23    4.60637E-24 1.49784E-23 5.82672E-23 2.82355E-22 1.71037E-21 2.53552E-20
24    3.21459E-25 1.68276E-24 6.51556E-24 2.43999E-23 1.40972E-22 1.72531E-21
25    5.27421E-25 1.37015E-24 3.66468E-24 1.10106E-23 4.89268E-23 6.33160E-22
26    1.88944E-25 7.48439E-25 2.28739E-24 7.09831E-24 2.86383E-23 2.00166E-22
27    2.97096E-26 9.74345E-26 3.03333E-25 1.14231E-24 4.89654E-24 3.73686E-23
28    2.93708E-28 1.55055E-27 7.04261E-27 4.03242E-26 3.28763E-25 6.34559E-24
29    6.24214E-31 1.68879E-30 6.55025E-30 1.36111E-28 9.24617E-28 3.54769E-26
30    6.33086E-28 3.51380E-27 6.90927E-27 2.81503E-26 3.07992E-25 9.06336E-24
31    1.21633E-26 2.95506E-26 9.36367E-26 4.10706E-25 2.31737E-24 2.89940E-23
32    9.08793E-26 2.32696E-25 6.26027E-25 2.30214E-24 1.43392E-23 3.04617E-22
33    1.06632E-24 4.60323E-24 1.68752E-23 7.21511E-23 3.57827E-22 2.72367E-21
34    3.94532E-23 1.33544E-22 3.46784E-22 1.03725E-21 5.09507E-21 1.09000E-19
35    0.00000E+00 0.00000E+00 0.00000E+00 8.50164E-25 2.44938E-22 4.88189E-21
36    0.00000E+00 0.00000E+00 0.00000E+00 0.00000E+00 1.62423E-27 1.68449E-25
37    1.49158E-25 8.05681E-25 2.87755E-24 1.20728E-23 7.52225E-23 7.06943E-22
38    2.06591E-24 1.87920E-23 6.84093E-23 2.52526E-22 1.30110E-21 1.05882E-20
39    1.14205E-31 2.27148E-28 6.56527E-27 5.59540E-25 8.26040E-24 4.15965E-22
40    0.00000E+00 0.00000E+00 0.00000E+00 0.00000E+00 2.12891E-27 1.42851E-25
41    0.00000E+00 0.00000E+00 9.43510E-25 7.90452E-24 7.24461E-23 6.27043E-22
42    0.00000E+00 0.00000E+00 0.00000E+00 1.89906E-24 2.25390E-23 4.28757E-22
43    0.00000E+00 0.00000E+00 0.00000E+00 0.00000E+00 0.00000E+00 0.00000E+00
44    0.00000E+00 0.00000E+00 0.00000E+00 0.00000E+00 0.00000E+00 0.00000E+00
45    0.00000E+00 0.00000E+00 0.00000E+00 0.00000E+00 0.00000E+00 0.00000E+00
46    0.00000E+00 0.00000E+00 0.00000E+00 0.00000E+00 0.00000E+00 0.00000E+00
47    0.00000E+00 0.00000E+00 0.00000E+00 0.00000E+00 0.00000E+00 0.00000E+00
48    0.00000E+00 0.00000E+00 0.00000E+00 0.00000E+00 0.00000E+00 0.00000E+00
49    0.00000E+00 0.00000E+00 0.00000E+00 0.00000E+00 0.00000E+00 0.00000E+00
50    0.00000E+00 0.00000E+00 0.00000E+00 0.00000E+00 0.00000E+00 0.00000E+00
51    0.00000E+00 0.00000E+00 0.00000E+00 0.00000E+00 0.00000E+00 0.00000E+00
52    0.00000E+00 0.00000E+00 0.00000E+00 0.00000E+00 0.00000E+00 0.00000E+00
53    0.00000E+00 0.00000E+00 0.00000E+00 0.00000E+00 0.00000E+00 0.00000E+00
54    0.00000E+00 0.00000E+00 0.00000E+00 0.00000E+00 0.00000E+00 0.00000E+00
55    0.00000E+00 0.00000E+00 0.00000E+00 0.00000E+00 0.00000E+00 0.00000E+00
 
 P =          1000  mbar      T =          300  K
 int#     k1          k2          k3          k4          k5          k6
 1    0.00000E+00 0.00000E+00 0.00000E+00 0.00000E+00 0.00000E+00 0.00000E+00
 2    0.00000E+00 0.00000E+00 0.00000E+00 0.00000E+00 0.00000E+00 0.00000E+00
 3    0.00000E+00 0.00000E+00 0.00000E+00 0.00000E+00 0.00000E+00 0.00000E+00
 4    0.00000E+00 0.00000E+00 0.00000E+00 0.00000E+00 0.00000E+00 0.00000E+00
 5    5.41433E-29 1.40493E-28 8.24730E-28 5.46540E-27 1.95470E-26 6.84918E-26
 6    1.06660E-26 1.75272E-26 3.05901E-26 5.71256E-26 1.27760E-25 6.72390E-25
 7    1.91995E-26 3.48811E-26 6.82743E-26 1.43125E-25 4.70249E-25 2.56272E-24
 8    1.53534E-26 2.64107E-26 6.18257E-26 1.56973E-25 3.60334E-25 1.12812E-24
 9    4.28540E-27 1.52194E-26 3.78383E-26 9.11602E-26 1.90103E-25 4.43264E-25
10    2.52074E-27 5.93410E-27 1.29608E-26 3.25551E-26 7.15071E-26 1.85101E-25
11    2.74169E-28 8.83933E-28 2.41394E-27 5.57423E-27 1.53257E-26 5.18946E-26
12    1.60709E-29 3.53071E-29 1.26155E-28 3.80806E-28 1.08163E-27 3.52335E-27
13    4.43965E-30 5.81449E-30 1.54442E-29 7.74122E-29 5.48072E-28 4.35183E-27
14    4.41533E-30 6.32550E-30 1.37414E-29 4.90715E-29 2.79415E-28 2.91237E-27
15    0.00000E+00 0.00000E+00 1.33887E-31 6.95446E-30 5.56475E-29 8.52801E-28
16    0.00000E+00 3.56281E-32 1.36637E-30 1.91561E-29 1.58333E-28 2.20223E-27
17    8.71962E-29 2.91237E-28 1.21619E-27 5.26728E-27 1.91747E-26 6.98389E-26
18    1.63638E-26 4.68395E-26 1.33124E-25 3.96312E-25 1.00466E-24 2.81233E-24
19    3.84806E-25 9.20859E-25 1.93007E-24 4.11890E-24 9.31625E-24 2.15514E-23
20    2.86155E-24 8.62590E-24 2.40551E-23 5.70971E-23 1.84747E-22 9.46691E-22
21    1.56765E-22 6.40402E-22 1.96917E-21 5.49631E-21 1.89712E-20 9.19249E-20
22    1.32919E-21 2.70351E-21 5.14141E-21 1.62365E-20 8.89545E-20 2.80377E-19
23    3.08950E-23 7.64406E-23 2.62425E-22 8.84300E-22 6.19724E-21 5.12651E-20
24    2.20831E-24 7.29382E-24 2.30336E-23 7.14938E-23 3.86858E-22 2.05541E-21
25    3.92995E-24 7.50703E-24 1.53850E-23 3.92163E-23 1.40071E-22 7.57319E-22
26    1.55809E-24 4.41847E-24 9.61361E-24 1.71716E-23 4.21078E-23 2.43429E-22
27    2.88757E-25 7.97377E-25 1.69786E-24 3.74398E-24 9.83278E-24 3.23759E-23
28    2.94728E-27 1.53913E-26 6.99125E-26 3.44767E-25 1.51799E-24 1.07026E-23
29    6.24253E-30 1.68905E-29 6.54809E-29 1.34083E-27 8.55914E-27 1.05707E-25
30    6.11615E-27 3.29129E-26 6.49036E-26 1.95136E-25 1.14918E-24 1.22500E-23
31    1.18813E-25 2.71649E-25 6.57643E-25 1.88153E-24 7.02913E-24 4.82487E-23
32    8.41224E-25 2.15788E-24 5.61941E-24 1.89693E-23 7.88898E-23 5.06172E-22
33    1.03696E-23 3.91671E-23 1.10100E-22 2.65720E-22 6.72380E-22 2.48546E-21
34    2.61682E-22 7.73400E-22 1.63908E-21 3.63329E-21 1.35718E-20 2.57229E-19
35    0.00000E+00 0.00000E+00 0.00000E+00 7.64819E-24 1.39036E-21 1.61278E-20
36    0.00000E+00 0.00000E+00 0.00000E+00 0.00000E+00 1.60942E-26 1.58904E-24
37    1.47717E-24 7.54255E-24 2.11693E-23 5.29322E-23 1.59296E-22 6.89474E-22
38    1.80400E-23 1.22121E-22 3.54779E-22 9.31224E-22 2.63239E-21 8.42316E-21
39    1.12723E-30 2.18817E-27 6.29954E-26 3.09978E-24 3.44080E-23 6.84038E-22
40    0.00000E+00 0.00000E+00 0.00000E+00 0.00000E+00 2.12551E-26 9.17719E-25
41    0.00000E+00 0.00000E+00 9.11343E-24 5.32552E-23 1.58475E-22 4.59007E-22
42    0.00000E+00 0.00000E+00 0.00000E+00 1.82668E-23 9.55144E-23 8.58573E-22
43    0.00000E+00 0.00000E+00 0.00000E+00 0.00000E+00 0.00000E+00 0.00000E+00
44    0.00000E+00 0.00000E+00 0.00000E+00 0.00000E+00 0.00000E+00 0.00000E+00
45    0.00000E+00 0.00000E+00 0.00000E+00 0.00000E+00 0.00000E+00 0.00000E+00
46    0.00000E+00 0.00000E+00 0.00000E+00 0.00000E+00 0.00000E+00 0.00000E+00
47    0.00000E+00 0.00000E+00 0.00000E+00 0.00000E+00 0.00000E+00 0.00000E+00
48    0.00000E+00 0.00000E+00 0.00000E+00 0.00000E+00 0.00000E+00 0.00000E+00
49    0.00000E+00 0.00000E+00 0.00000E+00 0.00000E+00 0.00000E+00 0.00000E+00
50    0.00000E+00 0.00000E+00 0.00000E+00 0.00000E+00 0.00000E+00 0.00000E+00
51    0.00000E+00 0.00000E+00 0.00000E+00 0.00000E+00 0.00000E+00 0.00000E+00
52    0.00000E+00 0.00000E+00 0.00000E+00 0.00000E+00 0.00000E+00 0.00000E+00
53    0.00000E+00 0.00000E+00 0.00000E+00 0.00000E+00 0.00000E+00 0.00000E+00
54    0.00000E+00 0.00000E+00 0.00000E+00 0.00000E+00 0.00000E+00 0.00000E+00
55    0.00000E+00 0.00000E+00 0.00000E+00 0.00000E+00 0.00000E+00 0.00000E+00
 
 P =         10000  mbar      T =          300  K
 int#     k1          k2          k3          k4          k5          k6
 1    0.00000E+00 0.00000E+00 0.00000E+00 0.00000E+00 0.00000E+00 0.00000E+00
 2    0.00000E+00 0.00000E+00 0.00000E+00 0.00000E+00 0.00000E+00 0.00000E+00
 3    0.00000E+00 0.00000E+00 0.00000E+00 0.00000E+00 0.00000E+00 0.00000E+00
 4    0.00000E+00 0.00000E+00 0.00000E+00 0.00000E+00 0.00000E+00 0.00000E+00
 5    3.25520E-28 5.54420E-28 2.25605E-27 7.95959E-27 2.02456E-26 4.90878E-26
 6    2.67341E-26 3.75362E-26 5.46106E-26 8.16803E-26 1.81617E-25 4.33222E-25
 7    9.74940E-26 1.29620E-25 2.11606E-25 3.27995E-25 6.26503E-25 1.26324E-24
 8    7.24488E-26 1.07912E-25 1.54068E-25 2.06164E-25 3.67381E-25 6.55400E-25
 9    2.60149E-26 5.22039E-26 7.45009E-26 1.09155E-25 1.61659E-25 2.51158E-25
10    1.04764E-26 1.79902E-26 2.83237E-26 4.39199E-26 6.43707E-26 9.88127E-26
11    1.83159E-27 3.05468E-27 5.33448E-27 9.31566E-27 1.40817E-26 2.98719E-26
12    8.84376E-29 1.72663E-28 2.86974E-28 6.26438E-28 1.29954E-27 1.96653E-27
13    4.36779E-29 5.57748E-29 9.84901E-29 3.00036E-28 1.01247E-27 1.95294E-27
14    4.37665E-29 6.05843E-29 1.23493E-28 3.14779E-28 6.29873E-28 1.36674E-27
15    2.74801E-34 5.16398E-32 1.41270E-30 6.12342E-29 1.97155E-28 5.28645E-28
16    1.93769E-31 7.36151E-31 1.38230E-29 1.67816E-28 6.65571E-28 1.27617E-27
17    7.24231E-28 1.32779E-27 2.15691E-27 9.57527E-27 2.55026E-26 5.91682E-26
18    5.74429E-26 1.10831E-25 2.55975E-25 5.53075E-25 1.13524E-24 2.02360E-24
19    1.38650E-24 2.14514E-24 3.06678E-24 5.44441E-24 7.84478E-24 1.44553E-23
20    7.69733E-24 1.47918E-23 3.35179E-23 8.70163E-23 2.28107E-22 7.60814E-22
21    5.68580E-22 2.10222E-21 5.19888E-21 1.41808E-20 2.65942E-20 4.00892E-20
22    8.01723E-21 1.52274E-20 2.50199E-20 3.69122E-20 6.87913E-20 1.92517E-19
23    1.67020E-22 2.27626E-22 4.03395E-22 1.38014E-21 1.59689E-20 4.14111E-20
24    1.00672E-23 2.12029E-23 5.99789E-23 2.05427E-22 5.94946E-22 1.35535E-21
25    1.77711E-23 3.13653E-23 5.57417E-23 1.03530E-22 1.80647E-22 3.81570E-22
26    5.04935E-24 9.43685E-24 1.61844E-23 2.73870E-23 5.67478E-23 1.54080E-22
27    1.70801E-24 2.85223E-24 4.19407E-24 6.44842E-24 1.01327E-23 1.51356E-23
28    2.81377E-26 9.35038E-26 2.55963E-25 1.00229E-24 2.67469E-24 7.44708E-24
29    1.07672E-28 2.03517E-28 6.94644E-28 9.45474E-27 2.35983E-26 7.18074E-26
30    2.73324E-26 1.35397E-25 3.87319E-25 6.78438E-25 1.86256E-24 5.54257E-24
31    4.95913E-25 1.30236E-24 2.42203E-24 4.82078E-24 9.68192E-24 4.36101E-23
32    6.07031E-24 1.51553E-23 2.84132E-23 5.81304E-23 1.22428E-22 2.37960E-22
33    5.23699E-23 1.27321E-22 2.28511E-22 3.56485E-22 7.01361E-22 1.99076E-21
34    8.63835E-22 1.81068E-21 5.39702E-21 1.33467E-20 3.91463E-20 1.71570E-19
35    0.00000E+00 0.00000E+00 0.00000E+00 1.65436E-23 6.35611E-21 5.16604E-20
36    0.00000E+00 0.00000E+00 0.00000E+00 0.00000E+00 1.58914E-25 3.22805E-24
37    8.45552E-24 2.27984E-23 3.41715E-23 7.73850E-23 2.00330E-22 4.71419E-22
38    4.92087E-23 2.43451E-22 8.38789E-22 1.56109E-21 2.64561E-21 4.62272E-21
39    8.17238E-29 2.09006E-26 1.82853E-25 9.24009E-24 9.42394E-23 5.33440E-22
40    0.00000E+00 0.00000E+00 0.00000E+00 0.00000E+00 1.71875E-25 1.22261E-24
41    0.00000E+00 4.22355E-27 3.45548E-23 8.61874E-23 1.67168E-22 3.04179E-22
42    0.00000E+00 0.00000E+00 9.75083E-27 7.91129E-23 2.03893E-22 9.92558E-22
43    0.00000E+00 0.00000E+00 0.00000E+00 0.00000E+00 0.00000E+00 0.00000E+00
44    0.00000E+00 0.00000E+00 0.00000E+00 0.00000E+00 0.00000E+00 0.00000E+00
45    0.00000E+00 0.00000E+00 0.00000E+00 0.00000E+00 0.00000E+00 0.00000E+00
46    0.00000E+00 0.00000E+00 0.00000E+00 0.00000E+00 0.00000E+00 0.00000E+00
47    0.00000E+00 0.00000E+00 0.00000E+00 0.00000E+00 0.00000E+00 0.00000E+00
48    0.00000E+00 0.00000E+00 0.00000E+00 0.00000E+00 0.00000E+00 0.00000E+00
49    0.00000E+00 0.00000E+00 0.00000E+00 0.00000E+00 0.00000E+00 0.00000E+00
50    0.00000E+00 0.00000E+00 0.00000E+00 0.00000E+00 0.00000E+00 0.00000E+00
51    0.00000E+00 0.00000E+00 0.00000E+00 0.00000E+00 0.00000E+00 0.00000E+00
52    0.00000E+00 0.00000E+00 0.00000E+00 0.00000E+00 0.00000E+00 0.00000E+00
53    0.00000E+00 0.00000E+00 0.00000E+00 0.00000E+00 0.00000E+00 0.00000E+00
54    0.00000E+00 0.00000E+00 0.00000E+00 0.00000E+00 0.00000E+00 0.00000E+00
55    0.00000E+00 0.00000E+00 0.00000E+00 0.00000E+00 0.00000E+00 0.00000E+00
 
 P =        100000  mbar      T =          300  K
 int#     k1          k2          k3          k4          k5          k6
 1    0.00000E+00 0.00000E+00 0.00000E+00 0.00000E+00 0.00000E+00 0.00000E+00
 2    0.00000E+00 0.00000E+00 0.00000E+00 0.00000E+00 0.00000E+00 0.00000E+00
 3    0.00000E+00 0.00000E+00 0.00000E+00 0.00000E+00 0.00000E+00 0.00000E+00
 4    0.00000E+00 0.00000E+00 0.00000E+00 0.00000E+00 0.00000E+00 0.00000E+00
 5    1.64569E-28 2.05482E-27 4.08002E-27 8.10565E-27 1.63151E-26 2.31067E-26
 6    2.45084E-26 3.04073E-26 4.58542E-26 9.66601E-26 1.42264E-25 2.00983E-25
 7    2.18918E-25 2.52401E-25 3.06719E-25 3.31768E-25 3.47570E-25 3.56476E-25
 8    1.39038E-25 1.86335E-25 2.10267E-25 2.21889E-25 2.70729E-25 2.98499E-25
 9    7.29235E-26 8.43929E-26 1.00143E-25 1.20624E-25 1.38289E-25 1.49695E-25
10    3.37709E-26 4.10299E-26 4.84742E-26 5.77142E-26 6.81037E-26 7.16880E-26
11    1.17673E-26 1.33608E-26 1.71153E-26 2.19261E-26 2.93522E-26 3.23271E-26
12    4.71652E-27 5.51657E-27 6.76614E-27 8.39834E-27 1.00720E-26 1.12359E-26
13    2.33963E-27 2.47484E-27 3.02968E-27 3.24755E-27 4.05199E-27 4.49725E-27
14    8.94514E-28 1.14639E-27 1.27346E-27 1.70056E-27 1.84721E-27 2.18072E-27
15    1.73681E-28 2.04117E-28 2.83011E-28 5.05073E-28 7.40519E-28 8.58266E-28
16    3.47593E-24 4.38786E-24 6.14755E-24 8.72560E-24 1.16446E-23 1.38489E-23
17    1.46097E-23 1.71079E-23 2.16013E-23 2.76615E-23 3.42336E-23 3.92054E-23
18    4.10039E-23 4.68174E-23 5.90612E-23 7.96509E-23 1.04205E-22 1.23243E-22
19    1.28185E-22 1.42306E-22 1.64414E-22 1.92281E-22 2.07467E-22 2.22014E-22
20    2.33741E-22 3.11263E-22 5.49488E-22 9.86641E-22 1.51004E-21 2.03441E-21
21    2.29822E-21 3.44486E-21 6.08045E-21 1.33780E-20 2.03120E-20 2.13853E-20
22    2.10338E-20 2.46804E-20 2.88977E-20 3.40009E-20 4.45157E-20 6.11158E-20
23    1.45222E-21 1.77057E-21 2.23630E-21 4.33335E-21 1.66265E-20 3.03885E-20
24    3.48567E-22 3.63753E-22 4.56011E-22 7.10764E-22 8.99716E-22 1.28469E-21
25    1.29958E-22 1.44751E-22 1.62727E-22 1.73300E-22 2.58585E-22 5.34507E-22
26    1.58772E-23 1.86257E-23 3.45376E-23 5.54994E-23 9.23175E-23 1.18045E-22
27    3.98785E-24 5.44189E-24 6.31120E-24 9.18855E-24 1.20440E-23 1.47338E-23
28    3.26201E-25 4.50024E-25 7.29374E-25 1.93673E-24 2.75096E-24 3.69823E-24
29    1.29845E-25 1.32164E-25 1.55737E-25 2.03766E-25 2.63743E-25 2.98557E-25
30    1.39467E-25 2.21405E-25 6.40272E-25 1.36207E-24 1.48579E-24 4.70323E-24
31    1.94891E-24 3.02569E-24 4.42347E-24 6.86484E-24 1.44955E-23 2.38088E-23
32    2.36882E-23 3.53581E-23 5.40632E-23 6.17855E-23 9.00886E-23 1.03644E-22
33    1.10489E-22 1.51696E-22 2.20619E-22 4.83992E-22 9.53389E-22 1.44468E-21
34    1.62792E-21 2.41155E-21 1.26170E-20 2.63673E-20 4.04505E-20 1.03197E-19
35    4.44331E-23 9.44482E-23 3.30280E-22 1.06438E-21 1.30327E-20 4.38111E-20
36    4.26703E-25 5.78370E-25 1.72570E-24 3.92927E-24 1.07487E-23 2.97040E-23
37    1.11854E-23 3.02198E-23 4.40659E-23 7.83829E-23 1.94225E-22 2.70889E-22
38    1.03596E-22 2.95183E-22 8.34422E-22 1.53244E-21 2.03147E-21 2.94984E-21
39    4.02014E-25 6.80132E-25 3.95289E-24 2.07191E-23 1.20357E-22 4.58611E-22
40    1.37111E-26 3.47209E-26 7.46394E-26 2.77272E-25 4.74432E-25 6.59574E-25
41    7.75971E-25 4.26854E-24 3.80921E-23 7.71966E-23 1.49720E-22 1.88267E-22
42    6.82595E-25 1.88555E-24 5.98272E-24 1.50674E-22 2.84912E-22 4.47809E-22
43    0.00000E+00 0.00000E+00 0.00000E+00 0.00000E+00 0.00000E+00 0.00000E+00
44    0.00000E+00 0.00000E+00 0.00000E+00 0.00000E+00 0.00000E+00 0.00000E+00
45    0.00000E+00 0.00000E+00 0.00000E+00 0.00000E+00 0.00000E+00 0.00000E+00
46    0.00000E+00 0.00000E+00 0.00000E+00 0.00000E+00 0.00000E+00 0.00000E+00
47    0.00000E+00 0.00000E+00 0.00000E+00 0.00000E+00 0.00000E+00 0.00000E+00
48    0.00000E+00 0.00000E+00 0.00000E+00 0.00000E+00 0.00000E+00 0.00000E+00
49    0.00000E+00 0.00000E+00 0.00000E+00 0.00000E+00 0.00000E+00 0.00000E+00
50    0.00000E+00 0.00000E+00 0.00000E+00 0.00000E+00 0.00000E+00 0.00000E+00
51    0.00000E+00 0.00000E+00 0.00000E+00 0.00000E+00 0.00000E+00 0.00000E+00
52    0.00000E+00 0.00000E+00 0.00000E+00 0.00000E+00 0.00000E+00 0.00000E+00
53    0.00000E+00 0.00000E+00 0.00000E+00 0.00000E+00 0.00000E+00 0.00000E+00
54    0.00000E+00 0.00000E+00 0.00000E+00 0.00000E+00 0.00000E+00 0.00000E+00
55    0.00000E+00 0.00000E+00 0.00000E+00 0.00000E+00 0.00000E+00 0.00000E+00
 
 P =             1  mbar      T =          600  K
 int#     k1          k2          k3          k4          k5          k6
 1    0.00000E+00 0.00000E+00 0.00000E+00 0.00000E+00 0.00000E+00 0.00000E+00
 2    0.00000E+00 0.00000E+00 0.00000E+00 0.00000E+00 0.00000E+00 0.00000E+00
 3    0.00000E+00 0.00000E+00 0.00000E+00 0.00000E+00 0.00000E+00 0.00000E+00
 4    0.00000E+00 0.00000E+00 0.00000E+00 0.00000E+00 0.00000E+00 0.00000E+00
 5    0.00000E+00 4.79204E-31 1.38875E-29 3.42829E-28 6.84136E-27 1.60032E-25
 6    1.01824E-28 1.23407E-27 5.93967E-27 2.47498E-26 1.67487E-25 2.97937E-24
 7    1.28347E-28 1.15537E-27 5.57431E-27 3.05631E-26 2.82693E-25 7.27883E-24
 8    2.57108E-28 1.80827E-27 7.58299E-27 3.84501E-26 4.00664E-25 1.09152E-23
 9    1.23278E-28 9.47070E-28 4.06189E-27 2.11127E-26 1.86685E-25 8.96663E-24
10    6.82208E-29 2.73674E-28 1.19084E-27 6.26544E-27 5.58636E-26 3.24409E-24
11    6.70603E-30 3.08758E-29 1.16765E-28 6.82885E-28 5.38137E-27 5.71621E-25
12    6.97225E-31 1.65364E-30 4.46529E-30 2.11232E-29 1.95516E-28 6.95092E-27
13    1.57452E-31 2.13016E-31 5.72297E-31 2.81088E-30 3.21534E-29 1.53417E-27
14    2.37733E-31 4.23983E-31 9.94627E-31 3.70289E-30 1.93888E-29 1.56018E-27
15    0.00000E+00 0.00000E+00 2.89093E-32 1.29419E-30 9.15672E-30 5.20587E-28
16    0.00000E+00 1.78824E-34 6.52582E-33 5.81917E-32 4.37019E-31 9.16681E-30
17    1.72730E-31 6.17394E-31 3.84912E-30 2.69060E-29 2.04523E-28 6.43411E-27
18    6.56763E-29 2.20265E-28 7.92813E-28 3.33517E-27 2.71078E-26 4.99761E-24
19    1.08922E-27 3.72161E-27 1.19116E-26 5.15006E-26 3.87238E-25 1.03614E-22
20    2.18937E-26 9.85826E-26 3.70477E-25 1.77522E-24 2.56213E-23 1.47386E-21
21    1.33486E-24 4.59975E-24 1.45562E-23 7.87535E-23 1.09195E-21 4.87535E-20
22    1.41369E-24 7.22006E-24 3.76619E-23 3.27602E-22 5.79068E-21 1.37890E-19
23    1.61833E-25 1.00084E-24 6.56947E-24 6.76468E-23 7.50947E-22 2.13444E-20
24    1.21054E-26 6.94884E-26 3.72640E-25 4.08727E-24 1.79464E-22 2.39338E-21
25    2.21652E-26 6.86074E-26 2.55562E-25 1.61196E-24 9.96128E-23 1.86624E-21
26    1.09495E-26 4.93100E-26 1.67487E-25 8.38512E-25 5.63808E-23 1.44189E-21
27    3.44531E-27 1.05212E-26 3.31856E-26 1.35379E-25 1.85260E-24 4.72946E-22
28    7.31263E-29 3.03511E-28 1.11858E-27 5.62952E-27 5.10884E-26 1.09107E-23
29    6.48173E-32 1.64237E-31 7.92813E-31 1.50944E-29 1.23629E-28 4.34487E-27
30    1.12280E-29 2.40646E-29 5.82728E-29 2.95474E-28 3.42004E-27 3.26384E-24
31    5.80916E-29 2.54844E-28 9.19444E-28 4.46039E-27 4.68180E-26 9.92711E-24
32    1.00623E-27 2.41565E-27 6.72497E-27 2.31031E-26 1.60547E-25 7.81425E-23
33    6.88774E-27 3.12144E-26 1.21588E-25 5.91903E-25 4.40170E-23 2.78214E-21
34    3.92015E-25 1.51041E-24 6.78105E-24 1.68813E-22 3.76432E-21 7.64502E-20
35    0.00000E+00 0.00000E+00 0.00000E+00 2.46387E-26 8.01168E-24 9.18292E-21
36    0.00000E+00 0.00000E+00 0.00000E+00 0.00000E+00 7.01745E-30 7.19361E-28
37    6.41030E-28 4.05105E-27 1.44142E-26 6.36512E-26 2.77118E-24 4.59618E-22
38    1.37014E-26 1.19305E-25 5.55480E-25 7.37412E-24 4.81120E-22 8.13031E-21
39    3.31225E-33 5.94094E-30 4.16844E-28 7.87581E-27 1.41699E-24 3.13329E-22
40    0.00000E+00 0.00000E+00 0.00000E+00 0.00000E+00 1.27360E-29 8.08624E-28
41    0.00000E+00 0.00000E+00 4.02101E-27 3.45840E-26 3.96274E-24 4.46265E-22
42    0.00000E+00 0.00000E+00 0.00000E+00 9.04840E-27 1.38715E-25 2.91216E-22
43    0.00000E+00 0.00000E+00 0.00000E+00 0.00000E+00 0.00000E+00 0.00000E+00
44    0.00000E+00 0.00000E+00 0.00000E+00 0.00000E+00 0.00000E+00 0.00000E+00
45    0.00000E+00 0.00000E+00 0.00000E+00 0.00000E+00 0.00000E+00 0.00000E+00
46    0.00000E+00 0.00000E+00 0.00000E+00 0.00000E+00 0.00000E+00 0.00000E+00
47    0.00000E+00 0.00000E+00 0.00000E+00 0.00000E+00 0.00000E+00 0.00000E+00
48    0.00000E+00 0.00000E+00 0.00000E+00 0.00000E+00 0.00000E+00 0.00000E+00
49    0.00000E+00 0.00000E+00 0.00000E+00 0.00000E+00 0.00000E+00 0.00000E+00
50    0.00000E+00 0.00000E+00 0.00000E+00 0.00000E+00 0.00000E+00 0.00000E+00
51    0.00000E+00 0.00000E+00 0.00000E+00 0.00000E+00 0.00000E+00 0.00000E+00
52    0.00000E+00 0.00000E+00 0.00000E+00 0.00000E+00 0.00000E+00 0.00000E+00
53    0.00000E+00 0.00000E+00 0.00000E+00 0.00000E+00 0.00000E+00 0.00000E+00
54    0.00000E+00 0.00000E+00 0.00000E+00 0.00000E+00 0.00000E+00 0.00000E+00
55    0.00000E+00 0.00000E+00 0.00000E+00 0.00000E+00 0.00000E+00 0.00000E+00
 
 P =            10  mbar      T =          600  K
 int#     k1          k2          k3          k4          k5          k6
 1    0.00000E+00 0.00000E+00 0.00000E+00 0.00000E+00 0.00000E+00 0.00000E+00
 2    0.00000E+00 0.00000E+00 0.00000E+00 0.00000E+00 0.00000E+00 0.00000E+00
 3    0.00000E+00 0.00000E+00 0.00000E+00 0.00000E+00 0.00000E+00 0.00000E+00
 4    0.00000E+00 0.00000E+00 0.00000E+00 0.00000E+00 0.00000E+00 0.00000E+00
 5    0.00000E+00 1.03895E-29 8.59509E-29 9.09912E-28 1.29345E-26 2.28568E-25
 6    1.40427E-27 5.87547E-27 2.29880E-26 7.78833E-26 3.72474E-25 3.30922E-24
 7    2.15765E-27 9.27193E-27 3.34478E-26 1.47212E-25 8.03382E-25 9.79749E-24
 8    3.26486E-27 1.40688E-26 5.04629E-26 2.07665E-25 1.16988E-24 1.37164E-23
 9    1.63781E-27 8.55929E-27 3.07268E-26 1.29955E-25 7.25804E-25 1.07824E-23
10    6.82003E-28 2.66276E-27 9.81528E-27 4.46080E-26 2.69936E-25 4.67204E-24
11    6.92842E-29 3.34189E-28 1.13415E-27 5.76130E-27 4.11237E-26 1.12733E-24
12    7.07720E-30 1.67247E-29 4.54635E-29 2.18862E-28 1.61663E-27 4.72534E-26
13    1.56436E-30 2.13231E-30 5.70540E-30 2.89657E-29 3.18781E-28 1.29680E-26
14    2.37764E-30 4.23987E-30 9.94955E-30 3.70132E-29 2.09695E-28 1.34827E-26
15    0.00000E+00 0.00000E+00 2.88918E-31 1.28853E-29 9.23133E-29 4.73746E-27
16    0.00000E+00 1.79132E-33 6.52523E-32 5.70190E-31 4.35290E-30 8.53628E-29
17    1.72747E-30 6.15056E-30 3.86957E-29 2.72406E-28 2.04879E-27 6.03602E-26
18    6.61805E-28 2.21084E-27 7.85029E-27 3.30588E-26 2.53202E-25 1.06625E-23
19    1.09652E-26 3.71396E-26 1.18174E-25 4.90555E-25 2.88132E-24 1.20973E-22
20    2.18183E-25 9.53374E-25 3.42295E-24 1.41982E-23 9.83595E-23 2.20204E-21
21    1.30487E-23 4.29864E-23 1.20396E-22 4.26118E-22 2.68772E-21 5.29649E-20
22    1.38314E-23 6.73326E-23 2.86692E-22 1.46446E-21 1.16686E-20 1.42118E-19
23    1.58649E-24 8.85396E-24 4.37619E-23 2.31998E-22 1.40942E-21 2.52177E-20
24    1.20403E-25 6.67370E-25 3.17656E-24 2.13518E-23 2.33198E-22 2.36945E-21
25    2.21658E-25 6.77614E-25 2.41004E-24 1.14534E-23 1.35922E-22 1.88192E-21
26    1.10135E-25 4.92389E-25 1.64993E-24 7.22322E-24 8.65061E-23 1.41202E-21
27    3.46753E-26 1.05557E-25 3.31614E-25 1.34086E-24 1.19758E-23 4.80773E-22
28    7.18968E-28 3.01661E-27 1.11648E-26 5.61975E-26 5.11327E-25 3.74698E-23
29    6.48060E-31 1.64248E-30 7.92964E-30 1.51240E-28 1.23544E-27 4.34267E-26
30    1.11511E-28 2.39883E-28 5.83462E-28 2.94832E-27 3.39225E-26 4.11710E-24
31    5.83225E-28 2.53924E-27 9.21457E-27 4.39418E-26 3.80197E-25 1.50258E-23
32    1.00492E-26 2.42345E-26 6.68332E-26 2.28280E-25 1.51117E-24 1.28437E-22
33    6.89510E-26 3.12442E-25 1.21591E-24 5.78309E-24 9.78942E-23 2.75639E-21
34    3.90827E-24 1.48757E-23 5.79552E-23 4.45487E-22 5.05132E-21 8.02263E-20
35    0.00000E+00 0.00000E+00 0.00000E+00 2.47469E-25 6.62071E-23 1.06269E-20
36    0.00000E+00 0.00000E+00 0.00000E+00 0.00000E+00 6.90983E-29 7.21140E-27
37    6.39629E-27 4.05207E-26 1.43880E-25 6.25345E-25 9.55196E-24 4.61066E-22
38    1.37925E-25 1.18531E-24 5.19020E-24 3.57043E-23 5.40426E-22 8.09133E-21
39    3.26555E-32 6.29684E-29 4.13969E-27 7.77918E-26 3.74361E-24 3.22211E-22
40    0.00000E+00 0.00000E+00 0.00000E+00 0.00000E+00 1.26694E-28 8.05657E-27
41    0.00000E+00 0.00000E+00 4.03936E-26 3.44002E-25 8.24186E-24 4.42863E-22
42    0.00000E+00 0.00000E+00 0.00000E+00 9.04307E-26 1.25744E-24 2.93929E-22
43    0.00000E+00 0.00000E+00 0.00000E+00 0.00000E+00 0.00000E+00 0.00000E+00
44    0.00000E+00 0.00000E+00 0.00000E+00 0.00000E+00 0.00000E+00 0.00000E+00
45    0.00000E+00 0.00000E+00 0.00000E+00 0.00000E+00 0.00000E+00 0.00000E+00
46    0.00000E+00 0.00000E+00 0.00000E+00 0.00000E+00 0.00000E+00 0.00000E+00
47    0.00000E+00 0.00000E+00 0.00000E+00 0.00000E+00 0.00000E+00 0.00000E+00
48    0.00000E+00 0.00000E+00 0.00000E+00 0.00000E+00 0.00000E+00 0.00000E+00
49    0.00000E+00 0.00000E+00 0.00000E+00 0.00000E+00 0.00000E+00 0.00000E+00
50    0.00000E+00 0.00000E+00 0.00000E+00 0.00000E+00 0.00000E+00 0.00000E+00
51    0.00000E+00 0.00000E+00 0.00000E+00 0.00000E+00 0.00000E+00 0.00000E+00
52    0.00000E+00 0.00000E+00 0.00000E+00 0.00000E+00 0.00000E+00 0.00000E+00
53    0.00000E+00 0.00000E+00 0.00000E+00 0.00000E+00 0.00000E+00 0.00000E+00
54    0.00000E+00 0.00000E+00 0.00000E+00 0.00000E+00 0.00000E+00 0.00000E+00
55    0.00000E+00 0.00000E+00 0.00000E+00 0.00000E+00 0.00000E+00 0.00000E+00
 
 P =           100  mbar      T =          600  K
 int#     k1          k2          k3          k4          k5          k6
 1    0.00000E+00 0.00000E+00 0.00000E+00 0.00000E+00 0.00000E+00 0.00000E+00
 2    0.00000E+00 0.00000E+00 0.00000E+00 0.00000E+00 0.00000E+00 0.00000E+00
 3    0.00000E+00 0.00000E+00 0.00000E+00 0.00000E+00 0.00000E+00 0.00000E+00
 4    0.00000E+00 0.00000E+00 0.00000E+00 0.00000E+00 0.00000E+00 0.00000E+00
 5    2.75803E-29 9.96505E-29 5.56084E-28 4.46415E-27 3.46038E-26 3.68422E-25
 6    1.16257E-26 2.68348E-26 6.81112E-26 1.89106E-25 6.57675E-25 3.57816E-24
 7    1.86617E-26 5.28680E-26 1.33832E-25 4.10801E-25 1.56409E-24 1.29380E-23
 8    2.85847E-26 8.16499E-26 2.23133E-25 6.43816E-25 2.34758E-24 1.72718E-23
 9    1.57638E-26 5.78425E-26 1.62515E-25 4.85473E-25 1.92352E-24 1.31594E-23
10    6.50374E-27 2.15125E-26 6.35460E-26 2.07743E-25 8.65201E-25 7.25451E-24
11    7.60994E-28 3.25689E-27 9.32579E-27 4.00549E-26 1.93714E-25 2.07939E-24
12    7.08059E-29 1.71428E-28 4.81274E-28 1.74163E-27 9.60876E-27 1.65282E-25
13    1.58300E-29 2.13022E-29 5.71781E-29 2.90058E-28 2.80024E-27 7.94592E-26
14    2.38182E-29 4.23965E-29 9.94809E-29 3.68927E-28 2.17014E-27 9.33884E-26
15    0.00000E+00 0.00000E+00 2.89125E-30 1.30544E-28 9.63412E-28 3.51974E-26
16    0.00000E+00 1.78934E-32 6.52790E-31 5.76705E-30 4.36960E-29 8.71441E-28
17    1.72721E-29 6.19054E-29 3.75729E-28 2.73279E-27 2.03842E-26 3.76987E-25
18    6.69677E-27 2.18293E-26 7.87860E-26 3.11665E-25 2.02282E-24 2.70249E-23
19    1.08710E-25 3.70076E-25 1.13262E-24 4.31079E-24 2.16850E-23 2.48910E-22
20    2.13471E-24 8.95911E-24 2.98574E-23 9.99316E-23 4.51408E-22 5.89518E-21
21    1.23983E-22 3.78761E-22 9.15285E-22 2.55659E-21 9.91338E-21 8.18101E-20
22    1.33361E-22 5.98754E-22 2.02898E-21 8.00011E-21 3.04298E-20 2.31764E-19
23    1.53387E-23 7.22138E-23 2.73498E-22 9.58569E-22 4.90627E-21 5.24210E-20
24    1.17472E-24 6.23383E-24 2.58008E-23 1.11308E-22 4.47677E-22 2.27565E-21
25    2.22008E-24 6.53829E-24 2.19789E-23 7.49355E-23 2.90869E-22 1.86935E-21
26    1.10055E-24 4.90364E-24 1.57259E-23 5.36176E-23 2.19470E-22 1.14599E-21
27    3.48973E-25 1.05534E-24 3.31450E-24 1.28621E-23 6.58568E-23 5.32245E-22
28    7.20536E-27 3.03565E-26 1.11850E-25 5.62736E-25 5.04242E-24 1.16819E-22
29    6.48090E-30 1.64185E-29 7.92960E-29 1.51609E-27 1.23538E-26 4.22128E-25
30    1.11048E-27 2.39919E-27 5.83339E-27 2.95285E-26 3.28762E-25 8.81745E-24
31    5.84227E-27 2.54615E-26 9.15064E-26 4.22851E-25 2.62490E-24 4.14011E-23
32    1.00883E-25 2.42269E-25 6.65466E-25 2.23771E-24 1.37962E-23 3.99474E-22
33    6.89470E-25 3.12079E-24 1.21658E-23 5.49303E-23 3.67058E-22 2.57086E-21
34    3.91005E-23 1.45179E-22 4.59529E-22 1.76469E-21 1.01316E-20 1.28774E-19
35    0.00000E+00 0.00000E+00 0.00000E+00 2.47863E-24 4.96591E-22 1.93722E-20
36    0.00000E+00 0.00000E+00 0.00000E+00 0.00000E+00 6.90923E-28 7.25259E-26
37    6.39706E-26 4.06039E-25 1.44315E-24 6.14411E-24 4.59684E-23 4.96619E-22
38    1.37857E-24 1.17484E-23 4.70695E-23 1.94131E-22 1.01412E-21 7.69957E-21
39    3.27534E-31 6.34909E-28 4.14084E-26 7.74148E-25 1.48091E-23 4.07242E-22
40    0.00000E+00 0.00000E+00 0.00000E+00 0.00000E+00 1.28220E-27 8.14451E-26
41    0.00000E+00 0.00000E+00 4.04222E-25 3.43634E-24 3.92915E-23 4.12073E-22
42    0.00000E+00 0.00000E+00 0.00000E+00 9.04553E-25 1.17824E-23 3.25928E-22
43    0.00000E+00 0.00000E+00 0.00000E+00 0.00000E+00 0.00000E+00 0.00000E+00
44    0.00000E+00 0.00000E+00 0.00000E+00 0.00000E+00 0.00000E+00 0.00000E+00
45    0.00000E+00 0.00000E+00 0.00000E+00 0.00000E+00 0.00000E+00 0.00000E+00
46    0.00000E+00 0.00000E+00 0.00000E+00 0.00000E+00 0.00000E+00 0.00000E+00
47    0.00000E+00 0.00000E+00 0.00000E+00 0.00000E+00 0.00000E+00 0.00000E+00
48    0.00000E+00 0.00000E+00 0.00000E+00 0.00000E+00 0.00000E+00 0.00000E+00
49    0.00000E+00 0.00000E+00 0.00000E+00 0.00000E+00 0.00000E+00 0.00000E+00
50    0.00000E+00 0.00000E+00 0.00000E+00 0.00000E+00 0.00000E+00 0.00000E+00
51    0.00000E+00 0.00000E+00 0.00000E+00 0.00000E+00 0.00000E+00 0.00000E+00
52    0.00000E+00 0.00000E+00 0.00000E+00 0.00000E+00 0.00000E+00 0.00000E+00
53    0.00000E+00 0.00000E+00 0.00000E+00 0.00000E+00 0.00000E+00 0.00000E+00
54    0.00000E+00 0.00000E+00 0.00000E+00 0.00000E+00 0.00000E+00 0.00000E+00
55    0.00000E+00 0.00000E+00 0.00000E+00 0.00000E+00 0.00000E+00 0.00000E+00
 
 P =          1000  mbar      T =          600  K
 int#     k1          k2          k3          k4          k5          k6
 1    0.00000E+00 0.00000E+00 0.00000E+00 0.00000E+00 0.00000E+00 0.00000E+00
 2    0.00000E+00 0.00000E+00 0.00000E+00 0.00000E+00 0.00000E+00 0.00000E+00
 3    0.00000E+00 0.00000E+00 0.00000E+00 0.00000E+00 0.00000E+00 0.00000E+00
 4    0.00000E+00 0.00000E+00 0.00000E+00 0.00000E+00 0.00000E+00 0.00000E+00
 5    1.81003E-28 6.76494E-28 3.98665E-27 2.34177E-26 9.87440E-26 4.21857E-25
 6    8.60375E-26 1.54662E-25 2.81091E-25 4.66476E-25 8.75357E-25 2.53953E-24
 7    1.49116E-25 3.05512E-25 6.26694E-25 1.23376E-24 3.06818E-24 9.26403E-24
 8    2.43935E-25 4.79508E-25 9.35847E-25 1.87543E-24 4.62757E-24 1.44730E-23
 9    1.33990E-25 3.82584E-25 7.73222E-25 1.72809E-24 3.89479E-24 1.18910E-23
10    5.51125E-26 1.51234E-25 3.61695E-25 8.06782E-25 2.10516E-24 8.06976E-24
11    7.47851E-27 2.94942E-26 7.10754E-26 1.97796E-25 5.92825E-25 2.92921E-24
12    7.09069E-28 1.70874E-27 4.64588E-27 1.42940E-26 4.54500E-26 1.63613E-25
13    1.57793E-28 2.12659E-28 5.70662E-28 2.82644E-27 2.27416E-26 2.06952E-25
14    2.37784E-28 4.23763E-28 9.96146E-28 3.69863E-27 2.13091E-26 3.39496E-25
15    0.00000E+00 0.00000E+00 2.89547E-29 1.28803E-27 9.43800E-27 2.07452E-25
16    0.00000E+00 1.79426E-31 6.51712E-30 5.67516E-29 4.24384E-28 7.17627E-27
17    1.73299E-28 6.13538E-28 3.65478E-27 2.35844E-26 1.02849E-25 6.54678E-25
18    6.43399E-26 1.81332E-25 5.87466E-25 1.66391E-24 6.62685E-24 4.69128E-23
19    1.01907E-24 3.03020E-24 7.31367E-24 2.09532E-23 6.98843E-23 2.77326E-22
20    1.52059E-23 5.61687E-23 1.60701E-22 4.63505E-22 1.66650E-21 9.06775E-21
21    8.38730E-22 2.32377E-21 4.74727E-21 8.97153E-21 2.35068E-20 8.16470E-20
22    1.10230E-21 3.62072E-21 7.97189E-21 1.82379E-20 6.24625E-20 1.68036E-19
23    1.01553E-22 2.53464E-22 1.06227E-21 3.61680E-21 1.40908E-20 7.26932E-20
24    9.30803E-24 3.83742E-23 1.03989E-22 2.24245E-22 6.31549E-22 2.03480E-21
25    1.88043E-23 4.27354E-23 8.74707E-23 2.06374E-22 4.66032E-22 1.18054E-21
26    9.89657E-24 3.55251E-23 7.45598E-23 1.46119E-22 2.92421E-22 6.84563E-22
27    3.41506E-24 9.36360E-24 2.29114E-23 5.17442E-23 1.30451E-22 4.30473E-22
28    7.21920E-26 3.04681E-25 1.10760E-24 5.22477E-24 2.70374E-23 2.67444E-22
29    6.47500E-29 1.64333E-28 7.93198E-28 1.50334E-26 1.17687E-25 1.55964E-24
30    1.10914E-26 2.38519E-26 5.69297E-26 2.41915E-25 1.40695E-24 8.05943E-24
31    5.80213E-26 2.34303E-25 6.80844E-25 2.41189E-24 1.04738E-23 1.61032E-22
32    9.78758E-25 2.35901E-24 6.31986E-24 2.00988E-23 9.40310E-23 5.05859E-22
33    6.80198E-24 2.87518E-23 9.28841E-23 2.49713E-22 6.40921E-22 2.09849E-21
34    3.11294E-22 9.68121E-22 2.00556E-21 4.92394E-21 1.76363E-20 2.00840E-19
35    0.00000E+00 0.00000E+00 0.00000E+00 2.27306E-23 2.66278E-21 3.59917E-20
36    0.00000E+00 0.00000E+00 0.00000E+00 0.00000E+00 6.89713E-27 7.03116E-25
37    6.40809E-25 3.94446E-24 1.20982E-23 3.45879E-23 1.05088E-22 4.51909E-22
38    1.33588E-23 9.25939E-23 2.78881E-22 7.05895E-22 1.84898E-21 5.60177E-21
39    3.16970E-30 6.27968E-27 4.05494E-25 5.75844E-24 4.16899E-23 5.85600E-22
40    0.00000E+00 0.00000E+00 0.00000E+00 0.00000E+00 1.27449E-26 6.35046E-25
41    0.00000E+00 0.00000E+00 3.96513E-24 2.69751E-23 9.42154E-23 2.85299E-22
42    0.00000E+00 0.00000E+00 0.00000E+00 8.83864E-24 6.01820E-23 6.21719E-22
43    0.00000E+00 0.00000E+00 0.00000E+00 0.00000E+00 0.00000E+00 0.00000E+00
44    0.00000E+00 0.00000E+00 0.00000E+00 0.00000E+00 0.00000E+00 0.00000E+00
45    0.00000E+00 0.00000E+00 0.00000E+00 0.00000E+00 0.00000E+00 0.00000E+00
46    0.00000E+00 0.00000E+00 0.00000E+00 0.00000E+00 0.00000E+00 0.00000E+00
47    0.00000E+00 0.00000E+00 0.00000E+00 0.00000E+00 0.00000E+00 0.00000E+00
48    0.00000E+00 0.00000E+00 0.00000E+00 0.00000E+00 0.00000E+00 0.00000E+00
49    0.00000E+00 0.00000E+00 0.00000E+00 0.00000E+00 0.00000E+00 0.00000E+00
50    0.00000E+00 0.00000E+00 0.00000E+00 0.00000E+00 0.00000E+00 0.00000E+00
51    0.00000E+00 0.00000E+00 0.00000E+00 0.00000E+00 0.00000E+00 0.00000E+00
52    0.00000E+00 0.00000E+00 0.00000E+00 0.00000E+00 0.00000E+00 0.00000E+00
53    0.00000E+00 0.00000E+00 0.00000E+00 0.00000E+00 0.00000E+00 0.00000E+00
54    0.00000E+00 0.00000E+00 0.00000E+00 0.00000E+00 0.00000E+00 0.00000E+00
55    0.00000E+00 0.00000E+00 0.00000E+00 0.00000E+00 0.00000E+00 0.00000E+00
 
 P =         10000  mbar      T =          600  K
 int#     k1          k2          k3          k4          k5          k6
 1    0.00000E+00 0.00000E+00 0.00000E+00 0.00000E+00 0.00000E+00 0.00000E+00
 2    0.00000E+00 0.00000E+00 0.00000E+00 0.00000E+00 0.00000E+00 0.00000E+00
 3    0.00000E+00 0.00000E+00 0.00000E+00 0.00000E+00 0.00000E+00 0.00000E+00
 4    0.00000E+00 0.00000E+00 0.00000E+00 0.00000E+00 0.00000E+00 0.00000E+00
 5    4.97482E-28 1.73041E-27 9.18484E-27 3.89874E-26 1.22233E-25 3.08817E-25
 6    2.16479E-25 3.09687E-25 4.03595E-25 5.53857E-25 8.89180E-25 1.59314E-24
 7    5.07637E-25 9.09692E-25 1.26843E-24 1.89453E-24 2.88149E-24 4.62573E-24
 8    9.74375E-25 1.36721E-24 1.94233E-24 3.03526E-24 4.31459E-24 6.64002E-24
 9    5.73246E-25 1.12642E-24 1.56779E-24 2.54226E-24 4.01721E-24 5.61728E-24
10    2.76004E-25 5.10260E-25 9.17798E-25 1.44385E-24 2.21504E-24 3.74344E-24
11    4.96664E-26 1.09091E-25 1.76881E-25 4.13837E-25 8.42477E-25 1.50412E-24
12    4.80110E-27 9.92826E-27 1.56918E-26 2.73631E-26 4.82912E-26 7.19583E-26
13    1.54332E-27 2.08326E-27 4.58085E-27 1.31470E-26 4.51863E-26 1.21299E-25
14    2.38116E-27 4.19867E-27 9.47591E-27 3.00694E-26 6.70300E-26 1.46947E-25
15    0.00000E+00 2.66803E-31 2.91104E-28 1.22486E-26 5.19377E-26 1.20884E-25
16    8.58488E-32 2.05201E-30 6.31550E-29 5.67161E-28 2.66529E-27 5.02026E-27
17    1.56499E-27 3.55074E-27 6.55885E-27 6.18638E-26 1.72286E-25 1.41087E-24
18    3.02534E-25 7.50736E-25 1.81573E-24 5.34621E-24 1.17428E-23 2.43178E-23
19    6.35184E-24 1.16472E-23 2.71017E-23 4.40692E-23 7.93580E-23 1.38432E-22
20    7.10984E-23 1.80446E-22 3.27240E-22 8.91506E-22 2.59830E-21 5.76421E-21
21    3.51747E-21 6.44857E-21 1.13925E-20 1.67703E-20 2.33148E-20 3.21656E-20
22    5.10874E-21 9.42777E-21 1.74235E-20 2.72176E-20 5.07890E-20 1.24038E-19
23    2.91463E-22 5.52450E-22 2.02112E-21 8.80787E-21 2.29179E-20 4.02827E-20
24    3.93209E-23 7.65798E-23 1.39166E-22 2.82692E-22 6.67423E-22 1.53725E-21
25    6.61879E-23 1.17584E-22 1.68242E-22 2.56588E-22 4.13520E-22 9.47287E-22
26    3.87600E-23 7.04867E-23 1.22981E-22 1.71150E-22 2.57015E-22 4.30190E-22
27    2.23816E-23 3.75782E-23 5.31274E-23 8.54056E-23 1.33100E-22 2.09959E-22
28    6.90283E-25 2.22425E-24 5.80253E-24 2.05534E-23 6.25751E-23 1.66651E-22
29    6.66941E-28 1.67939E-27 7.89876E-27 1.02686E-25 4.14593E-25 1.93440E-24
30    1.02175E-25 1.89300E-25 2.88168E-25 5.85572E-25 1.55522E-24 4.83208E-24
31    2.80318E-25 6.80442E-25 3.13302E-24 8.35309E-24 3.40945E-23 1.08204E-22
32    7.99202E-24 1.79498E-23 3.66535E-23 6.48692E-23 1.35971E-22 2.39704E-22
33    4.16597E-23 9.89898E-23 1.94429E-22 3.56689E-22 6.64639E-22 1.40619E-21
34    1.13266E-21 2.84642E-21 5.78822E-21 1.07663E-20 3.19174E-20 1.49860E-19
35    0.00000E+00 0.00000E+00 0.00000E+00 4.54649E-23 1.14079E-20 7.34003E-20
36    0.00000E+00 0.00000E+00 0.00000E+00 0.00000E+00 6.89931E-26 2.05028E-24
37    4.28572E-24 1.53617E-23 2.63882E-23 5.24873E-23 1.19948E-22 3.37457E-22
38    5.82667E-23 2.37237E-22 6.48199E-22 1.11119E-21 1.79478E-21 3.26376E-21
39    7.88470E-29 5.86830E-26 1.88760E-24 1.87936E-23 7.17648E-23 3.72884E-22
40    0.00000E+00 0.00000E+00 0.00000E+00 0.00000E+00 1.13665E-25 9.94327E-25
41    0.00000E+00 0.00000E+00 1.79465E-23 5.14773E-23 9.79217E-23 2.01648E-22
42    0.00000E+00 0.00000E+00 2.84231E-28 4.34079E-23 1.27141E-22 7.84670E-22
43    0.00000E+00 0.00000E+00 0.00000E+00 0.00000E+00 0.00000E+00 0.00000E+00
44    0.00000E+00 0.00000E+00 0.00000E+00 0.00000E+00 0.00000E+00 0.00000E+00
45    0.00000E+00 0.00000E+00 0.00000E+00 0.00000E+00 0.00000E+00 0.00000E+00
46    0.00000E+00 0.00000E+00 0.00000E+00 0.00000E+00 0.00000E+00 0.00000E+00
47    0.00000E+00 0.00000E+00 0.00000E+00 0.00000E+00 0.00000E+00 0.00000E+00
48    0.00000E+00 0.00000E+00 0.00000E+00 0.00000E+00 0.00000E+00 0.00000E+00
49    0.00000E+00 0.00000E+00 0.00000E+00 0.00000E+00 0.00000E+00 0.00000E+00
50    0.00000E+00 0.00000E+00 0.00000E+00 0.00000E+00 0.00000E+00 0.00000E+00
51    0.00000E+00 0.00000E+00 0.00000E+00 0.00000E+00 0.00000E+00 0.00000E+00
52    0.00000E+00 0.00000E+00 0.00000E+00 0.00000E+00 0.00000E+00 0.00000E+00
53    0.00000E+00 0.00000E+00 0.00000E+00 0.00000E+00 0.00000E+00 0.00000E+00
54    0.00000E+00 0.00000E+00 0.00000E+00 0.00000E+00 0.00000E+00 0.00000E+00
55    0.00000E+00 0.00000E+00 0.00000E+00 0.00000E+00 0.00000E+00 0.00000E+00
 
 P =        100000  mbar      T =          600  K
 int#     k1          k2          k3          k4          k5          k6
 1    0.00000E+00 0.00000E+00 0.00000E+00 0.00000E+00 0.00000E+00 0.00000E+00
 2    0.00000E+00 0.00000E+00 0.00000E+00 0.00000E+00 0.00000E+00 0.00000E+00
 3    0.00000E+00 0.00000E+00 0.00000E+00 0.00000E+00 0.00000E+00 0.00000E+00
 4    0.00000E+00 0.00000E+00 0.00000E+00 0.00000E+00 0.00000E+00 0.00000E+00
 5    3.80275E-28 4.62243E-27 1.33998E-26 4.03064E-26 1.07401E-25 1.77667E-25
 6    2.01223E-25 3.02534E-25 3.72713E-25 5.69037E-25 6.85523E-25 9.72703E-25
 7    9.80333E-25 1.08264E-24 1.39605E-24 1.71822E-24 2.08779E-24 2.45053E-24
 8    2.07381E-24 2.17051E-24 2.44083E-24 2.60996E-24 2.80043E-24 2.93085E-24
 9    1.54239E-24 1.83490E-24 2.15923E-24 2.37428E-24 2.49301E-24 2.78739E-24
10    8.28579E-25 9.87466E-25 1.11591E-24 1.42045E-24 1.61997E-24 1.69395E-24
11    1.24288E-25 1.73184E-25 3.63311E-25 5.32048E-25 8.20478E-25 8.81470E-25
12    3.19029E-26 4.13128E-26 5.56521E-26 7.59404E-26 9.40143E-26 1.11454E-25
13    2.02044E-26 2.20652E-26 2.70935E-26 2.97620E-26 4.07896E-26 4.66559E-26
14    2.25174E-26 2.46255E-26 3.16259E-26 3.92802E-26 4.77633E-26 6.09248E-26
15    5.64096E-28 9.97793E-28 3.99325E-27 3.14172E-26 4.02003E-26 5.60113E-26
16    1.61410E-26 2.38855E-26 4.22973E-26 9.81830E-26 2.50810E-25 4.55028E-25
17    5.56978E-25 8.90673E-25 1.70476E-24 3.14233E-24 5.47441E-24 7.33694E-24
18    8.24315E-24 1.24228E-23 1.92479E-23 3.06862E-23 4.42716E-23 5.79491E-23
19    6.52200E-23 7.37571E-23 1.00612E-22 1.51342E-22 1.72406E-22 1.98743E-22
20    2.25951E-22 3.75166E-22 5.99828E-22 1.51472E-21 3.04956E-21 4.69040E-21
21    5.34855E-21 8.86472E-21 1.21175E-20 1.62783E-20 1.71520E-20 1.74682E-20
22    1.26696E-20 1.54290E-20 1.96357E-20 2.59049E-20 4.09727E-20 5.88671E-20
23    9.35237E-22 1.05954E-21 2.22182E-21 9.06058E-21 2.18893E-20 2.78302E-20
24    2.25249E-22 2.53707E-22 3.86590E-22 6.80723E-22 8.31418E-22 1.11636E-21
25    1.38943E-22 1.46299E-22 1.61191E-22 2.30876E-22 4.63428E-22 8.71870E-22
26    8.45517E-23 9.50739E-23 1.31013E-22 1.78565E-22 1.93789E-22 2.23506E-22
27    5.43045E-23 5.87651E-23 6.41147E-23 6.94149E-23 1.02473E-22 1.06196E-22
28    2.70344E-24 7.40487E-24 1.40064E-23 3.76670E-23 4.84573E-23 5.81390E-23
29    3.90571E-25 4.08925E-25 5.87643E-25 9.74526E-25 1.82900E-24 2.09186E-24
30    4.09493E-25 5.51605E-25 7.06978E-25 8.13072E-25 9.17582E-25 4.09281E-24
31    1.16458E-24 1.81052E-24 9.29614E-24 2.05134E-23 3.16629E-23 5.19369E-23
32    3.40066E-23 4.76014E-23 6.43181E-23 6.83914E-23 7.94287E-23 9.37523E-23
33    8.46099E-23 1.19423E-22 2.02138E-22 4.12409E-22 6.42773E-22 1.21124E-21
34    1.74578E-21 4.93550E-21 1.21930E-20 1.82654E-20 2.29549E-20 1.05109E-19
35    1.29942E-24 1.47787E-23 1.11114E-22 9.22635E-22 2.53877E-20 3.51891E-20
36    1.43898E-27 4.30104E-27 2.53787E-26 1.83198E-25 1.15965E-24 3.03193E-24
37    7.45207E-24 2.84563E-23 3.46606E-23 6.44509E-23 1.19174E-22 2.00449E-22
38    1.16385E-22 2.99944E-22 7.73066E-22 1.08423E-21 1.41501E-21 2.28916E-21
39    2.26828E-25 2.93533E-25 3.05960E-24 3.75078E-23 8.78631E-23 4.41817E-22
40    4.48877E-28 3.10040E-27 6.44509E-27 5.11105E-26 3.20144E-25 5.77469E-25
41    1.91708E-25 8.94626E-25 2.43128E-23 4.39478E-23 9.16388E-23 1.54348E-22
42    9.21297E-26 4.93786E-25 5.14818E-24 8.19424E-23 2.01581E-22 3.03619E-22
43    0.00000E+00 0.00000E+00 0.00000E+00 0.00000E+00 0.00000E+00 0.00000E+00
44    0.00000E+00 0.00000E+00 0.00000E+00 0.00000E+00 0.00000E+00 0.00000E+00
45    0.00000E+00 0.00000E+00 0.00000E+00 0.00000E+00 0.00000E+00 0.00000E+00
46    0.00000E+00 0.00000E+00 0.00000E+00 0.00000E+00 0.00000E+00 0.00000E+00
47    0.00000E+00 0.00000E+00 0.00000E+00 0.00000E+00 0.00000E+00 0.00000E+00
48    0.00000E+00 0.00000E+00 0.00000E+00 0.00000E+00 0.00000E+00 0.00000E+00
49    0.00000E+00 0.00000E+00 0.00000E+00 0.00000E+00 0.00000E+00 0.00000E+00
50    0.00000E+00 0.00000E+00 0.00000E+00 0.00000E+00 0.00000E+00 0.00000E+00
51    0.00000E+00 0.00000E+00 0.00000E+00 0.00000E+00 0.00000E+00 0.00000E+00
52    0.00000E+00 0.00000E+00 0.00000E+00 0.00000E+00 0.00000E+00 0.00000E+00
53    0.00000E+00 0.00000E+00 0.00000E+00 0.00000E+00 0.00000E+00 0.00000E+00
54    0.00000E+00 0.00000E+00 0.00000E+00 0.00000E+00 0.00000E+00 0.00000E+00
55    0.00000E+00 0.00000E+00 0.00000E+00 0.00000E+00 0.00000E+00 0.00000E+00




