 pstar is 13      
 ihzscale is                     0
 uvscale is    1.0000000000000000     
 FRAK =    1.0000000000000000     
 P0 =    1.0129999999999999     
 pstar = 13      
 ihztype =                     0
 NZ =                  200
 FSCALE =    1.0000000000000000     
 G =    980.70000000000005     
 ihz =                     0
 NP =                    4
 Calculated WTa for O2-N2 dominated atmosphere...
 Surface WTa =    28.357226140954893     
 CALLING RATES...
 DIFCO: WT for N2/O2 dominated atmosphere....
 NW =                   118    WAVELENGTH GRID:   1216.0000000000000       -   8550.0000000000000       Angstroms
 PSTAR is our sun
 using Atlas 1 spectrum for the sun

   wavl [A]     mW/m2/A   phot/cm2/s

  1.2160E+03  8.3034E-02  4.2738E+11
  1.3000E+03  1.8527E-02  6.0683E+10
  1.3500E+03  8.3131E-03  2.8276E+10
  1.4000E+03  1.0023E-02  3.5356E+10
  1.4500E+03  1.3129E-02  4.7964E+10
  1.5000E+03  2.3301E-02  8.8062E+10
  1.5500E+03  2.8051E-02  1.0954E+11
  1.6000E+03  3.7421E-02  1.5085E+11
  1.6500E+03  5.4713E-02  2.2745E+11
  1.7000E+03  7.8486E-02  3.6306E+11
  1.7540E+03  1.1624E-01  1.6438E+11
  1.7700E+03  1.4425E-01  2.0585E+11
  1.7860E+03  1.5403E-01  2.2179E+11
  1.8020E+03  2.0779E-01  3.0189E+11
  1.8180E+03  2.2109E-01  3.4431E+11
  1.8350E+03  2.0423E-01  3.2104E+11
  1.8520E+03  2.3968E-01  3.8024E+11
  1.8690E+03  2.9234E-01  4.9557E+11
  1.8870E+03  3.3670E-01  5.7628E+11
  1.9050E+03  3.8724E-01  6.6910E+11
  1.9230E+03  3.6209E-01  6.6664E+11
  1.9420E+03  5.0425E-01  9.3756E+11
  1.9610E+03  5.5435E-01  1.0408E+12
  1.9800E+03  5.6782E-01  1.1330E+12
  2.0000E+03  6.5484E-01  1.3199E+12
  2.0200E+03  7.1795E-01  1.5346E+12
  2.0410E+03  8.3551E-01  1.8045E+12
  2.0620E+03  9.3140E-01  2.0323E+12
  2.0830E+03  1.4226E+00  3.2851E+12
  2.1050E+03  2.1063E+00  5.1385E+12
  2.1280E+03  2.3593E+00  5.8188E+12
  2.1510E+03  2.1928E+00  5.4665E+12
  2.1740E+03  2.8580E+00  8.1403E+12
  2.2000E+03  2.8508E+00  6.9527E+12
  2.2220E+03  3.9070E+00  1.0936E+13
  2.2470E+03  3.0710E+00  9.0406E+12
  2.2730E+03  3.1566E+00  9.4003E+12
  2.2990E+03  3.4787E+00  1.0881E+13
  2.3260E+03  3.0673E+00  9.7066E+12
  2.3530E+03  3.5659E+00  1.1838E+13
  2.3810E+03  3.0637E+00  1.0660E+13
  2.4100E+03  4.3615E+00  1.5360E+13
  2.4390E+03  3.7861E+00  1.3960E+13
  2.4690E+03  3.5441E+00  1.3669E+13
  2.5000E+03  3.4181E+00  1.3779E+13
  2.5320E+03  4.8486E+00  1.9796E+13
  2.5640E+03  8.9427E+00  3.8128E+13
  2.5970E+03  7.0985E+00  3.2513E+13
  2.6320E+03  1.7915E+01  8.3161E+13
  2.6670E+03  1.8974E+01  9.1799E+13
  2.7030E+03  1.6480E+01  8.3051E+13
  2.7400E+03  1.5174E+01  7.9610E+13
  2.7780E+03  1.0339E+01  5.6447E+13
  2.8170E+03  1.8566E+01  1.0542E+14
  2.8570E+03  2.5907E+01  1.5665E+14
  2.8990E+03  4.3684E+01  2.6802E+14
  2.9410E+03  3.9737E+01  2.5911E+14
  2.9850E+03  3.5449E+01  2.3994E+14
  3.0300E+03  4.6738E+01  3.3540E+14
  3.0770E+03  4.9207E+01  3.6622E+14
  3.1250E+03  5.3381E+01  4.2029E+14
  3.1750E+03  5.7007E+01  4.5602E+14
  3.2250E+03  6.5414E+01  5.3152E+14
  3.2750E+03  7.9020E+01  6.5202E+14
  3.3250E+03  7.2028E+01  6.0341E+14
  3.3750E+03  7.5361E+01  6.4082E+14
  3.4250E+03  7.1871E+01  3.1010E+14
  3.4500E+03  7.7727E+01  1.3512E+15
  3.5500E+03  7.5291E+01  1.3468E+15
  3.6500E+03  8.9893E+01  1.6533E+15
  3.7500E+03  8.2432E+01  1.5576E+15
  3.8500E+03  8.0255E+01  1.5570E+15
  3.9500E+03  1.1642E+02  2.3173E+15
  4.0500E+03  1.3433E+02  2.7413E+15
  4.1500E+03  1.3714E+02  2.8678E+15
  4.2500E+03  1.2601E+02  2.6986E+15
  4.3500E+03  1.4689E+02  3.2197E+15
  4.4500E+03  1.6103E+02  3.6109E+15
  4.5500E+03  1.6720E+02  3.8335E+15
  4.6500E+03  1.6363E+02  3.8341E+15
  4.7500E+03  1.6753E+02  4.0099E+15
  4.8500E+03  1.5549E+02  3.8001E+15
  4.9500E+03  1.5628E+02  3.8982E+15
  5.0500E+03  1.5340E+02  3.9037E+15
  5.1500E+03  1.4478E+02  3.7572E+15
  5.2500E+03  1.5038E+02  3.9783E+15
  5.3500E+03  1.5123E+02  4.0770E+15
  5.4500E+03  1.5282E+02  4.1968E+15
  5.5500E+03  1.4892E+02  4.1648E+15
  5.6500E+03  1.4777E+02  4.2072E+15
  5.7500E+03  1.4829E+02  4.2965E+15
  5.8500E+03  1.4346E+02  4.2289E+15
  5.9500E+03  1.4248E+02  4.2719E+15
  6.0500E+03  1.4033E+02  4.2781E+15
  6.1500E+03  1.3623E+02  4.2216E+15
  6.2500E+03  1.3496E+02  4.2504E+15
  6.3500E+03  1.3252E+02  4.2405E+15
  6.4500E+03  1.2960E+02  4.2123E+15
  6.5500E+03  1.2297E+02  4.0588E+15
  6.6500E+03  1.2531E+02  4.1991E+15
  6.7500E+03  1.2264E+02  4.1715E+15
  6.8500E+03  1.2061E+02  4.1631E+15
  6.9500E+03  1.1877E+02  4.1595E+15
  7.0500E+03  1.1555E+02  4.1050E+15
  7.1500E+03  1.1140E+02  4.0135E+15
  7.2500E+03  1.0912E+02  3.9864E+15
  7.3500E+03  1.0618E+02  3.9325E+15
  7.4500E+03  1.0525E+02  3.9510E+15
  7.5500E+03  1.0289E+02  3.9143E+15
  7.6500E+03  9.9302E+01  3.8279E+15
  7.7500E+03  9.7148E+01  3.7938E+15
  7.8500E+03  9.4685E+01  3.7454E+15
  7.9500E+03  9.3235E+01  3.7350E+15
  8.0500E+03  9.1812E+01  3.7243E+15
  8.1500E+03  8.9054E+01  3.6573E+15
  8.2500E+03  8.7270E+01  3.6280E+15
  8.3500E+03  8.5135E+01  3.5821E+15
  8.4500E+03  7.8976E+01  3.3628E+15
 uvscale   1.0000000000000000     
 for a solar flux from    2.7000000000000002       Ga
 it is considering CS2
 ihztype is:                     0
 using fractal MIE data
 using ihztype 0: 0.05 um particles (Khare)
 N =    1  EMAX = 2.22E-08 FOR CH23    AT Z = 3.25E+05 U = 1.19E-20 RHS = 2.64E-28  DT = 5.00E-06  TIME = 1.00E-06
 N =    2  EMAX = 1.09E-07 FOR CH23    AT Z = 3.25E+05 U = 1.19E-20 RHS = 1.29E-27  DT = 2.50E-05  TIME = 6.00E-06
 N =    3  EMAX = 4.97E-07 FOR CH23    AT Z = 3.25E+05 U = 1.19E-20 RHS = 5.91E-27  DT = 1.25E-04  TIME = 3.10E-05
 N =    4  EMAX = 1.68E-06 FOR CH23    AT Z = 3.25E+05 U = 1.19E-20 RHS = 2.00E-26  DT = 6.25E-04  TIME = 1.56E-04
 N =    5  EMAX = 4.61E-06 FOR CH23    AT Z = 2.12E+06 U = 1.06E-20 RHS = 4.90E-26  DT = 3.13E-03  TIME = 7.81E-04
 N =    6  EMAX = 1.90E-05 FOR CH23    AT Z = 7.42E+06 U = 4.83E-15 RHS = 9.20E-20  DT = 1.56E-02  TIME = 3.91E-03
 N =    7  EMAX = 8.70E-05 FOR CH23    AT Z = 7.38E+06 U = 2.36E-15 RHS = 2.05E-19  DT = 7.81E-02  TIME = 1.95E-02
 N =    8  EMAX = 3.13E-04 FOR CH23    AT Z = 7.22E+06 U = 1.77E-16 RHS = 5.54E-20  DT = 3.91E-01  TIME = 9.77E-02
 N =    9  EMAX = 7.45E-04 FOR CH      AT Z = 7.02E+06 U = 1.32E-20 RHS = 9.83E-24  DT = 1.56E+00  TIME = 4.88E-01
 N =   10  EMAX = 6.41E-04 FOR CH23    AT Z = 6.98E+06 U = 3.60E-19 RHS = 2.31E-22  DT = 6.25E+00  TIME = 2.05E+00
 N =   11  EMAX = 4.70E-04 FOR CH2CO   AT Z = 7.12E+06 U = 1.47E-20 RHS = 6.90E-24  DT = 3.12E+01  TIME = 8.30E+00
 N =   12  EMAX = 2.58E-04 FOR C2H4    AT Z = 7.32E+06 U = 1.62E-14 RHS = 4.19E-18  DT = 1.56E+02  TIME = 3.96E+01
 N =   13  EMAX = 5.88E-04 FOR C2H4    AT Z = 7.12E+06 U = 4.71E-16 RHS = 2.77E-19  DT = 6.25E+02  TIME = 1.96E+02
 N =   14  EMAX = 6.09E-04 FOR C2H4    AT Z = 7.08E+06 U = 1.65E-16 RHS = 1.00E-19  DT = 2.50E+03  TIME = 8.21E+02
 N =   15  EMAX = 6.02E-04 FOR O3      AT Z = 3.75E+05 U = 1.13E-20 RHS =-6.79E-24  DT = 1.00E+04  TIME = 3.32E+03
 N =   16  EMAX = 4.44E-04 FOR C2H2    AT Z = 7.28E+06 U = 1.56E-15 RHS = 6.93E-19  DT = 5.00E+04  TIME = 1.33E+04
 N =   17  EMAX = 4.03E-04 FOR CH2CO   AT Z = 6.72E+06 U = 4.52E-20 RHS =-1.82E-23  DT = 2.50E+05  TIME = 6.33E+04
 N =   18  EMAX = 3.07E-04 FOR H2S     AT Z = 6.98E+06 U = 2.49E-20 RHS =-7.65E-24  DT = 1.25E+06  TIME = 3.13E+05
 N =   19  EMAX = 3.06E-04 FOR CH2CO   AT Z = 6.72E+06 U = 4.52E-20 RHS = 1.39E-23  DT = 6.25E+06  TIME = 1.56E+06
 N =   20  EMAX = 2.42E-04 FOR CH3C2H  AT Z = 5.12E+06 U = 1.53E-20 RHS = 3.72E-24  DT = 3.12E+07  TIME = 7.81E+06
 N =   21  EMAX = 1.40E-04 FOR CH3C2H  AT Z = 5.12E+06 U = 1.53E-20 RHS = 2.14E-24  DT = 1.56E+08  TIME = 3.91E+07
 N =   22  EMAX = 6.79E-05 FOR S2      AT Z = 3.18E+06 U = 8.94E-17 RHS =-6.07E-21  DT = 7.81E+08  TIME = 1.95E+08
 N =   23  EMAX = 2.95E-05 FOR C2H2    AT Z = 3.72E+06 U = 1.08E-17 RHS = 3.17E-22  DT = 3.91E+09  TIME = 9.77E+08
 N =   24  EMAX = 2.20E-05 FOR C2H2    AT Z = 3.72E+06 U = 1.08E-17 RHS = 2.37E-22  DT = 1.95E+10  TIME = 4.88E+09
 N =   25  EMAX = 1.19E-05 FOR C2H2    AT Z = 3.72E+06 U = 1.08E-17 RHS = 1.28E-22  DT = 9.77E+10  TIME = 2.44E+10
 N =   26  EMAX = 7.08E-06 FOR C2H2    AT Z = 3.72E+06 U = 1.08E-17 RHS = 7.62E-23  DT = 4.88E+11  TIME = 1.22E+11
Note: The following floating-point exceptions are signalling: IEEE_INVALID_FLAG IEEE_DIVIDE_BY_ZERO IEEE_UNDERFLOW_FLAG IEEE_DENORMAL
 N =   27  EMAX = 4.72E-06 FOR C2H2    AT Z = 3.72E+06 U = 1.08E-17 RHS = 5.08E-23  DT = 2.44E+12  TIME = 6.10E+11
 N =   28  EMAX = 3.20E-06 FOR C2H2    AT Z = 3.72E+06 U = 1.08E-17 RHS = 3.44E-23  DT = 1.22E+13  TIME = 3.05E+12
 N =   29  EMAX = 2.17E-06 FOR C2H2    AT Z = 3.72E+06 U = 1.08E-17 RHS = 2.33E-23  DT = 6.10E+13  TIME = 1.53E+13
 N =   30  EMAX = 1.47E-06 FOR C2H2    AT Z = 3.72E+06 U = 1.08E-17 RHS = 1.58E-23  DT = 3.05E+14  TIME = 7.63E+13
 N =   31  EMAX = 9.97E-07 FOR C2H2    AT Z = 3.72E+06 U = 1.08E-17 RHS = 1.07E-23  DT = 1.53E+15  TIME = 3.81E+14
 N =   32  EMAX = 6.77E-07 FOR C2H2    AT Z = 3.72E+06 U = 1.08E-17 RHS = 7.28E-24  DT = 7.63E+15  TIME = 1.91E+15
 N =   33  EMAX = 4.59E-07 FOR C2H2    AT Z = 3.72E+06 U = 1.08E-17 RHS = 4.94E-24  DT = 3.81E+16  TIME = 9.54E+15
 N =   34  EMAX = 3.11E-07 FOR C2H2    AT Z = 3.72E+06 U = 1.08E-17 RHS = 3.35E-24  DT = 1.91E+17  TIME = 4.77E+16
 N =   35  EMAX = 2.11E-07 FOR C2H2    AT Z = 3.72E+06 U = 1.08E-17 RHS = 2.27E-24  DT = 9.54E+17  TIME = 2.38E+17
 N =   36  EMAX = 1.43E-07 FOR C2H2    AT Z = 3.72E+06 U = 1.08E-17 RHS = 1.54E-24  DT = 4.77E+18  TIME = 1.19E+18

 SCALED HC AEROSOL ABSORPTION OPTICAL DEPTHS
     190 nm = 4.918E-15     200 nm = 4.588E-15     210 nm = 4.295E-15     220 nm = 4.053E-15     258 nm = 2.866E-15     550 nm = 1.661E-16

 SCALED HC AEROSOL EXTINCTION OPTICAL DEPTHS
     190 nm = 4.919E-15     200 nm = 4.588E-15     210 nm = 4.295E-15     220 nm = 4.053E-15     258 nm = 2.867E-15     550 nm = 1.661E-16

 SCALED HC AEROSOL EFFECTIVE OPTICAL DEPTHS
     190 nm = 4.919E-15     200 nm = 4.588E-15     210 nm = 4.295E-15     220 nm = 4.053E-15     258 nm = 2.867E-15     550 nm = 1.661E-16

 CONSERVATION OF SULFUR:
     S loss = 3.850E+09  S prod = 3.850000E+09  SO4LOS = 1.241648E+08  8 S8LOSS = 5.508485E+06  sulrain = 8.096E+08   Difference =-4.214E-01

redox conservation =  7.325E+01 mol/cm^2/s, a factor of  4.024E-11 NEW METHOD

CH4 flux = 1.078833E+11  O2 flux = 9.182506E+11 a ratio of   1.1749E-01

 TAUO2 =    20622.996055169184     
 TAUCH4 =    5099720132.3676519     
 TAUSO2 =    3095.5024649963525     
 
 fractals #1
 fractals #2 
 Comparison between input and output files
 Normalized Gross Error       L2 Norm
   1.1839583126075620E-004   1.6668224978633457E-003
 PhotoMain run completed....
 See PHOTOCHEM/OUTPUT/ directory for the output files.
