 pstar is 13      
 ihzscale is                     0
 uvscale is    1.0000000000000000     
 FRAK =    1.0000000000000000     
 P0 =    1.0129999999999999     
 pstar = 13      
 ihztype =                     7
 NZ =                  200
 FSCALE =    1.0000000000000000     
 G =    980.70000000000005     
 ihz =                     7
 NP =                    4
 Calculated WTa for O2-N2 dominated atmosphere...
 Surface WTa =    28.396501199032354     
 CALLING RATES...
 DIFCO: WT for N2/O2 dominated atmosphere....
 NW =                   118    WAVELENGTH GRID:   1216.0000000000000       -   8550.0000000000000       Angstroms
 PSTAR is our sun
 using Atlas 1 spectrum for the sun

   wavl [A]     mW/m2/A   phot/cm2/s

  1.2160E+03  8.3034E-02  4.2738E+11
  1.3000E+03  1.8527E-02  6.0683E+10
  1.3500E+03  8.3131E-03  2.8276E+10
  1.4000E+03  1.0023E-02  3.5356E+10
  1.4500E+03  1.3129E-02  4.7964E+10
  1.5000E+03  2.3301E-02  8.8062E+10
  1.5500E+03  2.8051E-02  1.0954E+11
  1.6000E+03  3.7421E-02  1.5085E+11
  1.6500E+03  5.4713E-02  2.2745E+11
  1.7000E+03  7.8486E-02  3.6306E+11
  1.7540E+03  1.1624E-01  1.6438E+11
  1.7700E+03  1.4425E-01  2.0585E+11
  1.7860E+03  1.5403E-01  2.2179E+11
  1.8020E+03  2.0779E-01  3.0189E+11
  1.8180E+03  2.2109E-01  3.4431E+11
  1.8350E+03  2.0423E-01  3.2104E+11
  1.8520E+03  2.3968E-01  3.8024E+11
  1.8690E+03  2.9234E-01  4.9557E+11
  1.8870E+03  3.3670E-01  5.7628E+11
  1.9050E+03  3.8724E-01  6.6910E+11
  1.9230E+03  3.6209E-01  6.6664E+11
  1.9420E+03  5.0425E-01  9.3756E+11
  1.9610E+03  5.5435E-01  1.0408E+12
  1.9800E+03  5.6782E-01  1.1330E+12
  2.0000E+03  6.5484E-01  1.3199E+12
  2.0200E+03  7.1795E-01  1.5346E+12
  2.0410E+03  8.3551E-01  1.8045E+12
  2.0620E+03  9.3140E-01  2.0323E+12
  2.0830E+03  1.4226E+00  3.2851E+12
  2.1050E+03  2.1063E+00  5.1385E+12
  2.1280E+03  2.3593E+00  5.8188E+12
  2.1510E+03  2.1928E+00  5.4665E+12
  2.1740E+03  2.8580E+00  8.1403E+12
  2.2000E+03  2.8508E+00  6.9527E+12
  2.2220E+03  3.9070E+00  1.0936E+13
  2.2470E+03  3.0710E+00  9.0406E+12
  2.2730E+03  3.1566E+00  9.4003E+12
  2.2990E+03  3.4787E+00  1.0881E+13
  2.3260E+03  3.0673E+00  9.7066E+12
  2.3530E+03  3.5659E+00  1.1838E+13
  2.3810E+03  3.0637E+00  1.0660E+13
  2.4100E+03  4.3615E+00  1.5360E+13
  2.4390E+03  3.7861E+00  1.3960E+13
  2.4690E+03  3.5441E+00  1.3669E+13
  2.5000E+03  3.4181E+00  1.3779E+13
  2.5320E+03  4.8486E+00  1.9796E+13
  2.5640E+03  8.9427E+00  3.8128E+13
  2.5970E+03  7.0985E+00  3.2513E+13
  2.6320E+03  1.7915E+01  8.3161E+13
  2.6670E+03  1.8974E+01  9.1799E+13
  2.7030E+03  1.6480E+01  8.3051E+13
  2.7400E+03  1.5174E+01  7.9610E+13
  2.7780E+03  1.0339E+01  5.6447E+13
  2.8170E+03  1.8566E+01  1.0542E+14
  2.8570E+03  2.5907E+01  1.5665E+14
  2.8990E+03  4.3684E+01  2.6802E+14
  2.9410E+03  3.9737E+01  2.5911E+14
  2.9850E+03  3.5449E+01  2.3994E+14
  3.0300E+03  4.6738E+01  3.3540E+14
  3.0770E+03  4.9207E+01  3.6622E+14
  3.1250E+03  5.3381E+01  4.2029E+14
  3.1750E+03  5.7007E+01  4.5602E+14
  3.2250E+03  6.5414E+01  5.3152E+14
  3.2750E+03  7.9020E+01  6.5202E+14
  3.3250E+03  7.2028E+01  6.0341E+14
  3.3750E+03  7.5361E+01  6.4082E+14
  3.4250E+03  7.1871E+01  3.1010E+14
  3.4500E+03  7.7727E+01  1.3512E+15
  3.5500E+03  7.5291E+01  1.3468E+15
  3.6500E+03  8.9893E+01  1.6533E+15
  3.7500E+03  8.2432E+01  1.5576E+15
  3.8500E+03  8.0255E+01  1.5570E+15
  3.9500E+03  1.1642E+02  2.3173E+15
  4.0500E+03  1.3433E+02  2.7413E+15
  4.1500E+03  1.3714E+02  2.8678E+15
  4.2500E+03  1.2601E+02  2.6986E+15
  4.3500E+03  1.4689E+02  3.2197E+15
  4.4500E+03  1.6103E+02  3.6109E+15
  4.5500E+03  1.6720E+02  3.8335E+15
  4.6500E+03  1.6363E+02  3.8341E+15
  4.7500E+03  1.6753E+02  4.0099E+15
  4.8500E+03  1.5549E+02  3.8001E+15
  4.9500E+03  1.5628E+02  3.8982E+15
  5.0500E+03  1.5340E+02  3.9037E+15
  5.1500E+03  1.4478E+02  3.7572E+15
  5.2500E+03  1.5038E+02  3.9783E+15
  5.3500E+03  1.5123E+02  4.0770E+15
  5.4500E+03  1.5282E+02  4.1968E+15
  5.5500E+03  1.4892E+02  4.1648E+15
  5.6500E+03  1.4777E+02  4.2072E+15
  5.7500E+03  1.4829E+02  4.2965E+15
  5.8500E+03  1.4346E+02  4.2289E+15
  5.9500E+03  1.4248E+02  4.2719E+15
  6.0500E+03  1.4033E+02  4.2781E+15
  6.1500E+03  1.3623E+02  4.2216E+15
  6.2500E+03  1.3496E+02  4.2504E+15
  6.3500E+03  1.3252E+02  4.2405E+15
  6.4500E+03  1.2960E+02  4.2123E+15
  6.5500E+03  1.2297E+02  4.0588E+15
  6.6500E+03  1.2531E+02  4.1991E+15
  6.7500E+03  1.2264E+02  4.1715E+15
  6.8500E+03  1.2061E+02  4.1631E+15
  6.9500E+03  1.1877E+02  4.1595E+15
  7.0500E+03  1.1555E+02  4.1050E+15
  7.1500E+03  1.1140E+02  4.0135E+15
  7.2500E+03  1.0912E+02  3.9864E+15
  7.3500E+03  1.0618E+02  3.9325E+15
  7.4500E+03  1.0525E+02  3.9510E+15
  7.5500E+03  1.0289E+02  3.9143E+15
  7.6500E+03  9.9302E+01  3.8279E+15
  7.7500E+03  9.7148E+01  3.7938E+15
  7.8500E+03  9.4685E+01  3.7454E+15
  7.9500E+03  9.3235E+01  3.7350E+15
  8.0500E+03  9.1812E+01  3.7243E+15
  8.1500E+03  8.9054E+01  3.6573E+15
  8.2500E+03  8.7270E+01  3.6280E+15
  8.3500E+03  8.5135E+01  3.5821E+15
  8.4500E+03  7.8976E+01  3.3628E+15
 uvscale   1.0000000000000000     
 for a solar flux from    2.7000000000000002       Ga
 it is considering CS2
 ihztype is:                     7
 using fractal MIE data
 ihztype 7: 0.05 um (Khare + Gavalin)
 N =    1  EMAX = 9.11E-08 FOR HS      AT Z = 2.50E+04 U = 1.25E-20 RHS = 1.14E-27  DT = 5.00E-06  TIME = 1.00E-06
 N =    2  EMAX = 8.85E-08 FOR HS      AT Z = 7.50E+04 U = 3.03E-20 RHS = 2.68E-27  DT = 2.50E-05  TIME = 6.00E-06
 N =    3  EMAX = 1.08E-07 FOR HS      AT Z = 1.25E+05 U = 4.63E-19 RHS = 5.01E-26  DT = 1.25E-04  TIME = 3.10E-05
 N =    4  EMAX = 8.14E-08 FOR HS      AT Z = 1.75E+05 U = 2.85E-18 RHS = 2.32E-25  DT = 6.25E-04  TIME = 1.56E-04
 N =    5  EMAX = 9.99E-08 FOR CH23    AT Z = 1.52E+06 U = 4.57E-19 RHS = 4.57E-26  DT = 3.13E-03  TIME = 7.81E-04
 N =    6  EMAX = 3.36E-07 FOR CH23    AT Z = 8.28E+06 U = 8.37E-14 RHS =-2.81E-20  DT = 1.56E-02  TIME = 3.91E-03
 N =    7  EMAX = 1.54E-06 FOR CH23    AT Z = 8.28E+06 U = 8.37E-14 RHS =-1.29E-19  DT = 7.81E-02  TIME = 1.95E-02
 N =    8  EMAX = 5.29E-06 FOR CH23    AT Z = 8.28E+06 U = 8.37E-14 RHS =-4.43E-19  DT = 3.91E-01  TIME = 9.77E-02
 N =    9  EMAX = 9.18E-06 FOR CH      AT Z = 8.32E+06 U = 1.37E-14 RHS =-1.26E-19  DT = 1.95E+00  TIME = 4.88E-01
 N =   10  EMAX = 7.53E-06 FOR CH2CO   AT Z = 8.48E+06 U = 3.77E-16 RHS =-2.84E-21  DT = 9.77E+00  TIME = 2.44E+00
 N =   11  EMAX = 9.08E-06 FOR CS      AT Z = 8.32E+06 U = 5.63E-20 RHS =-5.11E-25  DT = 4.88E+01  TIME = 1.22E+01
 N =   12  EMAX = 5.68E-06 FOR C2H4    AT Z = 8.28E+06 U = 1.79E-11 RHS =-1.02E-16  DT = 2.44E+02  TIME = 6.10E+01
 N =   13  EMAX = 8.05E-06 FOR C2H4OH  AT Z = 8.42E+06 U = 1.22E-20 RHS =-9.85E-26  DT = 1.22E+03  TIME = 3.05E+02
 N =   14  EMAX = 5.65E-06 FOR C2H4OH  AT Z = 8.82E+06 U = 1.27E-18 RHS =-7.19E-24  DT = 6.10E+03  TIME = 1.53E+03
 N =   15  EMAX = 6.89E-06 FOR H2SO4   AT Z = 9.98E+06 U = 3.04E-20 RHS = 2.09E-25  DT = 3.05E+04  TIME = 7.63E+03
 N =   16  EMAX = 5.36E-06 FOR C3H8    AT Z = 8.92E+06 U = 3.13E-15 RHS =-1.68E-20  DT = 1.53E+05  TIME = 3.81E+04
 N =   17  EMAX = 1.15E-05 FOR C3H8    AT Z = 8.48E+06 U = 2.58E-16 RHS =-2.96E-21  DT = 7.63E+05  TIME = 1.91E+05
 N =   18  EMAX = 1.21E-05 FOR C3H6    AT Z = 6.42E+06 U = 1.19E-19 RHS =-1.45E-24  DT = 3.81E+06  TIME = 9.54E+05
 N =   19  EMAX = 9.23E-06 FOR CH3C2H  AT Z = 6.08E+06 U = 2.09E-18 RHS =-1.93E-23  DT = 1.91E+07  TIME = 4.77E+06
 N =   20  EMAX = 1.57E-06 FOR CH3C2H  AT Z = 6.02E+06 U = 7.30E-19 RHS =-1.15E-24  DT = 9.54E+07  TIME = 2.38E+07
 N =   21  EMAX = 1.05E-05 FOR HCAER   AT Z = 2.48E+06 U = 6.45E-16 RHS =-6.74E-21  DT = 4.77E+08  TIME = 1.19E+08
 N =   22  EMAX = 2.22E-05 FOR HCAER   AT Z = 1.28E+06 U = 1.32E-17 RHS =-2.93E-22  DT = 2.38E+09  TIME = 5.96E+08
 N =   23  EMAX = 9.25E-06 FOR HCAER   AT Z = 7.25E+05 U = 1.37E-18 RHS =-1.26E-23  DT = 1.19E+10  TIME = 2.98E+09
 N =   24  EMAX = 6.82E-07 FOR HCAER   AT Z = 6.75E+05 U = 1.17E-18 RHS =-7.99E-25  DT = 5.96E+10  TIME = 1.49E+10
 N =   25  EMAX = 2.91E-08 FOR CS2     AT Z = 4.88E+06 U = 1.01E-20 RHS = 2.95E-28  DT = 2.98E+11  TIME = 7.45E+10
 N =   26  EMAX = 1.20E-08 FOR CS2     AT Z = 4.88E+06 U = 1.01E-20 RHS = 1.21E-28  DT = 1.49E+12  TIME = 3.73E+11
Note: The following floating-point exceptions are signalling: IEEE_INVALID_FLAG IEEE_DIVIDE_BY_ZERO IEEE_UNDERFLOW_FLAG IEEE_DENORMAL
 N =   27  EMAX = 4.00E-09 FOR CS2     AT Z = 4.88E+06 U = 1.01E-20 RHS = 4.05E-29  DT = 7.45E+12  TIME = 1.86E+12
 N =   28  EMAX = 1.74E-09 FOR CS2     AT Z = 4.88E+06 U = 1.01E-20 RHS = 1.77E-29  DT = 3.73E+13  TIME = 9.31E+12
 N =   29  EMAX = 8.55E-10 FOR CS2     AT Z = 4.88E+06 U = 1.01E-20 RHS = 8.67E-30  DT = 1.86E+14  TIME = 4.66E+13
 N =   30  EMAX = 2.83E-10 FOR CS2     AT Z = 4.88E+06 U = 1.01E-20 RHS = 2.87E-30  DT = 9.31E+14  TIME = 2.33E+14
 N =   31  EMAX = 8.99E-11 FOR CS2     AT Z = 4.88E+06 U = 1.01E-20 RHS = 9.12E-31  DT = 4.66E+15  TIME = 1.16E+15
 N =   32  EMAX = 4.67E-11 FOR CS2     AT Z = 4.88E+06 U = 1.01E-20 RHS = 4.73E-31  DT = 2.33E+16  TIME = 5.82E+15
 N =   33  EMAX = 2.17E-11 FOR CS2     AT Z = 4.88E+06 U = 1.01E-20 RHS = 2.20E-31  DT = 1.16E+17  TIME = 2.91E+16
 N =   34  EMAX = 8.00E-12 FOR CS2     AT Z = 4.88E+06 U = 1.01E-20 RHS = 8.11E-32  DT = 5.82E+17  TIME = 1.46E+17
 N =   35  EMAX = 4.50E-12 FOR C3H5    AT Z = 3.25E+05 U = 2.54E-20 RHS =-1.14E-31  DT = 2.91E+18  TIME = 7.28E+17

 SCALED HC AEROSOL ABSORPTION OPTICAL DEPTHS
     190 nm = 1.824E-07     200 nm = 1.720E-07     210 nm = 1.619E-07     220 nm = 1.536E-07     258 nm = 1.151E-07     550 nm = 1.627E-09

 SCALED HC AEROSOL EXTINCTION OPTICAL DEPTHS
     190 nm = 1.825E-07     200 nm = 1.720E-07     210 nm = 1.619E-07     220 nm = 1.536E-07     258 nm = 1.151E-07     550 nm = 1.627E-09

 SCALED HC AEROSOL EFFECTIVE OPTICAL DEPTHS
     190 nm = 1.825E-07     200 nm = 1.720E-07     210 nm = 1.619E-07     220 nm = 1.536E-07     258 nm = 1.151E-07     550 nm = 1.627E-09

 CONSERVATION OF SULFUR:
     S loss = 1.748E+10  S prod = 1.524200E+10  SO4LOS = 4.026750E+08  8 S8LOSS = 8.700912E+09  sulrain = 1.101E+10   Difference =-2.233E+09

redox conservation = -4.467E+09 mol/cm^2/s, a factor of -1.227E-03 NEW METHOD

CH4 flux = 9.456045E+11  O2 flux = 1.838480E+12 a ratio of   5.1434E-01

 TAUO2 =    7087.2542218056187     
 TAUCH4 =    6452840597.1430578     
 TAUSO2 =    3459.5351385237755     
 
 fractals #1
 fractals #2 
 Comparison between input and output files
 Normalized Gross Error       L2 Norm
   4.4418834980022301E-006   1.1967295013053227E-003
 PhotoMain run completed....
 See PHOTOCHEM/OUTPUT/ directory for the output files.
