 pstar is 25      
 ihzscale is                     0
 uvscale is    1.0000000000000000     
 FRAK =    1.0000000000000000     
 P0 =    1.0129999999999999     
 pstar = 25      
 ihztype =                     0
 NZ =                  200
 FSCALE =    1.0000000000000000     
 G =    980.70000000000005     
 ihz =                     0
 NP =                    4
 Calculated WTa for O2-N2 dominated atmosphere...
 Surface WTa =    28.350274149965955     
 CALLING RATES...
 DIFCO: WT for N2/O2 dominated atmosphere....
 NW =                   118    WAVELENGTH GRID:   1216.0000000000000       -   8550.0000000000000       Angstroms
 STAR IS 25 (HD85512!)
 This is a K6V star!

   wavl [A]     mW/m2/A   phot/cm2/s

  1.2160E+03  2.0579E-01  1.0592E+12
  1.3000E+03  8.5945E-03  2.8150E+10
  1.3500E+03  1.4690E-03  4.9966E+09
  1.4000E+03  2.5484E-03  8.9889E+09
  1.4500E+03  2.9037E-03  1.0608E+10
  1.5000E+03  6.4647E-03  2.4432E+10
  1.5500E+03  5.7425E-03  2.2426E+10
  1.6000E+03  4.7866E-03  1.9296E+10
  1.6500E+03  9.9150E-03  4.1218E+10
  1.7000E+03  2.3325E-03  1.0790E+10
  1.7540E+03  4.7066E-04  6.6558E+08
  1.7700E+03  3.4254E-04  4.8882E+08
  1.7860E+03  5.7397E-03  8.2648E+09
  1.8020E+03  5.0328E-02  7.3119E+10
  1.8180E+03  6.7867E-04  1.0569E+09
  1.8350E+03  4.0970E-03  6.4402E+09
  1.8520E+03  7.9307E-03  1.2582E+10
  1.8690E+03  2.5650E-03  4.3483E+09
  1.8870E+03  8.3937E-03  1.4366E+10
  1.9050E+03  5.8141E-03  1.0046E+10
  1.9230E+03  1.3419E-03  2.4706E+09
  1.9420E+03  7.3290E-03  1.3627E+10
  1.9610E+03  3.7730E-03  7.0836E+09
  1.9800E+03  1.2163E-02  2.4271E+10
  2.0000E+03  8.6483E-03  1.7431E+10
  2.0200E+03  1.3123E-02  2.8050E+10
  2.0410E+03  9.5986E-03  2.0731E+10
  2.0620E+03  5.6407E-03  1.2308E+10
  2.0830E+03  5.1859E-03  1.1975E+10
  2.1050E+03  2.5317E-03  6.1764E+09
  2.1280E+03  1.2440E-02  3.0681E+10
  2.1510E+03  5.9593E-03  1.4856E+10
  2.1740E+03  1.0755E-02  3.0632E+10
  2.2000E+03  1.2526E-02  3.0548E+10
  2.2220E+03  1.7797E-02  4.9818E+10
  2.2470E+03  4.5893E-02  1.3510E+11
  2.2730E+03  4.2166E-02  1.2557E+11
  2.2990E+03  2.6002E-02  8.1331E+10
  2.3260E+03  1.0405E-01  3.2928E+11
  2.3530E+03  9.9197E-02  3.2932E+11
  2.3810E+03  1.0941E-01  3.8069E+11
  2.4100E+03  8.6431E-02  3.0439E+11
  2.4390E+03  1.2589E-01  4.6415E+11
  2.4690E+03  1.4150E-01  5.4572E+11
  2.5000E+03  1.4056E-01  5.6664E+11
  2.5320E+03  2.2665E-01  9.2536E+11
  2.5640E+03  2.2080E-01  9.4140E+11
  2.5970E+03  4.0889E-01  1.8728E+12
  2.6320E+03  4.7591E-01  2.2092E+12
  2.6670E+03  4.9405E-01  2.3902E+12
  2.7030E+03  5.7813E-01  2.9135E+12
  2.7400E+03  7.6787E-01  4.0287E+12
  2.7780E+03  1.3317E+00  7.2704E+12
  2.8170E+03  6.9129E-01  3.9251E+12
  2.8570E+03  1.1379E+00  6.8802E+12
  2.8990E+03  2.0560E+00  1.2614E+13
  2.9410E+03  2.0294E+00  1.3233E+13
  2.9850E+03  2.2031E+00  1.4912E+13
  3.0300E+03  3.3224E+00  2.3842E+13
  3.0770E+03  4.7561E+00  3.5396E+13
  3.1250E+03  7.0710E+00  5.5673E+13
  3.1750E+03  5.7205E+00  4.5761E+13
  3.2250E+03  5.6572E+00  4.5967E+13
  3.2750E+03  1.0042E+01  8.2863E+13
  3.3250E+03  1.0663E+01  8.9327E+13
  3.3750E+03  1.3197E+01  1.1222E+14
  3.4250E+03  1.1441E+01  4.9364E+13
  3.4500E+03  1.5646E+01  2.7199E+14
  3.5500E+03  1.3494E+01  2.4139E+14
  3.6500E+03  1.6562E+01  3.0461E+14
  3.7500E+03  1.5751E+01  2.9763E+14
  3.8500E+03  1.6109E+01  3.1251E+14
  3.9500E+03  3.0715E+01  6.1136E+14
  4.0500E+03  4.4959E+01  9.1751E+14
  4.1500E+03  4.5362E+01  9.4860E+14
  4.2500E+03  5.0960E+01  1.0914E+15
  4.3500E+03  6.9663E+01  1.5270E+15
  4.4500E+03  8.7690E+01  1.9663E+15
  4.5500E+03  1.0552E+02  2.4192E+15
  4.6500E+03  1.0400E+02  2.4368E+15
  4.7500E+03  9.5441E+01  2.2844E+15
  4.8500E+03  1.0100E+02  2.4683E+15
  4.9500E+03  8.9570E+01  2.2341E+15
  5.0500E+03  7.8089E+01  1.9871E+15
  5.1500E+03  8.2039E+01  2.1290E+15
  5.2500E+03  1.0927E+02  2.8906E+15
  5.3500E+03  1.1753E+02  3.1684E+15
  5.4500E+03  1.2310E+02  3.3807E+15
  5.5500E+03  1.2599E+02  3.5234E+15
  5.6500E+03  1.3268E+02  3.7776E+15
  5.7500E+03  1.3454E+02  3.8983E+15
  5.8500E+03  1.2332E+02  3.6353E+15
  5.9500E+03  1.3434E+02  4.0278E+15
  6.0500E+03  1.3259E+02  4.0421E+15
  6.1500E+03  1.2815E+02  3.9713E+15
  6.2500E+03  1.2919E+02  4.0688E+15
  6.3500E+03  1.3021E+02  4.1664E+15
  6.4500E+03  1.3133E+02  4.2684E+15
  6.5500E+03  1.3341E+02  4.4033E+15
  6.6500E+03  1.3115E+02  4.3949E+15
  6.7500E+03  1.2828E+02  4.3633E+15
  6.8500E+03  1.2474E+02  4.3056E+15
  6.9500E+03  1.2817E+02  4.4887E+15
  7.0500E+03  1.2799E+02  4.5470E+15
  7.1500E+03  1.2644E+02  4.5556E+15
  7.2500E+03  1.2758E+02  4.6608E+15
  7.3500E+03  1.2627E+02  4.6765E+15
  7.4500E+03  1.2684E+02  4.7618E+15
  7.5500E+03  1.2649E+02  4.8121E+15
  7.6500E+03  1.2315E+02  4.7474E+15
  7.7500E+03  1.2367E+02  4.8296E+15
  7.8500E+03  1.2207E+02  4.8286E+15
  7.9500E+03  1.2112E+02  4.8521E+15
  8.0500E+03  1.1965E+02  4.8537E+15
  8.1500E+03  1.1699E+02  4.8047E+15
  8.2500E+03  1.1675E+02  4.8534E+15
  8.3500E+03  1.1375E+02  4.7860E+15
  8.4500E+03  1.1093E+02  4.7232E+15
 uvscale   1.0000000000000000     
 for a solar flux from    2.7000000000000002       Ga
 it is considering CS2
 ihztype is:                     0
 using fractal MIE data
 using ihztype 0: 0.05 um particles (Khare)
 N =    1  EMAX = 2.96E-04 FOR OH      AT Z = 2.50E+04 U = 8.80E-17 RHS = 2.60E-20  DT = 5.00E-06  TIME = 1.00E-06
 N =    2  EMAX = 1.47E-03 FOR OH      AT Z = 2.50E+04 U = 8.80E-17 RHS = 1.30E-19  DT = 1.50E-05  TIME = 6.00E-06
 N =    3  EMAX = 4.39E-03 FOR OH      AT Z = 2.50E+04 U = 8.81E-17 RHS = 3.87E-19  DT = 3.00E-05  TIME = 2.10E-05
 N =    4  EMAX = 8.62E-03 FOR OH      AT Z = 2.50E+04 U = 8.85E-17 RHS = 7.63E-19  DT = 4.20E-05  TIME = 5.10E-05
 N =    5  EMAX = 1.18E-02 FOR OH      AT Z = 2.50E+04 U = 8.93E-17 RHS = 1.05E-18  DT = 5.04E-05  TIME = 9.30E-05
 N =    6  EMAX = 1.36E-02 FOR OH      AT Z = 2.50E+04 U = 9.03E-17 RHS = 1.23E-18  DT = 6.05E-05  TIME = 1.43E-04
 N =    7  EMAX = 1.57E-02 FOR OH      AT Z = 2.50E+04 U = 9.16E-17 RHS = 1.44E-18  DT = 7.26E-05  TIME = 2.04E-04
 N =    8  EMAX = 1.80E-02 FOR OH      AT Z = 2.50E+04 U = 9.30E-17 RHS = 1.67E-18  DT = 8.71E-05  TIME = 2.76E-04
 N =    9  EMAX = 2.04E-02 FOR OH      AT Z = 2.50E+04 U = 9.47E-17 RHS = 1.93E-18  DT = 1.05E-04  TIME = 3.64E-04
 N =   10  EMAX = 2.29E-02 FOR OH      AT Z = 2.50E+04 U = 9.66E-17 RHS = 2.22E-18  DT = 1.25E-04  TIME = 4.68E-04
 N =   11  EMAX = 2.55E-02 FOR OH      AT Z = 2.50E+04 U = 9.88E-17 RHS = 2.52E-18  DT = 1.50E-04  TIME = 5.93E-04
 N =   12  EMAX = 2.80E-02 FOR OH      AT Z = 2.50E+04 U = 1.01E-16 RHS = 2.83E-18  DT = 1.81E-04  TIME = 7.44E-04
 N =   13  EMAX = 3.02E-02 FOR OH      AT Z = 2.50E+04 U = 1.04E-16 RHS = 3.15E-18  DT = 2.17E-04  TIME = 9.25E-04
 N =   14  EMAX = 3.21E-02 FOR OH      AT Z = 2.50E+04 U = 1.07E-16 RHS = 3.45E-18  DT = 2.60E-04  TIME = 1.14E-03
 N =   15  EMAX = 3.35E-02 FOR OH      AT Z = 2.50E+04 U = 1.11E-16 RHS = 3.71E-18  DT = 3.12E-04  TIME = 1.40E-03
 N =   16  EMAX = 3.41E-02 FOR OH      AT Z = 2.50E+04 U = 1.14E-16 RHS = 3.90E-18  DT = 3.74E-04  TIME = 1.71E-03
 N =   17  EMAX = 3.39E-02 FOR OH      AT Z = 2.50E+04 U = 1.18E-16 RHS = 4.02E-18  DT = 4.49E-04  TIME = 2.09E-03
 N =   18  EMAX = 3.28E-02 FOR OH      AT Z = 2.50E+04 U = 1.22E-16 RHS = 4.02E-18  DT = 5.39E-04  TIME = 2.54E-03
 N =   19  EMAX = 3.22E-02 FOR OH      AT Z = 3.75E+05 U = 3.97E-18 RHS = 1.28E-19  DT = 6.47E-04  TIME = 3.08E-03
 N =   20  EMAX = 3.13E-02 FOR OH      AT Z = 3.75E+05 U = 4.09E-18 RHS = 1.28E-19  DT = 7.77E-04  TIME = 3.72E-03
 N =   21  EMAX = 2.95E-02 FOR OH      AT Z = 4.25E+05 U = 3.68E-18 RHS = 1.09E-19  DT = 9.32E-04  TIME = 4.50E-03
 N =   22  EMAX = 2.71E-02 FOR OH      AT Z = 4.25E+05 U = 3.79E-18 RHS = 1.03E-19  DT = 1.12E-03  TIME = 5.43E-03
 N =   23  EMAX = 2.40E-02 FOR OH      AT Z = 4.75E+05 U = 3.54E-18 RHS = 8.49E-20  DT = 1.34E-03  TIME = 6.55E-03
 N =   24  EMAX = 2.06E-02 FOR OH      AT Z = 5.25E+05 U = 3.30E-18 RHS = 6.80E-20  DT = 1.61E-03  TIME = 7.89E-03
 N =   25  EMAX = 1.72E-02 FOR OH      AT Z = 6.75E+05 U = 2.62E-18 RHS = 4.53E-20  DT = 1.93E-03  TIME = 9.50E-03
 N =   26  EMAX = 1.47E-02 FOR OH      AT Z = 8.25E+05 U = 2.25E-18 RHS = 3.30E-20  DT = 2.32E-03  TIME = 1.14E-02
 N =   27  EMAX = 1.31E-02 FOR OH      AT Z = 1.12E+06 U = 2.47E-18 RHS = 3.22E-20  DT = 2.78E-03  TIME = 1.38E-02
 N =   28  EMAX = 1.16E-02 FOR OH      AT Z = 1.12E+06 U = 2.50E-18 RHS = 2.89E-20  DT = 3.34E-03  TIME = 1.65E-02
 N =   29  EMAX = 1.01E-02 FOR OH      AT Z = 1.28E+06 U = 3.10E-18 RHS = 3.13E-20  DT = 4.01E-03  TIME = 1.99E-02
 N =   30  EMAX = 8.69E-03 FOR OH      AT Z = 1.32E+06 U = 3.57E-18 RHS = 3.10E-20  DT = 5.61E-03  TIME = 2.39E-02
 N =   31  EMAX = 9.14E-03 FOR C2H     AT Z = 7.68E+06 U = 3.18E-20 RHS = 2.91E-22  DT = 7.85E-03  TIME = 2.95E-02
 N =   32  EMAX = 1.25E-02 FOR C2H     AT Z = 7.68E+06 U = 3.21E-20 RHS = 4.01E-22  DT = 9.42E-03  TIME = 3.73E-02
 N =   33  EMAX = 1.45E-02 FOR C2H     AT Z = 7.68E+06 U = 3.25E-20 RHS = 4.71E-22  DT = 1.13E-02  TIME = 4.68E-02
 N =   34  EMAX = 1.67E-02 FOR C2H     AT Z = 7.68E+06 U = 3.30E-20 RHS = 5.51E-22  DT = 1.36E-02  TIME = 5.81E-02
 N =   35  EMAX = 1.92E-02 FOR C2H     AT Z = 7.68E+06 U = 3.36E-20 RHS = 6.43E-22  DT = 1.63E-02  TIME = 7.16E-02
 N =   36  EMAX = 2.18E-02 FOR C2H     AT Z = 7.68E+06 U = 3.42E-20 RHS = 7.45E-22  DT = 1.95E-02  TIME = 8.79E-02
 N =   37  EMAX = 2.46E-02 FOR C2H     AT Z = 7.62E+06 U = 2.84E-20 RHS = 6.97E-22  DT = 2.34E-02  TIME = 1.07E-01
 N =   38  EMAX = 2.74E-02 FOR C2H     AT Z = 7.62E+06 U = 2.91E-20 RHS = 7.97E-22  DT = 2.81E-02  TIME = 1.31E-01
 N =   39  EMAX = 3.02E-02 FOR C2H     AT Z = 7.62E+06 U = 2.99E-20 RHS = 9.03E-22  DT = 3.38E-02  TIME = 1.59E-01
 N =   40  EMAX = 3.29E-02 FOR C2H     AT Z = 7.62E+06 U = 3.08E-20 RHS = 1.01E-21  DT = 4.05E-02  TIME = 1.93E-01
 N =   41  EMAX = 3.52E-02 FOR C2H     AT Z = 7.62E+06 U = 3.18E-20 RHS = 1.12E-21  DT = 4.86E-02  TIME = 2.33E-01
 N =   42  EMAX = 3.70E-02 FOR C2H     AT Z = 7.58E+06 U = 2.68E-20 RHS = 9.94E-22  DT = 5.83E-02  TIME = 2.82E-01
 N =   43  EMAX = 3.83E-02 FOR C2H     AT Z = 7.58E+06 U = 2.78E-20 RHS = 1.07E-21  DT = 7.00E-02  TIME = 3.40E-01
 N =   44  EMAX = 3.88E-02 FOR C2H     AT Z = 7.52E+06 U = 2.37E-20 RHS = 9.19E-22  DT = 8.40E-02  TIME = 4.10E-01
 N =   45  EMAX = 3.85E-02 FOR C2H     AT Z = 7.52E+06 U = 2.46E-20 RHS = 9.47E-22  DT = 1.01E-01  TIME = 4.94E-01
 N =   46  EMAX = 3.74E-02 FOR C2H     AT Z = 7.42E+06 U = 1.75E-20 RHS = 6.55E-22  DT = 1.21E-01  TIME = 5.95E-01
 N =   47  EMAX = 3.59E-02 FOR C2H     AT Z = 7.28E+06 U = 1.10E-20 RHS = 3.94E-22  DT = 1.45E-01  TIME = 7.16E-01
 N =   48  EMAX = 3.36E-02 FOR C2H     AT Z = 7.28E+06 U = 1.14E-20 RHS = 3.82E-22  DT = 1.74E-01  TIME = 8.61E-01
 N =   49  EMAX = 3.04E-02 FOR C2H     AT Z = 7.28E+06 U = 1.18E-20 RHS = 3.57E-22  DT = 2.09E-01  TIME = 1.04E+00
 N =   50  EMAX = 2.71E-02 FOR C2H     AT Z = 7.22E+06 U = 1.03E-20 RHS = 2.79E-22  DT = 2.51E-01  TIME = 1.24E+00
 N =   51  EMAX = 2.86E-02 FOR O       AT Z = 2.50E+04 U = 1.00E-13 RHS =-2.86E-15  DT = 3.01E-01  TIME = 1.50E+00
 N =   52  EMAX = 2.98E-02 FOR O       AT Z = 2.50E+04 U = 9.72E-14 RHS =-2.90E-15  DT = 3.61E-01  TIME = 1.80E+00
 N =   53  EMAX = 3.27E-02 FOR C3H6    AT Z = 8.12E+06 U = 1.04E-20 RHS =-3.40E-22  DT = 4.34E-01  TIME = 2.16E+00
 N =   54  EMAX = 3.65E-02 FOR C3H6    AT Z = 8.12E+06 U = 1.00E-20 RHS =-3.66E-22  DT = 5.20E-01  TIME = 2.59E+00
 N =   55  EMAX = 3.74E-02 FOR C3H6    AT Z = 8.08E+06 U = 1.05E-20 RHS =-3.92E-22  DT = 6.24E-01  TIME = 3.11E+00
 N =   56  EMAX = 4.04E-02 FOR C3H6    AT Z = 8.08E+06 U = 1.01E-20 RHS =-4.07E-22  DT = 7.49E-01  TIME = 3.74E+00
 N =   57  EMAX = 3.98E-02 FOR C3H6    AT Z = 8.02E+06 U = 1.04E-20 RHS =-4.15E-22  DT = 8.99E-01  TIME = 4.49E+00
 N =   58  EMAX = 3.97E-02 FOR S       AT Z = 2.75E+05 U = 1.33E-16 RHS =-5.27E-18  DT = 1.08E+00  TIME = 5.38E+00
 N =   59  EMAX = 3.98E-02 FOR S       AT Z = 3.25E+05 U = 1.78E-16 RHS =-7.08E-18  DT = 1.29E+00  TIME = 6.46E+00
 N =   60  EMAX = 3.97E-02 FOR S       AT Z = 3.75E+05 U = 2.39E-16 RHS =-9.50E-18  DT = 1.55E+00  TIME = 7.76E+00
 N =   61  EMAX = 3.94E-02 FOR S       AT Z = 4.25E+05 U = 3.16E-16 RHS =-1.24E-17  DT = 1.86E+00  TIME = 9.31E+00
 N =   62  EMAX = 3.91E-02 FOR S       AT Z = 4.75E+05 U = 4.15E-16 RHS =-1.62E-17  DT = 2.24E+00  TIME = 1.12E+01
 N =   63  EMAX = 3.88E-02 FOR S       AT Z = 4.75E+05 U = 3.98E-16 RHS =-1.54E-17  DT = 2.68E+00  TIME = 1.34E+01
 N =   64  EMAX = 3.85E-02 FOR S       AT Z = 5.25E+05 U = 5.27E-16 RHS =-2.03E-17  DT = 3.22E+00  TIME = 1.61E+01
 N =   65  EMAX = 3.82E-02 FOR S       AT Z = 5.75E+05 U = 7.01E-16 RHS =-2.68E-17  DT = 3.87E+00  TIME = 1.93E+01
 N =   66  EMAX = 3.79E-02 FOR S       AT Z = 6.25E+05 U = 9.30E-16 RHS =-3.53E-17  DT = 4.64E+00  TIME = 2.32E+01
 N =   67  EMAX = 3.76E-02 FOR S       AT Z = 6.75E+05 U = 1.21E-15 RHS =-4.56E-17  DT = 5.57E+00  TIME = 2.78E+01
 N =   68  EMAX = 3.74E-02 FOR S       AT Z = 7.25E+05 U = 1.58E-15 RHS =-5.90E-17  DT = 6.68E+00  TIME = 3.34E+01
 N =   69  EMAX = 3.72E-02 FOR S       AT Z = 7.75E+05 U = 2.06E-15 RHS =-7.65E-17  DT = 8.02E+00  TIME = 4.01E+01
 N =   70  EMAX = 3.70E-02 FOR S       AT Z = 8.25E+05 U = 2.68E-15 RHS =-9.92E-17  DT = 9.62E+00  TIME = 4.81E+01
 N =   71  EMAX = 3.68E-02 FOR S       AT Z = 8.75E+05 U = 3.48E-15 RHS =-1.28E-16  DT = 1.15E+01  TIME = 5.77E+01
 N =   72  EMAX = 3.67E-02 FOR S       AT Z = 9.25E+05 U = 4.44E-15 RHS =-1.63E-16  DT = 1.39E+01  TIME = 6.92E+01
 N =   73  EMAX = 3.67E-02 FOR S       AT Z = 9.75E+05 U = 5.51E-15 RHS =-2.02E-16  DT = 1.66E+01  TIME = 8.31E+01
 N =   74  EMAX = 3.65E-02 FOR S       AT Z = 1.02E+06 U = 6.78E-15 RHS =-2.48E-16  DT = 1.99E+01  TIME = 9.97E+01
 N =   75  EMAX = 3.64E-02 FOR S       AT Z = 1.08E+06 U = 8.28E-15 RHS =-3.01E-16  DT = 2.39E+01  TIME = 1.20E+02
 N =   76  EMAX = 3.63E-02 FOR S       AT Z = 1.18E+06 U = 1.23E-14 RHS =-4.47E-16  DT = 2.87E+01  TIME = 1.44E+02
 N =   77  EMAX = 3.62E-02 FOR S       AT Z = 1.22E+06 U = 1.43E-14 RHS =-5.17E-16  DT = 3.45E+01  TIME = 1.72E+02
 N =   78  EMAX = 3.59E-02 FOR S       AT Z = 1.28E+06 U = 1.64E-14 RHS =-5.88E-16  DT = 4.14E+01  TIME = 2.07E+02
 N =   79  EMAX = 3.55E-02 FOR S       AT Z = 1.38E+06 U = 2.20E-14 RHS =-7.80E-16  DT = 4.96E+01  TIME = 2.48E+02
 N =   80  EMAX = 3.52E-02 FOR S       AT Z = 1.42E+06 U = 2.51E-14 RHS =-8.83E-16  DT = 5.96E+01  TIME = 2.98E+02
 N =   81  EMAX = 3.49E-02 FOR S       AT Z = 1.48E+06 U = 2.87E-14 RHS =-1.00E-15  DT = 7.15E+01  TIME = 3.57E+02
 N =   82  EMAX = 3.47E-02 FOR S       AT Z = 1.58E+06 U = 3.90E-14 RHS =-1.36E-15  DT = 8.58E+01  TIME = 4.29E+02
 N =   83  EMAX = 3.45E-02 FOR S       AT Z = 1.62E+06 U = 4.48E-14 RHS =-1.54E-15  DT = 1.03E+02  TIME = 5.15E+02
 N =   84  EMAX = 3.43E-02 FOR S       AT Z = 1.72E+06 U = 6.10E-14 RHS =-2.09E-15  DT = 1.23E+02  TIME = 6.17E+02
 N =   85  EMAX = 3.40E-02 FOR S       AT Z = 1.78E+06 U = 6.98E-14 RHS =-2.38E-15  DT = 1.48E+02  TIME = 7.41E+02
 N =   86  EMAX = 3.38E-02 FOR S       AT Z = 1.88E+06 U = 9.47E-14 RHS =-3.20E-15  DT = 1.78E+02  TIME = 8.89E+02
 N =   87  EMAX = 3.35E-02 FOR S       AT Z = 1.92E+06 U = 1.08E-13 RHS =-3.63E-15  DT = 2.13E+02  TIME = 1.07E+03
 N =   88  EMAX = 3.33E-02 FOR S       AT Z = 2.02E+06 U = 1.46E-13 RHS =-4.87E-15  DT = 2.56E+02  TIME = 1.28E+03
 N =   89  EMAX = 3.32E-02 FOR S       AT Z = 2.08E+06 U = 1.67E-13 RHS =-5.53E-15  DT = 3.07E+02  TIME = 1.54E+03
 N =   90  EMAX = 3.31E-02 FOR S       AT Z = 2.18E+06 U = 2.23E-13 RHS =-7.38E-15  DT = 3.69E+02  TIME = 1.84E+03
 N =   91  EMAX = 3.30E-02 FOR S       AT Z = 2.22E+06 U = 2.53E-13 RHS =-8.35E-15  DT = 4.42E+02  TIME = 2.21E+03
 N =   92  EMAX = 3.30E-02 FOR S       AT Z = 2.32E+06 U = 3.34E-13 RHS =-1.10E-14  DT = 5.31E+02  TIME = 2.65E+03
 N =   93  EMAX = 3.30E-02 FOR S       AT Z = 2.38E+06 U = 3.77E-13 RHS =-1.24E-14  DT = 6.37E+02  TIME = 3.19E+03
 N =   94  EMAX = 3.29E-02 FOR S       AT Z = 2.48E+06 U = 4.93E-13 RHS =-1.62E-14  DT = 7.65E+02  TIME = 3.82E+03
 N =   95  EMAX = 3.30E-02 FOR S       AT Z = 2.52E+06 U = 5.53E-13 RHS =-1.82E-14  DT = 9.18E+02  TIME = 4.59E+03
 N =   96  EMAX = 3.30E-02 FOR S       AT Z = 2.58E+06 U = 6.20E-13 RHS =-2.04E-14  DT = 1.10E+03  TIME = 5.51E+03
 N =   97  EMAX = 3.29E-02 FOR S       AT Z = 2.68E+06 U = 8.05E-13 RHS =-2.65E-14  DT = 1.32E+03  TIME = 6.61E+03
 N =   98  EMAX = 3.45E-02 FOR CH2CO   AT Z = 2.50E+04 U = 3.39E-13 RHS = 1.17E-14  DT = 1.59E+03  TIME = 7.93E+03
 N =   99  EMAX = 3.84E-02 FOR CH2CO   AT Z = 2.50E+04 U = 3.50E-13 RHS = 1.35E-14  DT = 1.90E+03  TIME = 9.51E+03
 N =  100  EMAX = 4.16E-02 FOR CH2CO   AT Z = 2.50E+04 U = 3.64E-13 RHS = 1.51E-14  DT = 2.28E+03  TIME = 1.14E+04
 N =  101  EMAX = 4.37E-02 FOR CH2CO   AT Z = 2.50E+04 U = 3.79E-13 RHS = 1.66E-14  DT = 2.74E+03  TIME = 1.37E+04
 N =  102  EMAX = 4.41E-02 FOR CH2CO   AT Z = 2.50E+04 U = 3.96E-13 RHS = 1.75E-14  DT = 3.29E+03  TIME = 1.64E+04
 N =  103  EMAX = 4.27E-02 FOR CH2CO   AT Z = 2.50E+04 U = 4.13E-13 RHS = 1.76E-14  DT = 3.95E+03  TIME = 1.97E+04
 N =  104  EMAX = 4.11E-02 FOR HS      AT Z = 4.58E+06 U = 1.08E-15 RHS =-4.43E-17  DT = 4.73E+03  TIME = 2.37E+04
 N =  105  EMAX = 4.46E-02 FOR H2S     AT Z = 4.48E+06 U = 3.19E-17 RHS =-1.42E-18  DT = 5.68E+03  TIME = 2.84E+04
 N =  106  EMAX = 5.27E-02 FOR C3H8    AT Z = 9.98E+06 U = 6.82E-19 RHS = 3.60E-20  DT = 6.82E+03  TIME = 3.41E+04
 N =  107  EMAX = 6.19E-02 FOR C3H8    AT Z = 9.98E+06 U = 7.18E-19 RHS = 4.44E-20  DT = 8.18E+03  TIME = 4.09E+04
 N =  108  EMAX = 7.18E-02 FOR C3H8    AT Z = 9.98E+06 U = 7.63E-19 RHS = 5.47E-20  DT = 9.00E+03  TIME = 4.91E+04
 N =  109  EMAX = 7.50E-02 FOR C3H8    AT Z = 9.98E+06 U = 8.17E-19 RHS = 6.13E-20  DT = 9.90E+03  TIME = 5.81E+04
 N =  110  EMAX = 7.72E-02 FOR C3H8    AT Z = 9.98E+06 U = 8.79E-19 RHS = 6.78E-20  DT = 1.09E+04  TIME = 6.80E+04
 N =  111  EMAX = 7.81E-02 FOR C3H8    AT Z = 9.98E+06 U = 9.46E-19 RHS = 7.39E-20  DT = 1.20E+04  TIME = 7.89E+04
 N =  112  EMAX = 7.76E-02 FOR C3H8    AT Z = 9.98E+06 U = 1.02E-18 RHS = 7.91E-20  DT = 1.32E+04  TIME = 9.09E+04
 N =  113  EMAX = 7.53E-02 FOR C3H8    AT Z = 9.98E+06 U = 1.10E-18 RHS = 8.28E-20  DT = 1.45E+04  TIME = 1.04E+05
 N =  114  EMAX = 7.14E-02 FOR C3H8    AT Z = 9.98E+06 U = 1.18E-18 RHS = 8.44E-20  DT = 1.59E+04  TIME = 1.19E+05
 N =  115  EMAX = 6.66E-02 FOR CH2CO   AT Z = 7.08E+06 U = 7.86E-17 RHS =-5.24E-18  DT = 1.91E+04  TIME = 1.34E+05
 N =  116  EMAX = 7.99E-02 FOR CH2CO   AT Z = 7.08E+06 U = 7.34E-17 RHS =-5.87E-18  DT = 2.10E+04  TIME = 1.54E+05
 N =  117  EMAX = 8.54E-02 FOR CH2CO   AT Z = 7.08E+06 U = 6.75E-17 RHS =-5.77E-18  DT = 2.31E+04  TIME = 1.75E+05
 N =  118  EMAX = 9.09E-02 FOR CH2CO   AT Z = 7.02E+06 U = 9.87E-17 RHS =-8.97E-18  DT = 2.55E+04  TIME = 1.98E+05
 N =  119  EMAX = 9.56E-02 FOR CH2CO   AT Z = 7.02E+06 U = 8.98E-17 RHS =-8.58E-18  DT = 2.80E+04  TIME = 2.23E+05
 N =  120  EMAX = 9.89E-02 FOR CH2CO   AT Z = 7.02E+06 U = 8.12E-17 RHS =-8.03E-18  DT = 3.08E+04  TIME = 2.51E+05
 N =  121  EMAX = 1.01E-01 FOR CH2CO   AT Z = 7.02E+06 U = 7.32E-17 RHS =-7.37E-18  DT = 3.39E+04  TIME = 2.82E+05
 N =  122  EMAX = 1.01E-01 FOR CH2CO   AT Z = 7.02E+06 U = 6.58E-17 RHS =-6.64E-18  DT = 3.73E+04  TIME = 3.16E+05
 N =  123  EMAX = 9.94E-02 FOR CH2CO   AT Z = 7.02E+06 U = 5.91E-17 RHS =-5.88E-18  DT = 4.10E+04  TIME = 3.53E+05
 N =  124  EMAX = 9.64E-02 FOR CH2CO   AT Z = 7.02E+06 U = 5.33E-17 RHS =-5.13E-18  DT = 4.51E+04  TIME = 3.94E+05
 N =  125  EMAX = 9.32E-02 FOR OCS     AT Z = 6.72E+06 U = 4.24E-18 RHS = 3.95E-19  DT = 4.96E+04  TIME = 4.39E+05
 N =  126  EMAX = 9.82E-02 FOR OCS     AT Z = 6.98E+06 U = 3.16E-18 RHS = 3.10E-19  DT = 5.46E+04  TIME = 4.89E+05
 N =  127  EMAX = 1.03E-01 FOR OCS     AT Z = 7.18E+06 U = 2.45E-18 RHS = 2.52E-19  DT = 6.00E+04  TIME = 5.44E+05
 N =  128  EMAX = 1.07E-01 FOR OCS     AT Z = 7.42E+06 U = 1.61E-18 RHS = 1.71E-19  DT = 6.60E+04  TIME = 6.04E+05
 N =  129  EMAX = 1.10E-01 FOR OCS     AT Z = 7.78E+06 U = 7.22E-19 RHS = 7.91E-20  DT = 7.27E+04  TIME = 6.70E+05
 N =  130  EMAX = 1.11E-01 FOR OCS     AT Z = 8.18E+06 U = 2.41E-19 RHS = 2.69E-20  DT = 7.99E+04  TIME = 7.42E+05
 N =  131  EMAX = 1.11E-01 FOR OCS     AT Z = 8.48E+06 U = 1.08E-19 RHS = 1.21E-20  DT = 8.79E+04  TIME = 8.22E+05
 N =  132  EMAX = 1.08E-01 FOR OCS     AT Z = 8.62E+06 U = 7.90E-20 RHS = 8.57E-21  DT = 9.67E+04  TIME = 9.10E+05
 N =  133  EMAX = 1.03E-01 FOR OCS     AT Z = 8.82E+06 U = 5.24E-20 RHS = 5.37E-21  DT = 1.06E+05  TIME = 1.01E+06
 N =  134  EMAX = 9.48E-02 FOR OCS     AT Z = 8.92E+06 U = 4.58E-20 RHS = 4.34E-21  DT = 1.17E+05  TIME = 1.11E+06
 N =  135  EMAX = 8.60E-02 FOR OCS     AT Z = 9.08E+06 U = 3.66E-20 RHS = 3.14E-21  DT = 1.29E+05  TIME = 1.23E+06
 N =  136  EMAX = 7.70E-02 FOR OCS     AT Z = 9.22E+06 U = 3.01E-20 RHS = 2.32E-21  DT = 1.42E+05  TIME = 1.36E+06
 N =  137  EMAX = 8.73E-02 FOR H2O2    AT Z = 4.18E+06 U = 2.08E-15 RHS = 1.81E-16  DT = 1.56E+05  TIME = 1.50E+06
 N =  138  EMAX = 1.03E-01 FOR H2O2    AT Z = 4.08E+06 U = 1.42E-15 RHS = 1.47E-16  DT = 1.71E+05  TIME = 1.66E+06
 N =  139  EMAX = 1.20E-01 FOR H2O2    AT Z = 4.02E+06 U = 1.22E-15 RHS = 1.47E-16  DT = 1.88E+05  TIME = 1.83E+06
 N =  140  EMAX = 1.38E-01 FOR H2O2    AT Z = 3.92E+06 U = 8.03E-16 RHS = 1.11E-16  DT = 2.07E+05  TIME = 2.02E+06
 N =  141  EMAX = 1.58E-01 FOR H2O2    AT Z = 3.82E+06 U = 4.88E-16 RHS = 7.70E-17  DT = 2.07E+05  TIME = 2.22E+06
 N =  142  EMAX = 1.60E-01 FOR H2O2    AT Z = 3.72E+06 U = 2.69E-16 RHS = 4.30E-17  DT = 2.07E+05  TIME = 2.43E+06
 N =  143  EMAX = 1.61E-01 FOR H2O2    AT Z = 3.68E+06 U = 2.06E-16 RHS = 3.31E-17  DT = 2.07E+05  TIME = 2.64E+06
 N =  144  EMAX = 1.59E-01 FOR H2O2    AT Z = 3.62E+06 U = 1.54E-16 RHS = 2.45E-17  DT = 2.07E+05  TIME = 2.85E+06
 N =  145  EMAX = 1.56E-01 FOR H2O2    AT Z = 3.58E+06 U = 1.12E-16 RHS = 1.74E-17  DT = 2.07E+05  TIME = 3.05E+06
 N =  146  EMAX = 1.52E-01 FOR H2O2    AT Z = 3.52E+06 U = 7.87E-17 RHS = 1.19E-17  DT = 2.07E+05  TIME = 3.26E+06
 N =  147  EMAX = 1.46E-01 FOR H2O2    AT Z = 3.48E+06 U = 5.43E-17 RHS = 7.93E-18  DT = 2.28E+05  TIME = 3.47E+06
 N =  148  EMAX = 1.55E-01 FOR H2O2    AT Z = 3.42E+06 U = 3.67E-17 RHS = 5.69E-18  DT = 2.28E+05  TIME = 3.69E+06
 N =  149  EMAX = 1.46E-01 FOR H2O2    AT Z = 3.42E+06 U = 4.24E-17 RHS = 6.19E-18  DT = 2.51E+05  TIME = 3.92E+06
 N =  150  EMAX = 1.51E-01 FOR H2O2    AT Z = 3.38E+06 U = 2.85E-17 RHS = 4.31E-18  DT = 2.51E+05  TIME = 4.17E+06
 N =  151  EMAX = 1.39E-01 FOR H2O2    AT Z = 3.32E+06 U = 1.91E-17 RHS = 2.66E-18  DT = 2.76E+05  TIME = 4.42E+06
 N =  152  EMAX = 1.40E-01 FOR H2O2    AT Z = 3.32E+06 U = 2.18E-17 RHS = 3.05E-18  DT = 3.03E+05  TIME = 4.70E+06
 N =  153  EMAX = 1.38E-01 FOR H2O2    AT Z = 3.28E+06 U = 1.45E-17 RHS = 2.01E-18  DT = 3.34E+05  TIME = 5.00E+06
 N =  154  EMAX = 1.34E-01 FOR H2O2    AT Z = 3.28E+06 U = 1.65E-17 RHS = 2.21E-18  DT = 3.67E+05  TIME = 5.34E+06
 N =  155  EMAX = 1.26E-01 FOR H2O2    AT Z = 3.28E+06 U = 1.87E-17 RHS = 2.35E-18  DT = 4.04E+05  TIME = 5.70E+06
 N =  156  EMAX = 1.15E-01 FOR H2O2    AT Z = 3.22E+06 U = 1.24E-17 RHS = 1.43E-18  DT = 4.44E+05  TIME = 6.11E+06
 N =  157  EMAX = 1.02E-01 FOR H2O2    AT Z = 3.22E+06 U = 1.39E-17 RHS = 1.42E-18  DT = 4.89E+05  TIME = 6.55E+06
 N =  158  EMAX = 8.72E-02 FOR H2O2    AT Z = 3.18E+06 U = 9.22E-18 RHS = 8.04E-19  DT = 5.38E+05  TIME = 7.04E+06
 N =  159  EMAX = 7.33E-02 FOR CH3O    AT Z = 2.25E+05 U = 5.72E-15 RHS =-4.20E-16  DT = 5.91E+05  TIME = 7.58E+06
 N =  160  EMAX = 7.70E-02 FOR CH3O2   AT Z = 1.75E+05 U = 3.47E-14 RHS =-2.68E-15  DT = 6.51E+05  TIME = 8.17E+06
 N =  161  EMAX = 8.16E-02 FOR CH3O2   AT Z = 1.75E+05 U = 3.21E-14 RHS =-2.62E-15  DT = 7.16E+05  TIME = 8.82E+06
 N =  162  EMAX = 8.62E-02 FOR CH3O2   AT Z = 1.75E+05 U = 2.94E-14 RHS =-2.54E-15  DT = 7.87E+05  TIME = 9.54E+06
 N =  163  EMAX = 9.09E-02 FOR CH3O2   AT Z = 1.75E+05 U = 2.69E-14 RHS =-2.45E-15  DT = 8.66E+05  TIME = 1.03E+07
 N =  164  EMAX = 9.55E-02 FOR CH3O2   AT Z = 1.75E+05 U = 2.45E-14 RHS =-2.34E-15  DT = 9.52E+05  TIME = 1.12E+07
 N =  165  EMAX = 1.00E-01 FOR CH3O2   AT Z = 1.75E+05 U = 2.21E-14 RHS =-2.21E-15  DT = 1.05E+06  TIME = 1.21E+07
 N =  166  EMAX = 1.05E-01 FOR CH3O2   AT Z = 1.75E+05 U = 1.99E-14 RHS =-2.08E-15  DT = 1.15E+06  TIME = 1.32E+07
 N =  167  EMAX = 1.09E-01 FOR CH3O2   AT Z = 1.75E+05 U = 1.78E-14 RHS =-1.94E-15  DT = 1.27E+06  TIME = 1.43E+07
 N =  168  EMAX = 1.13E-01 FOR CH3O2   AT Z = 1.75E+05 U = 1.59E-14 RHS =-1.79E-15  DT = 1.39E+06  TIME = 1.56E+07
 N =  169  EMAX = 1.17E-01 FOR CH3O2   AT Z = 1.75E+05 U = 1.41E-14 RHS =-1.64E-15  DT = 1.53E+06  TIME = 1.70E+07
 N =  170  EMAX = 1.20E-01 FOR CH3O2   AT Z = 1.75E+05 U = 1.25E-14 RHS =-1.49E-15  DT = 1.69E+06  TIME = 1.85E+07
 N =  171  EMAX = 1.22E-01 FOR CH3O2   AT Z = 1.75E+05 U = 1.10E-14 RHS =-1.33E-15  DT = 1.86E+06  TIME = 2.02E+07
 N =  172  EMAX = 1.23E-01 FOR CH3O2   AT Z = 1.75E+05 U = 9.63E-15 RHS =-1.18E-15  DT = 2.04E+06  TIME = 2.21E+07
 N =  173  EMAX = 1.23E-01 FOR CH3O2   AT Z = 1.75E+05 U = 8.45E-15 RHS =-1.04E-15  DT = 2.25E+06  TIME = 2.41E+07
 N =  174  EMAX = 1.21E-01 FOR CH3O2   AT Z = 1.75E+05 U = 7.41E-15 RHS =-8.98E-16  DT = 2.47E+06  TIME = 2.64E+07
 N =  175  EMAX = 1.18E-01 FOR CH3O2   AT Z = 1.75E+05 U = 6.51E-15 RHS =-7.69E-16  DT = 2.72E+06  TIME = 2.88E+07
 N =  176  EMAX = 1.13E-01 FOR CH3O2   AT Z = 1.75E+05 U = 5.74E-15 RHS =-6.52E-16  DT = 2.99E+06  TIME = 3.16E+07
 N =  177  EMAX = 1.08E-01 FOR CH3O2   AT Z = 1.75E+05 U = 5.09E-15 RHS =-5.48E-16  DT = 3.29E+06  TIME = 3.45E+07
 N =  178  EMAX = 1.00E-01 FOR CH3O2   AT Z = 1.75E+05 U = 4.54E-15 RHS =-4.57E-16  DT = 3.62E+06  TIME = 3.78E+07
 N =  179  EMAX = 9.27E-02 FOR CH3O2   AT Z = 1.75E+05 U = 4.09E-15 RHS =-3.79E-16  DT = 3.98E+06  TIME = 4.15E+07
 N =  180  EMAX = 9.09E-02 FOR H2O2    AT Z = 2.68E+06 U = 4.14E-17 RHS = 3.76E-18  DT = 4.38E+06  TIME = 4.54E+07
 N =  181  EMAX = 9.61E-02 FOR H2O2    AT Z = 2.72E+06 U = 2.89E-17 RHS = 2.78E-18  DT = 4.81E+06  TIME = 4.98E+07
 N =  182  EMAX = 9.84E-02 FOR H2O2    AT Z = 2.72E+06 U = 3.17E-17 RHS = 3.12E-18  DT = 5.30E+06  TIME = 5.46E+07
 N =  183  EMAX = 9.76E-02 FOR H2O2    AT Z = 2.72E+06 U = 3.48E-17 RHS = 3.39E-18  DT = 5.83E+06  TIME = 5.99E+07
 N =  184  EMAX = 9.39E-02 FOR H2O2    AT Z = 2.72E+06 U = 3.82E-17 RHS = 3.58E-18  DT = 6.41E+06  TIME = 6.57E+07
 N =  185  EMAX = 8.79E-02 FOR H2O2    AT Z = 2.78E+06 U = 2.67E-17 RHS = 2.35E-18  DT = 7.05E+06  TIME = 7.21E+07
 N =  186  EMAX = 8.01E-02 FOR H2O2    AT Z = 2.78E+06 U = 2.91E-17 RHS = 2.33E-18  DT = 7.75E+06  TIME = 7.92E+07
 N =  187  EMAX = 7.26E-02 FOR S8AER   AT Z = 1.98E+06 U = 2.21E-17 RHS =-1.61E-18  DT = 8.53E+06  TIME = 8.70E+07
 N =  188  EMAX = 7.68E-02 FOR S8AER   AT Z = 2.08E+06 U = 2.09E-17 RHS =-1.60E-18  DT = 9.38E+06  TIME = 9.55E+07
 N =  189  EMAX = 8.15E-02 FOR S8AER   AT Z = 2.18E+06 U = 1.91E-17 RHS =-1.56E-18  DT = 1.03E+07  TIME = 1.05E+08
 N =  190  EMAX = 8.70E-02 FOR S8AER   AT Z = 2.32E+06 U = 1.69E-17 RHS =-1.47E-18  DT = 1.14E+07  TIME = 1.15E+08
 N =  191  EMAX = 9.32E-02 FOR S8AER   AT Z = 2.48E+06 U = 1.44E-17 RHS =-1.35E-18  DT = 1.25E+07  TIME = 1.27E+08
 N =  192  EMAX = 9.96E-02 FOR S8AER   AT Z = 2.48E+06 U = 1.31E-17 RHS =-1.30E-18  DT = 1.37E+07  TIME = 1.39E+08
 N =  193  EMAX = 1.06E-01 FOR S8AER   AT Z = 2.48E+06 U = 1.18E-17 RHS =-1.24E-18  DT = 1.51E+07  TIME = 1.53E+08
 N =  194  EMAX = 1.11E-01 FOR S8AER   AT Z = 2.48E+06 U = 1.05E-17 RHS =-1.17E-18  DT = 1.66E+07  TIME = 1.68E+08
 N =  195  EMAX = 1.16E-01 FOR S8AER   AT Z = 2.48E+06 U = 9.37E-18 RHS =-1.08E-18  DT = 1.83E+07  TIME = 1.84E+08
 N =  196  EMAX = 1.19E-01 FOR S8AER   AT Z = 2.48E+06 U = 8.28E-18 RHS =-9.85E-19  DT = 2.01E+07  TIME = 2.03E+08
 N =  197  EMAX = 1.21E-01 FOR S8AER   AT Z = 2.48E+06 U = 7.30E-18 RHS =-8.80E-19  DT = 2.21E+07  TIME = 2.23E+08
 N =  198  EMAX = 1.20E-01 FOR S8AER   AT Z = 2.48E+06 U = 6.42E-18 RHS =-7.70E-19  DT = 2.43E+07  TIME = 2.45E+08
 N =  199  EMAX = 1.17E-01 FOR S8AER   AT Z = 2.48E+06 U = 5.65E-18 RHS =-6.59E-19  DT = 2.68E+07  TIME = 2.69E+08
 N =  200  EMAX = 1.11E-01 FOR S8AER   AT Z = 2.48E+06 U = 4.99E-18 RHS =-5.52E-19  DT = 2.94E+07  TIME = 2.96E+08
 N =  201  EMAX = 1.02E-01 FOR S8AER   AT Z = 2.48E+06 U = 4.44E-18 RHS =-4.51E-19  DT = 3.24E+07  TIME = 3.26E+08
 N =  202  EMAX = 8.99E-02 FOR S8AER   AT Z = 2.48E+06 U = 3.99E-18 RHS =-3.58E-19  DT = 3.56E+07  TIME = 3.58E+08
 N =  203  EMAX = 7.64E-02 FOR S8AER   AT Z = 2.48E+06 U = 3.63E-18 RHS =-2.77E-19  DT = 3.92E+07  TIME = 3.94E+08
 N =  204  EMAX = 6.21E-02 FOR S8AER   AT Z = 2.48E+06 U = 3.35E-18 RHS =-2.08E-19  DT = 4.70E+07  TIME = 4.33E+08
 N =  205  EMAX = 5.10E-02 FOR S8AER   AT Z = 2.48E+06 U = 3.14E-18 RHS =-1.60E-19  DT = 5.64E+07  TIME = 4.80E+08
 N =  206  EMAX = 3.86E-02 FOR S8AER   AT Z = 2.48E+06 U = 2.98E-18 RHS =-1.15E-19  DT = 6.77E+07  TIME = 5.36E+08
 N =  207  EMAX = 2.66E-02 FOR S8AER   AT Z = 2.48E+06 U = 2.87E-18 RHS =-7.63E-20  DT = 8.13E+07  TIME = 6.04E+08
 N =  208  EMAX = 1.65E-02 FOR S8AER   AT Z = 2.48E+06 U = 2.79E-18 RHS =-4.62E-20  DT = 9.75E+07  TIME = 6.85E+08
 N =  209  EMAX = 9.12E-03 FOR S8AER   AT Z = 2.48E+06 U = 2.75E-18 RHS =-2.50E-20  DT = 1.37E+08  TIME = 7.83E+08
 N =  210  EMAX = 8.52E-03 FOR C3H6    AT Z = 3.78E+06 U = 1.19E-20 RHS = 1.01E-22  DT = 1.91E+08  TIME = 9.19E+08
 N =  211  EMAX = 1.08E-02 FOR C3H6    AT Z = 3.78E+06 U = 1.20E-20 RHS = 1.29E-22  DT = 2.29E+08  TIME = 1.11E+09
 N =  212  EMAX = 1.15E-02 FOR C3H6    AT Z = 3.78E+06 U = 1.21E-20 RHS = 1.39E-22  DT = 2.75E+08  TIME = 1.34E+09
 N =  213  EMAX = 1.20E-02 FOR C3H6    AT Z = 3.78E+06 U = 1.23E-20 RHS = 1.47E-22  DT = 3.30E+08  TIME = 1.61E+09
 N =  214  EMAX = 1.21E-02 FOR C3H6    AT Z = 3.78E+06 U = 1.24E-20 RHS = 1.51E-22  DT = 3.96E+08  TIME = 1.95E+09
 N =  215  EMAX = 1.20E-02 FOR C3H6    AT Z = 3.78E+06 U = 1.26E-20 RHS = 1.50E-22  DT = 4.76E+08  TIME = 2.34E+09
 N =  216  EMAX = 1.14E-02 FOR C3H6    AT Z = 3.78E+06 U = 1.27E-20 RHS = 1.45E-22  DT = 5.71E+08  TIME = 2.82E+09
 N =  217  EMAX = 1.05E-02 FOR C3H6    AT Z = 3.82E+06 U = 1.01E-20 RHS = 1.06E-22  DT = 6.85E+08  TIME = 3.39E+09
 N =  218  EMAX = 9.24E-03 FOR C3H6    AT Z = 3.82E+06 U = 1.02E-20 RHS = 9.41E-23  DT = 9.59E+08  TIME = 4.07E+09
 N =  219  EMAX = 8.60E-03 FOR C3H6    AT Z = 3.82E+06 U = 1.03E-20 RHS = 8.84E-23  DT = 1.34E+09  TIME = 5.03E+09
 N =  220  EMAX = 7.08E-03 FOR C3H6    AT Z = 3.82E+06 U = 1.04E-20 RHS = 7.34E-23  DT = 2.68E+09  TIME = 6.37E+09
 N =  221  EMAX = 5.93E-03 FOR C3H6    AT Z = 3.82E+06 U = 1.04E-20 RHS = 6.20E-23  DT = 5.37E+09  TIME = 9.06E+09
 N =  222  EMAX = 3.17E-03 FOR C3H6    AT Z = 3.82E+06 U = 1.05E-20 RHS = 3.33E-23  DT = 1.61E+10  TIME = 1.44E+10
 N =  223  EMAX = 1.42E-03 FOR H2      AT Z = 2.50E+04 U = 1.64E-05 RHS = 2.32E-08  DT = 4.83E+10  TIME = 3.05E+10
 N =  224  EMAX = 2.87E-04 FOR H2      AT Z = 2.50E+04 U = 1.64E-05 RHS = 4.70E-09  DT = 2.42E+11  TIME = 7.89E+10
 N =  225  EMAX = 2.04E-05 FOR H2      AT Z = 2.50E+04 U = 1.64E-05 RHS = 3.34E-10  DT = 1.21E+12  TIME = 3.20E+11
 N =  226  EMAX = 6.23E-07 FOR SO4AER  AT Z = 2.48E+06 U = 1.66E-10 RHS = 1.04E-16  DT = 6.04E+12  TIME = 1.53E+12
 N =  227  EMAX = 1.49E-07 FOR SO4AER  AT Z = 2.48E+06 U = 1.66E-10 RHS =-2.48E-17  DT = 3.02E+13  TIME = 7.57E+12
 N =  228  EMAX = 7.83E-08 FOR SO4AER  AT Z = 2.48E+06 U = 1.66E-10 RHS =-1.30E-17  DT = 1.51E+14  TIME = 3.78E+13
 N =  229  EMAX = 4.48E-09 FOR SO4AER  AT Z = 2.48E+06 U = 1.66E-10 RHS =-7.45E-19  DT = 7.55E+14  TIME = 1.89E+14
 N =  230  EMAX = 4.14E-09 FOR SO4AER  AT Z = 2.48E+06 U = 1.66E-10 RHS = 6.89E-19  DT = 3.78E+15  TIME = 9.44E+14
 N =  231  EMAX = 9.34E-10 FOR SO4AER  AT Z = 2.48E+06 U = 1.66E-10 RHS = 1.55E-19  DT = 1.89E+16  TIME = 4.72E+15
 N =  232  EMAX = 8.81E-11 FOR SO4AER  AT Z = 2.42E+06 U = 1.64E-10 RHS =-1.45E-20  DT = 9.44E+16  TIME = 2.36E+16
 N =  233  EMAX = 6.10E-11 FOR SO4AER  AT Z = 2.48E+06 U = 1.66E-10 RHS =-1.01E-20  DT = 4.72E+17  TIME = 1.18E+17
 N =  234  EMAX = 4.19E-12 FOR C3H7    AT Z = 6.52E+06 U = 1.74E-20 RHS =-7.31E-32  DT = 2.36E+18  TIME = 5.90E+17

 SCALED HC AEROSOL ABSORPTION OPTICAL DEPTHS
     190 nm = 5.728E-13     200 nm = 5.343E-13     210 nm = 5.002E-13     220 nm = 4.720E-13     258 nm = 3.338E-13     550 nm = 1.935E-14

 SCALED HC AEROSOL EXTINCTION OPTICAL DEPTHS
     190 nm = 5.729E-13     200 nm = 5.343E-13     210 nm = 5.002E-13     220 nm = 4.721E-13     258 nm = 3.339E-13     550 nm = 1.935E-14

 SCALED HC AEROSOL EFFECTIVE OPTICAL DEPTHS
     190 nm = 5.728E-13     200 nm = 5.343E-13     210 nm = 5.002E-13     220 nm = 4.720E-13     258 nm = 3.338E-13     550 nm = 1.935E-14

 CONSERVATION OF SULFUR:
     S loss = 3.850E+09  S prod = 3.850000E+09  SO4LOS = 6.042391E+07  8 S8LOSS = 1.039536E+02  sulrain = 1.696E+09   Difference = 5.474E-04

redox conservation =  4.058E+01 mol/cm^2/s, a factor of  3.995E-11 NEW METHOD

CH4 flux = 6.983259E+10  O2 flux = 5.109968E+11 a ratio of   1.3666E-01

 TAUO2 =    57404.821932308565     
Note: The following floating-point exceptions are signalling: IEEE_INVALID_FLAG IEEE_DIVIDE_BY_ZERO IEEE_UNDERFLOW_FLAG IEEE_DENORMAL
 TAUCH4 =    12353457841.679707     
 TAUSO2 =    39275.420032483220     
 
 fractals #1
 fractals #2 
 Comparison between input and output files
 Normalized Gross Error       L2 Norm
   142322263.31152710        8.1913127602881303E-002
 PhotoMain run completed....
 See PHOTOCHEM/OUTPUT/ directory for the output files.
