 pstar is 76      
 ihzscale is                     0
 uvscale is    1.0000000000000000     
 FRAK =    0.0000000000000000     
 P0 =    10.000000000000000     
 pstar = 76      
 NZ =                  200
 FSCALE =    1.0000000000000000     
 G =    980.70000000000005     
 ihz =                    99
 NP =                    2
 Calculated WTa for O2-N2 dominated atmosphere...
 Surface WTa =    31.925760009426728     
 CALLING RATES...
 DIFCO: WT for N2/O2 dominated atmosphere....
 NW =                   118    WAVELENGTH GRID:   1216.0000000000000       -   8550.0000000000000       Angstroms
 STAR IS 76!
 using GJ 876 Spectrum - Giddyup and Ride on Cowboy!

   wavl [A]     mW/m2/A   phot/cm2/s

  1.2160E+03  8.3071E-02  4.2757E+11
  1.3000E+03  1.2813E-02  4.1967E+10
  1.3500E+03  1.2371E-02  4.2078E+10
  1.4000E+03  8.9695E-03  3.1638E+10
  1.4500E+03  7.7935E-03  2.8472E+10
  1.5000E+03  1.4289E-02  5.4003E+10
  1.5500E+03  1.6551E-02  6.4635E+10
  1.6000E+03  1.7625E-02  7.1049E+10
  1.6500E+03  1.5531E-02  6.4566E+10
  1.7000E+03  1.2550E-02  5.8056E+10
  1.7540E+03  1.9125E-02  2.7046E+10
  1.7700E+03  2.4788E-02  3.5373E+10
  1.7860E+03  3.1531E-03  4.5403E+09
  1.8020E+03  1.9500E-03  2.8330E+09
  1.8180E+03  1.9500E-03  3.0368E+09
  1.8350E+03  1.9500E-03  3.0652E+09
  1.8520E+03  1.9500E-03  3.0936E+09
  1.8690E+03  1.9500E-03  3.3057E+09
  1.8870E+03  1.9500E-03  3.3375E+09
  1.9050E+03  1.9500E-03  3.3694E+09
  1.9230E+03  1.9500E-03  3.5901E+09
  1.9420E+03  1.9500E-03  3.6256E+09
  1.9610E+03  1.9500E-03  3.6611E+09
  1.9800E+03  1.9500E-03  3.8911E+09
  2.0000E+03  1.9500E-03  3.9304E+09
  2.0200E+03  1.9500E-03  4.1682E+09
  2.0410E+03  1.9500E-03  4.2115E+09
  2.0620E+03  1.9500E-03  4.2549E+09
  2.0830E+03  3.6363E-03  8.3968E+09
  2.1050E+03  4.3124E-03  1.0521E+10
  2.1280E+03  3.7868E-03  9.3393E+09
  2.1510E+03  9.2613E-03  2.3088E+10
  2.1740E+03  2.2732E-03  6.4746E+09
  2.2000E+03  4.7863E-03  1.1673E+10
  2.2220E+03  5.4908E-03  1.5370E+10
  2.2470E+03  7.0266E-03  2.0685E+10
  2.2730E+03  5.9468E-03  1.7709E+10
  2.2990E+03  7.9092E-03  2.4739E+10
  2.3260E+03  2.8597E-02  9.0497E+10
  2.3530E+03  1.7788E-02  5.9055E+10
  2.3810E+03  2.4820E-02  8.6358E+10
  2.4100E+03  9.0339E-03  3.1815E+10
  2.4390E+03  5.8004E-03  2.1386E+10
  2.4690E+03  1.0848E-02  4.1838E+10
  2.5000E+03  8.9020E-03  3.5886E+10
  2.5320E+03  9.0041E-03  3.6762E+10
  2.5640E+03  1.5308E-02  6.5267E+10
  2.5970E+03  5.2088E-02  2.3858E+11
  2.6320E+03  1.9090E-02  8.8615E+10
  2.6670E+03  2.0410E-02  9.8746E+10
  2.7030E+03  2.4890E-02  1.2543E+11
  2.7400E+03  4.4161E-02  2.3169E+11
  2.7780E+03  1.0041E-01  5.4818E+11
  2.8170E+03  3.3842E-02  1.9215E+11
  2.8570E+03  4.3461E-02  2.6279E+11
  2.8990E+03  6.0234E-02  3.6956E+11
  2.9410E+03  5.3618E-02  3.4963E+11
  2.9850E+03  5.2167E-02  3.5310E+11
  3.0300E+03  6.2909E-02  4.5144E+11
  3.0770E+03  6.8860E-02  5.1249E+11
  3.1250E+03  1.3625E-01  1.0728E+12
  3.1750E+03  2.3962E-01  1.9168E+12
  3.2250E+03  2.9079E-01  2.3628E+12
  3.2750E+03  1.2759E+00  1.0528E+13
  3.3250E+03  1.0678E+00  8.9456E+12
  3.3750E+03  1.0964E+00  9.3233E+12
  3.4250E+03  5.8636E-01  2.5299E+12
  3.4500E+03  1.2737E+00  2.2142E+13
  3.5500E+03  1.4790E+00  2.6457E+13
  3.6500E+03  2.6315E+00  4.8399E+13
  3.7500E+03  3.4161E+00  6.4551E+13
  3.8500E+03  2.4022E+00  4.6604E+13
  3.9500E+03  7.4978E+00  1.4924E+14
  4.0500E+03  1.1359E+01  2.3181E+14
  4.1500E+03  6.8237E+00  1.4270E+14
  4.2500E+03  8.5016E+00  1.8207E+14
  4.3500E+03  1.4910E+01  3.2682E+14
  4.4500E+03  1.1552E+01  2.5905E+14
  4.5500E+03  1.0345E+01  2.3718E+14
  4.6500E+03  1.0374E+01  2.4307E+14
  4.7500E+03  8.3808E+00  2.0060E+14
  4.8500E+03  1.2664E+01  3.0950E+14
  4.9500E+03  7.9567E+00  1.9847E+14
  5.0500E+03  1.3427E+01  3.4167E+14
  5.1500E+03  1.0107E+01  2.6229E+14
  5.2500E+03  1.5394E+01  4.0725E+14
  5.3500E+03  1.8437E+01  4.9703E+14
  5.4500E+03  1.1259E+01  3.0920E+14
  5.5500E+03  1.2495E+01  3.4945E+14
  5.6500E+03  1.5276E+01  4.3490E+14
  5.7500E+03  1.6563E+01  4.7991E+14
  5.8500E+03  8.7751E+00  2.5867E+14
  5.9500E+03  1.1512E+01  3.4515E+14
  6.0500E+03  1.9554E+01  5.9612E+14
  6.1500E+03  9.4603E+00  2.9317E+14
  6.2500E+03  1.1611E+01  3.6567E+14
  6.3500E+03  1.8982E+01  6.0737E+14
  6.4500E+03  2.4339E+01  7.9105E+14
  6.5500E+03  2.0405E+01  6.7346E+14
  6.6500E+03  1.3325E+01  4.4652E+14
  6.7500E+03  1.4417E+01  4.9038E+14
  6.8500E+03  1.6610E+01  5.7331E+14
  6.9500E+03  2.9530E+01  1.0342E+15
  7.0500E+03  1.7572E+01  6.2424E+14
  7.1500E+03  1.7112E+01  6.1651E+14
  7.2500E+03  3.2299E+01  1.1800E+15
  7.3500E+03  4.3257E+01  1.6021E+15
  7.4500E+03  5.0182E+01  1.8839E+15
  7.5500E+03  4.9298E+01  1.8755E+15
  7.6500E+03  3.4159E+01  1.3168E+15
  7.7500E+03  3.1366E+01  1.2249E+15
  7.8500E+03  3.3969E+01  1.3437E+15
  7.9500E+03  4.2743E+01  1.7123E+15
  8.0500E+03  6.7268E+01  2.7286E+15
  8.1500E+03  8.4193E+01  3.4576E+15
  8.2500E+03  7.4509E+01  3.0975E+15
  8.3500E+03  4.3994E+01  1.8511E+15
  8.4500E+03  4.4415E+01  1.8912E+15
 uvscale   1.0000000000000000     
 for a solar flux from    0.0000000000000000       Ga
 ihztype is:                     0
 using spherical MIE data
 N =    1  EMAX = 1.28E-04 FOR O       AT Z = 1.02E+06 U = 1.14E-20 RHS = 1.46E-24  DT = 5.00E-06  TIME = 1.00E-06
 N =    2  EMAX = 7.30E-05 FOR O       AT Z = 1.78E+06 U = 4.00E-18 RHS = 2.92E-22  DT = 2.50E-05  TIME = 6.00E-06
 N =    3  EMAX = 6.74E-05 FOR O       AT Z = 2.32E+06 U = 1.11E-16 RHS = 7.51E-21  DT = 1.25E-04  TIME = 3.10E-05
 N =    4  EMAX = 6.66E-05 FOR O       AT Z = 2.78E+06 U = 1.07E-15 RHS = 7.12E-20  DT = 6.25E-04  TIME = 1.56E-04
 N =    5  EMAX = 6.67E-05 FOR O       AT Z = 3.22E+06 U = 8.65E-15 RHS = 5.76E-19  DT = 3.13E-03  TIME = 7.81E-04
 N =    6  EMAX = 1.97E-04 FOR S       AT Z = 9.98E+06 U = 1.07E-20 RHS =-2.10E-24  DT = 1.56E-02  TIME = 3.91E-03
 N =    7  EMAX = 4.75E-04 FOR S       AT Z = 9.98E+06 U = 1.07E-20 RHS =-5.06E-24  DT = 7.81E-02  TIME = 1.95E-02
 N =    8  EMAX = 3.71E-04 FOR S       AT Z = 9.98E+06 U = 1.07E-20 RHS =-3.96E-24  DT = 3.91E-01  TIME = 9.77E-02
 N =    9  EMAX = 2.20E-04 FOR HO2     AT Z = 9.88E+06 U = 1.01E-20 RHS = 2.21E-24  DT = 1.95E+00  TIME = 4.88E-01
 N =   10  EMAX = 2.12E-04 FOR NO2     AT Z = 9.98E+06 U = 3.82E-15 RHS = 8.08E-19  DT = 9.77E+00  TIME = 2.44E+00
 N =   11  EMAX = 1.22E-04 FOR N       AT Z = 5.28E+06 U = 1.73E-20 RHS = 2.11E-24  DT = 4.88E+01  TIME = 1.22E+01
 N =   12  EMAX = 4.43E-04 FOR N       AT Z = 9.98E+06 U = 2.30E-06 RHS =-1.02E-09  DT = 2.44E+02  TIME = 6.10E+01
 N =   13  EMAX = 7.01E-03 FOR NO3     AT Z = 8.75E+05 U = 3.04E-17 RHS =-2.13E-19  DT = 4.88E+02  TIME = 3.05E+02
 N =   14  EMAX = 3.72E-03 FOR N       AT Z = 9.98E+06 U = 2.30E-06 RHS =-8.55E-09  DT = 1.46E+03  TIME = 7.93E+02
 N =   15  EMAX = 8.67E-03 FOR N       AT Z = 9.98E+06 U = 2.29E-06 RHS =-1.98E-08  DT = 2.05E+03  TIME = 2.26E+03
 N =   16  EMAX = 9.29E-03 FOR N       AT Z = 9.98E+06 U = 2.27E-06 RHS =-2.11E-08  DT = 2.87E+03  TIME = 4.31E+03
 N =   17  EMAX = 9.87E-03 FOR N       AT Z = 9.98E+06 U = 2.25E-06 RHS =-2.22E-08  DT = 4.02E+03  TIME = 7.18E+03
 N =   18  EMAX = 1.04E-02 FOR N       AT Z = 9.98E+06 U = 2.23E-06 RHS =-2.32E-08  DT = 4.82E+03  TIME = 1.12E+04
 N =   19  EMAX = 9.73E-03 FOR N       AT Z = 9.98E+06 U = 2.20E-06 RHS =-2.14E-08  DT = 6.75E+03  TIME = 1.60E+04
 N =   20  EMAX = 1.22E-02 FOR HO2NO2  AT Z = 7.75E+05 U = 1.71E-20 RHS =-2.09E-22  DT = 8.10E+03  TIME = 2.28E+04
 N =   21  EMAX = 1.36E-02 FOR HO2NO2  AT Z = 7.75E+05 U = 1.69E-20 RHS =-2.29E-22  DT = 9.72E+03  TIME = 3.09E+04
 N =   22  EMAX = 1.49E-02 FOR HO2NO2  AT Z = 7.75E+05 U = 1.67E-20 RHS =-2.47E-22  DT = 1.17E+04  TIME = 4.06E+04
 N =   23  EMAX = 1.59E-02 FOR HO2NO2  AT Z = 7.75E+05 U = 1.64E-20 RHS =-2.62E-22  DT = 1.40E+04  TIME = 5.23E+04
 N =   24  EMAX = 1.68E-02 FOR HO2NO2  AT Z = 7.75E+05 U = 1.61E-20 RHS =-2.71E-22  DT = 1.68E+04  TIME = 6.63E+04
 N =   25  EMAX = 1.74E-02 FOR HO2NO2  AT Z = 7.75E+05 U = 1.59E-20 RHS =-2.76E-22  DT = 2.02E+04  TIME = 8.31E+04
 N =   26  EMAX = 1.77E-02 FOR HO2NO2  AT Z = 7.75E+05 U = 1.56E-20 RHS =-2.76E-22  DT = 2.42E+04  TIME = 1.03E+05
 N =   27  EMAX = 2.01E-02 FOR N       AT Z = 8.58E+06 U = 2.06E-09 RHS = 4.14E-11  DT = 2.90E+04  TIME = 1.27E+05
 N =   28  EMAX = 2.26E-02 FOR N       AT Z = 8.42E+06 U = 6.26E-10 RHS = 1.41E-11  DT = 3.48E+04  TIME = 1.56E+05
 N =   29  EMAX = 2.42E-02 FOR N       AT Z = 8.32E+06 U = 2.69E-10 RHS = 6.53E-12  DT = 4.18E+04  TIME = 1.91E+05
 N =   30  EMAX = 2.41E-02 FOR N       AT Z = 8.28E+06 U = 1.76E-10 RHS = 4.25E-12  DT = 5.02E+04  TIME = 2.33E+05
 N =   31  EMAX = 2.16E-02 FOR N       AT Z = 8.18E+06 U = 7.18E-11 RHS = 1.55E-12  DT = 6.02E+04  TIME = 2.83E+05
 N =   32  EMAX = 1.68E-02 FOR HO2NO2  AT Z = 7.75E+05 U = 1.40E-20 RHS =-2.36E-22  DT = 7.23E+04  TIME = 3.44E+05
 N =   33  EMAX = 1.66E-02 FOR HO2NO2  AT Z = 7.75E+05 U = 1.38E-20 RHS =-2.28E-22  DT = 8.67E+04  TIME = 4.16E+05
 N =   34  EMAX = 1.62E-02 FOR HO2NO2  AT Z = 7.75E+05 U = 1.36E-20 RHS =-2.20E-22  DT = 1.04E+05  TIME = 5.02E+05
 N =   35  EMAX = 1.59E-02 FOR HO2NO2  AT Z = 7.75E+05 U = 1.33E-20 RHS =-2.12E-22  DT = 1.25E+05  TIME = 6.07E+05
 N =   36  EMAX = 1.54E-02 FOR HO2NO2  AT Z = 7.75E+05 U = 1.31E-20 RHS =-2.02E-22  DT = 1.50E+05  TIME = 7.31E+05
 N =   37  EMAX = 1.49E-02 FOR HO2NO2  AT Z = 8.25E+05 U = 2.15E-20 RHS =-3.21E-22  DT = 1.80E+05  TIME = 8.81E+05
 N =   38  EMAX = 1.43E-02 FOR HO2NO2  AT Z = 8.25E+05 U = 2.12E-20 RHS =-3.03E-22  DT = 2.16E+05  TIME = 1.06E+06
 N =   39  EMAX = 1.36E-02 FOR HO2NO2  AT Z = 8.75E+05 U = 3.16E-20 RHS =-4.30E-22  DT = 2.59E+05  TIME = 1.28E+06
 N =   40  EMAX = 1.29E-02 FOR HO2NO2  AT Z = 8.75E+05 U = 3.12E-20 RHS =-4.02E-22  DT = 3.11E+05  TIME = 1.54E+06
 N =   41  EMAX = 1.21E-02 FOR HO2NO2  AT Z = 8.75E+05 U = 3.08E-20 RHS =-3.73E-22  DT = 3.73E+05  TIME = 1.85E+06
 N =   42  EMAX = 1.13E-02 FOR HO2NO2  AT Z = 9.25E+05 U = 4.28E-20 RHS =-4.85E-22  DT = 4.47E+05  TIME = 2.22E+06
 N =   43  EMAX = 1.07E-02 FOR H2O2    AT Z = 6.98E+06 U = 1.00E-20 RHS =-1.08E-22  DT = 5.37E+05  TIME = 2.67E+06
 N =   44  EMAX = 1.20E-02 FOR H2O2    AT Z = 6.92E+06 U = 1.00E-20 RHS =-1.20E-22  DT = 6.44E+05  TIME = 3.20E+06
 N =   45  EMAX = 1.29E-02 FOR H2O2    AT Z = 6.78E+06 U = 1.00E-20 RHS =-1.30E-22  DT = 7.73E+05  TIME = 3.85E+06
 N =   46  EMAX = 1.37E-02 FOR H2O2    AT Z = 6.68E+06 U = 1.00E-20 RHS =-1.37E-22  DT = 9.28E+05  TIME = 4.62E+06
 N =   47  EMAX = 7.93E-03 FOR HO2NO2  AT Z = 1.12E+06 U = 1.35E-19 RHS =-1.07E-21  DT = 1.86E+06  TIME = 5.55E+06
 N =   48  EMAX = 1.09E-02 FOR HO2NO2  AT Z = 1.18E+06 U = 2.08E-19 RHS =-2.27E-21  DT = 2.23E+06  TIME = 7.40E+06
 N =   49  EMAX = 9.14E-03 FOR HO2NO2  AT Z = 1.18E+06 U = 2.06E-19 RHS =-1.88E-21  DT = 3.12E+06  TIME = 9.63E+06
 N =   50  EMAX = 8.65E-03 FOR HO2NO2  AT Z = 1.22E+06 U = 3.09E-19 RHS =-2.67E-21  DT = 4.36E+06  TIME = 1.27E+07
 N =   51  EMAX = 7.85E-03 FOR HO2NO2  AT Z = 1.28E+06 U = 4.47E-19 RHS =-3.51E-21  DT = 8.73E+06  TIME = 1.71E+07
 N =   52  EMAX = 9.91E-03 FOR N2O     AT Z = 5.08E+06 U = 1.06E-12 RHS = 1.05E-14  DT = 1.22E+07  TIME = 2.58E+07
 N =   53  EMAX = 9.55E-03 FOR N2O     AT Z = 4.58E+06 U = 7.82E-13 RHS = 7.47E-15  DT = 1.71E+07  TIME = 3.81E+07
 N =   54  EMAX = 9.31E-03 FOR N2O     AT Z = 4.12E+06 U = 5.82E-13 RHS = 5.42E-15  DT = 2.39E+07  TIME = 5.52E+07
 N =   55  EMAX = 9.20E-03 FOR N2O     AT Z = 3.62E+06 U = 4.04E-13 RHS = 3.72E-15  DT = 3.35E+07  TIME = 7.91E+07
 N =   56  EMAX = 9.32E-03 FOR N2O     AT Z = 3.12E+06 U = 2.69E-13 RHS = 2.51E-15  DT = 4.69E+07  TIME = 1.13E+08
 N =   57  EMAX = 9.70E-03 FOR N2O     AT Z = 2.52E+06 U = 1.53E-13 RHS = 1.49E-15  DT = 6.57E+07  TIME = 1.60E+08
 N =   58  EMAX = 9.93E-03 FOR N2O     AT Z = 1.88E+06 U = 5.24E-14 RHS = 5.20E-16  DT = 9.20E+07  TIME = 2.25E+08
 N =   59  EMAX = 8.99E-03 FOR N2O     AT Z = 1.48E+06 U = 1.10E-14 RHS = 9.89E-17  DT = 1.29E+08  TIME = 3.17E+08
 N =   60  EMAX = 6.64E-03 FOR N2O     AT Z = 1.38E+06 U = 5.98E-15 RHS = 3.97E-17  DT = 2.58E+08  TIME = 4.46E+08
 N =   61  EMAX = 4.51E-03 FOR N2O     AT Z = 1.32E+06 U = 4.16E-15 RHS = 1.88E-17  DT = 5.15E+08  TIME = 7.04E+08
 N =   62  EMAX = 1.81E-03 FOR N2O     AT Z = 1.28E+06 U = 2.96E-15 RHS = 5.36E-18  DT = 1.55E+09  TIME = 1.22E+09
Note: The following floating-point exceptions are signalling: IEEE_INVALID_FLAG IEEE_DIVIDE_BY_ZERO IEEE_OVERFLOW_FLAG IEEE_UNDERFLOW_FLAG IEEE_DENORMAL
 N =   63  EMAX = 4.34E-04 FOR N2O     AT Z = 1.38E+06 U = 6.06E-15 RHS = 2.63E-18  DT = 7.73E+09  TIME = 2.76E+09
 N =   64  EMAX = 1.37E-03 FOR NO      AT Z = 2.50E+04 U = 1.98E-11 RHS = 2.72E-14  DT = 2.32E+10  TIME = 1.05E+10
 N =   65  EMAX = 3.69E-03 FOR NO      AT Z = 2.50E+04 U = 1.99E-11 RHS = 7.33E-14  DT = 6.95E+10  TIME = 3.37E+10
 N =   66  EMAX = 1.31E-02 FOR NO      AT Z = 2.50E+04 U = 1.99E-11 RHS = 2.62E-13  DT = 8.35E+10  TIME = 1.03E+11
 N =   67  EMAX = 9.43E-03 FOR NO      AT Z = 2.50E+04 U = 2.02E-11 RHS = 1.90E-13  DT = 1.17E+11  TIME = 1.87E+11
 N =   68  EMAX = 1.23E-02 FOR NO      AT Z = 2.50E+04 U = 2.04E-11 RHS = 2.51E-13  DT = 1.40E+11  TIME = 3.04E+11
 N =   69  EMAX = 7.25E-03 FOR NO      AT Z = 2.50E+04 U = 2.06E-11 RHS = 1.49E-13  DT = 2.80E+11  TIME = 4.44E+11
 N =   70  EMAX = 2.45E-03 FOR NO      AT Z = 2.50E+04 U = 2.08E-11 RHS = 5.09E-14  DT = 8.41E+11  TIME = 7.24E+11
 N =   71  EMAX = 1.79E-02 FOR NO      AT Z = 2.50E+04 U = 2.08E-11 RHS =-3.74E-13  DT = 1.01E+12  TIME = 1.57E+12
 N =   72  EMAX = 1.54E-02 FOR NO      AT Z = 2.50E+04 U = 2.05E-11 RHS = 3.15E-13  DT = 1.21E+12  TIME = 2.57E+12
 N =   73  EMAX = 5.61E-03 FOR NO      AT Z = 2.50E+04 U = 2.08E-11 RHS = 1.17E-13  DT = 2.42E+12  TIME = 3.79E+12
 N =   74  EMAX = 2.47E-03 FOR NO      AT Z = 2.50E+04 U = 2.09E-11 RHS = 5.15E-14  DT = 7.27E+12  TIME = 6.21E+12
 N =   75  EMAX = 4.75E-03 FOR HO2NO2  AT Z = 7.75E+05 U = 1.07E-20 RHS = 5.06E-23  DT = 1.45E+13  TIME = 1.35E+13
 N =   76  EMAX = 9.00E-03 FOR NO      AT Z = 2.50E+04 U = 2.08E-11 RHS = 1.88E-13  DT = 2.04E+13  TIME = 2.80E+13
 N =   77  EMAX = 5.92E-04 FOR HO2NO2  AT Z = 2.18E+06 U = 1.21E-17 RHS = 7.14E-21  DT = 8.14E+13  TIME = 4.84E+13
 N =   78  EMAX = 6.31E-05 FOR HO2NO2  AT Z = 6.42E+06 U = 1.56E-17 RHS = 9.87E-22  DT = 4.07E+14  TIME = 1.30E+14
 N =   79  EMAX = 4.32E-04 FOR NO      AT Z = 2.50E+04 U = 2.10E-11 RHS = 9.09E-15  DT = 2.04E+15  TIME = 5.37E+14
 N =   80  EMAX = 2.06E-04 FOR HO2NO2  AT Z = 7.75E+05 U = 1.06E-20 RHS = 2.19E-24  DT = 1.02E+16  TIME = 2.57E+15
 N =   81  EMAX = 6.62E-04 FOR NO      AT Z = 2.50E+04 U = 2.11E-11 RHS = 1.39E-14  DT = 4.07E+16  TIME = 1.27E+16
 N =   82  EMAX = 2.42E-03 FOR NO      AT Z = 2.50E+04 U = 2.11E-11 RHS =-5.10E-14  DT = 1.22E+17  TIME = 5.35E+16
 N =   83  EMAX = 1.57E-03 FOR NO      AT Z = 2.50E+04 U = 2.10E-11 RHS =-3.30E-14  DT = 3.66E+17  TIME = 1.76E+17
 N =   84  EMAX = 2.99E-02 FOR NO      AT Z = 2.50E+04 U = 2.10E-11 RHS =-6.28E-13  DT = 4.40E+17  TIME = 5.42E+17

 CONSERVATION OF SULFUR:
     S loss = 1.000E+09  S prod = 1.000000E+09  SO4LOS = 1.768422E+08  8 S8LOSS = 1.999632E-19  sulrain = 4.992E+01   Difference =-1.288E+03

redox conservation = -2.557E+09 mol/cm^2/s, a factor of -1.018E+00 NEW METHOD

CH4 flux = ************  O2 flux = 6.511301E+07 a ratio of  -4.5900-106

 TAUO2 =    68880899654541.883     
 TAUCH4 =    3.0684044503493498E+017
 TAUSO2 =    28437188.790479783     
 
 Comparison between input and output files
 Normalized Gross Error       L2 Norm
   3.6032913717245256E-002  0.23361025633955168     
 PhotoMain run completed....
 See PHOTOCHEM/OUTPUT/ directory for the output files.
