 pstar is 13      
 ihzscale is                     0
 uvscale is    1.0000000000000000     
 FRAK =    0.0000000000000000     
 P0 =    6.3000000000000000E-003
 pstar = 13      
 NZ =                  200
 FSCALE =   0.42999999999999999     
 G =    373.00000000000000     
 ihz =                    99
 NP =                    2
 Calculated WTa for O2-N2 dominated atmosphere...
 Surface WTa =    43.320272917540123     
 CALLING RATES...
 DIFCO: WT for N2/O2 dominated atmosphere....
 NW =                   118    WAVELENGTH GRID:   1216.0000000000000       -   8550.0000000000000       Angstroms
 PSTAR is our sun
 using Atlas 1 spectrum for the sun

   wavl [A]     mW/m2/A   phot/cm2/s

  1.2160E+03  4.3893E-02  2.2592E+11
  1.3000E+03  1.0298E-02  3.3730E+10
  1.3500E+03  5.1369E-03  1.7472E+10
  1.4000E+03  6.2867E-03  2.2175E+10
  1.4500E+03  8.6021E-03  3.1426E+10
  1.5000E+03  1.5097E-02  5.7057E+10
  1.5500E+03  2.0107E-02  7.8521E+10
  1.6000E+03  2.8183E-02  1.1361E+11
  1.6500E+03  4.9929E-02  2.0756E+11
  1.7000E+03  8.3609E-02  3.8676E+11
  1.7540E+03  1.2646E-01  1.7884E+11
  1.7700E+03  1.5898E-01  2.2687E+11
  1.7860E+03  1.7312E-01  2.4928E+11
  1.8020E+03  2.3089E-01  3.3545E+11
  1.8180E+03  2.4599E-01  3.8309E+11
  1.8350E+03  2.2860E-01  3.5934E+11
  1.8520E+03  2.7380E-01  4.3437E+11
  1.8690E+03  3.3765E-01  5.7238E+11
  1.8870E+03  3.9086E-01  6.6898E+11
  1.9050E+03  4.5055E-01  7.7849E+11
  1.9230E+03  4.2097E-01  7.7505E+11
  1.9420E+03  5.9983E-01  1.1153E+12
  1.9610E+03  6.6718E-01  1.2526E+12
  1.9800E+03  6.9325E-01  1.3833E+12
  2.0000E+03  8.2331E-01  1.6595E+12
  2.0200E+03  9.3016E-01  1.9883E+12
  2.0410E+03  1.1176E+00  2.4138E+12
  2.0620E+03  1.2976E+00  2.8314E+12
  2.0830E+03  2.1697E+00  5.0103E+12
  2.1050E+03  3.3734E+00  8.2298E+12
  2.1280E+03  3.7743E+00  9.3084E+12
  2.1510E+03  3.5498E+00  8.8494E+12
  2.1740E+03  4.5935E+00  1.3083E+13
  2.2000E+03  4.5221E+00  1.1029E+13
  2.2220E+03  6.0402E+00  1.6907E+13
  2.2470E+03  4.7581E+00  1.4007E+13
  2.2730E+03  4.9160E+00  1.4639E+13
  2.2990E+03  5.3598E+00  1.6765E+13
  2.3260E+03  4.4675E+00  1.4138E+13
  2.3530E+03  5.1451E+00  1.7081E+13
  2.3810E+03  4.2780E+00  1.4885E+13
  2.4100E+03  6.3991E+00  2.2536E+13
  2.4390E+03  5.5841E+00  2.0589E+13
  2.4690E+03  5.3583E+00  2.0666E+13
  2.5000E+03  5.0279E+00  2.0269E+13
  2.5320E+03  6.9193E+00  2.8250E+13
  2.5640E+03  1.2324E+01  5.2544E+13
  2.5970E+03  9.5924E+00  4.3935E+13
  2.6320E+03  2.4077E+01  1.1176E+14
  2.6670E+03  2.5550E+01  1.2361E+14
  2.7030E+03  2.2729E+01  1.1454E+14
  2.7400E+03  2.0493E+01  1.0752E+14
  2.7780E+03  1.3858E+01  7.5656E+13
  2.8170E+03  2.6462E+01  1.5025E+14
  2.8570E+03  3.5998E+01  2.1766E+14
  2.8990E+03  5.7586E+01  3.5331E+14
  2.9410E+03  5.2987E+01  3.4551E+14
  2.9850E+03  4.7738E+01  3.2312E+14
  3.0300E+03  6.1993E+01  4.4487E+14
  3.0770E+03  6.4555E+01  4.8045E+14
  3.1250E+03  6.9609E+01  5.4806E+14
  3.1750E+03  7.4456E+01  5.9560E+14
  3.2250E+03  8.4495E+01  6.8656E+14
  3.2750E+03  1.0155E+02  8.3792E+14
  3.3250E+03  9.3481E+01  7.8313E+14
  3.3750E+03  9.8781E+01  8.3996E+14
  3.4250E+03  9.3811E+01  4.0476E+14
  3.4500E+03  1.0042E+02  1.7458E+15
  3.5500E+03  9.7717E+01  1.7480E+15
  3.6500E+03  1.1588E+02  2.1313E+15
  3.7500E+03  1.0911E+02  2.0617E+15
  3.8500E+03  1.0606E+02  2.0576E+15
  3.9500E+03  1.4955E+02  2.9767E+15
  4.0500E+03  1.7189E+02  3.5079E+15
  4.1500E+03  1.7627E+02  3.6862E+15
  4.2500E+03  1.6169E+02  3.4627E+15
  4.3500E+03  1.8686E+02  4.0959E+15
  4.4500E+03  2.0278E+02  4.5471E+15
  4.5500E+03  2.0982E+02  4.8105E+15
  4.6500E+03  2.0501E+02  4.8036E+15
  4.7500E+03  2.0938E+02  5.0115E+15
  4.8500E+03  1.9414E+02  4.7446E+15
  4.9500E+03  1.9542E+02  4.8745E+15
  5.0500E+03  1.9184E+02  4.8817E+15
  5.1500E+03  1.8175E+02  4.7166E+15
  5.2500E+03  1.8723E+02  4.9531E+15
  5.3500E+03  1.8803E+02  5.0691E+15
  5.4500E+03  1.8968E+02  5.2091E+15
  5.5500E+03  1.8467E+02  5.1647E+15
  5.6500E+03  1.8293E+02  5.2081E+15
  5.7500E+03  1.8335E+02  5.3123E+15
  5.8500E+03  1.7751E+02  5.2327E+15
  5.9500E+03  1.7586E+02  5.2726E+15
  6.0500E+03  1.7318E+02  5.2794E+15
  6.1500E+03  1.6809E+02  5.2091E+15
  6.2500E+03  1.6636E+02  5.2393E+15
  6.3500E+03  1.6323E+02  5.2230E+15
  6.4500E+03  1.5951E+02  5.1843E+15
  6.5500E+03  1.5099E+02  4.9835E+15
  6.6500E+03  1.5405E+02  5.1620E+15
  6.7500E+03  1.5067E+02  5.1248E+15
  6.8500E+03  1.4811E+02  5.1124E+15
  6.9500E+03  1.4581E+02  5.1065E+15
  7.0500E+03  1.4181E+02  5.0377E+15
  7.1500E+03  1.3667E+02  4.9242E+15
  7.2500E+03  1.3380E+02  4.8882E+15
  7.3500E+03  1.3013E+02  4.8195E+15
  7.4500E+03  1.2889E+02  4.8385E+15
  7.5500E+03  1.2593E+02  4.7911E+15
  7.6500E+03  1.2150E+02  4.6837E+15
  7.7500E+03  1.1875E+02  4.6376E+15
  7.8500E+03  1.1577E+02  4.5795E+15
  7.9500E+03  1.1398E+02  4.5659E+15
  8.0500E+03  1.1223E+02  4.5527E+15
  8.1500E+03  1.0883E+02  4.4694E+15
  8.2500E+03  1.0658E+02  4.4306E+15
  8.3500E+03  1.0396E+02  4.3744E+15
  8.4500E+03  9.6362E+01  4.1030E+15
 uvscale   1.0000000000000000     
 for a solar flux from    0.0000000000000000       Ga
 ihztype is:                     0
 using spherical MIE data
 N =    1  EMAX = 5.39E-09 FOR CLOO    AT Z = 4.25E+05 U = 3.86E-19 RHS = 2.08E-27  DT = 5.00E-06  TIME = 1.00E-06
 N =    2  EMAX = 2.64E-08 FOR CLOO    AT Z = 5.25E+05 U = 4.81E-19 RHS = 1.27E-26  DT = 2.50E-05  TIME = 6.00E-06
 N =    3  EMAX = 1.21E-07 FOR CLOO    AT Z = 5.25E+05 U = 4.81E-19 RHS = 5.81E-26  DT = 1.25E-04  TIME = 3.10E-05
 N =    4  EMAX = 4.44E-07 FOR CLOO    AT Z = 6.75E+05 U = 6.67E-19 RHS = 2.96E-25  DT = 6.25E-04  TIME = 1.56E-04
 N =    5  EMAX = 1.51E-06 FOR S       AT Z = 2.50E+04 U = 8.54E-17 RHS =-1.29E-22  DT = 3.13E-03  TIME = 7.81E-04
 N =    6  EMAX = 3.55E-06 FOR S       AT Z = 2.50E+04 U = 8.54E-17 RHS =-3.03E-22  DT = 1.56E-02  TIME = 3.91E-03
 N =    7  EMAX = 3.51E-06 FOR HCO     AT Z = 2.68E+06 U = 1.48E-17 RHS = 5.18E-23  DT = 7.81E-02  TIME = 1.95E-02
 N =    8  EMAX = 5.57E-06 FOR HCO     AT Z = 3.82E+06 U = 9.96E-18 RHS = 5.54E-23  DT = 3.91E-01  TIME = 9.77E-02
 N =    9  EMAX = 7.73E-06 FOR HCO     AT Z = 4.98E+06 U = 2.17E-18 RHS = 1.68E-23  DT = 1.95E+00  TIME = 4.88E-01
 N =   10  EMAX = 1.20E-05 FOR CH3     AT Z = 8.02E+06 U = 1.08E-20 RHS =-1.30E-25  DT = 9.77E+00  TIME = 2.44E+00
 N =   11  EMAX = 4.24E-05 FOR CH3     AT Z = 8.02E+06 U = 1.08E-20 RHS =-4.60E-25  DT = 4.88E+01  TIME = 1.22E+01
 N =   12  EMAX = 6.92E-05 FOR CH3     AT Z = 8.02E+06 U = 1.08E-20 RHS =-7.49E-25  DT = 2.44E+02  TIME = 6.10E+01
 N =   13  EMAX = 5.43E-05 FOR CLO     AT Z = 8.82E+06 U = 2.25E-16 RHS =-1.22E-20  DT = 1.22E+03  TIME = 3.05E+02
 N =   14  EMAX = 2.44E-05 FOR CL2O2   AT Z = 2.98E+06 U = 1.17E-20 RHS = 2.87E-25  DT = 6.10E+03  TIME = 1.53E+03
 N =   15  EMAX = 3.88E-05 FOR CH3O    AT Z = 8.78E+06 U = 7.25E-19 RHS =-2.81E-23  DT = 3.05E+04  TIME = 7.63E+03
 N =   16  EMAX = 3.46E-05 FOR CH3O    AT Z = 7.18E+06 U = 1.63E-19 RHS =-5.64E-24  DT = 1.53E+05  TIME = 3.81E+04
 N =   17  EMAX = 1.01E-04 FOR N2O     AT Z = 2.50E+04 U = 2.67E-14 RHS = 2.69E-18  DT = 7.63E+05  TIME = 1.91E+05
 N =   18  EMAX = 4.07E-04 FOR N2O     AT Z = 2.50E+04 U = 2.67E-14 RHS = 1.09E-17  DT = 3.81E+06  TIME = 9.54E+05
 N =   19  EMAX = 1.47E-03 FOR N2O     AT Z = 8.25E+05 U = 2.62E-14 RHS = 3.86E-17  DT = 1.14E+07  TIME = 4.77E+06
 N =   20  EMAX = 2.43E-03 FOR N2O     AT Z = 9.98E+06 U = 2.48E-14 RHS = 6.04E-17  DT = 3.43E+07  TIME = 1.62E+07
 N =   21  EMAX = 2.07E-03 FOR N       AT Z = 2.28E+06 U = 3.36E-20 RHS = 6.96E-23  DT = 1.03E+08  TIME = 5.05E+07
 N =   22  EMAX = 2.68E-03 FOR HNO3    AT Z = 2.50E+04 U = 3.02E-20 RHS = 8.10E-23  DT = 3.09E+08  TIME = 1.54E+08
 N =   23  EMAX = 1.32E-03 FOR HNO3    AT Z = 2.50E+04 U = 3.03E-20 RHS = 4.00E-23  DT = 9.27E+08  TIME = 4.63E+08
 N =   24  EMAX = 2.33E-04 FOR HNO3    AT Z = 2.50E+04 U = 3.04E-20 RHS = 7.09E-24  DT = 4.63E+09  TIME = 1.39E+09
 N =   25  EMAX = 1.40E-05 FOR N       AT Z = 2.32E+06 U = 4.47E-20 RHS = 6.24E-25  DT = 2.32E+10  TIME = 6.02E+09
 N =   26  EMAX = 1.03E-05 FOR H2      AT Z = 7.50E+04 U = 2.67E-05 RHS =-2.76E-10  DT = 1.16E+11  TIME = 2.92E+10
Note: The following floating-point exceptions are signalling: IEEE_INVALID_FLAG IEEE_DIVIDE_BY_ZERO IEEE_UNDERFLOW_FLAG IEEE_DENORMAL
 N =   27  EMAX = 3.65E-05 FOR HNO3    AT Z = 3.75E+05 U = 2.86E-20 RHS =-1.05E-24  DT = 5.79E+11  TIME = 1.45E+11
 N =   28  EMAX = 3.47E-05 FOR NO      AT Z = 2.50E+04 U = 1.64E-17 RHS = 5.69E-22  DT = 2.90E+12  TIME = 7.24E+11
 N =   29  EMAX = 1.97E-05 FOR CL2O4   AT Z = 2.50E+04 U = 1.57E-18 RHS =-3.10E-23  DT = 1.45E+13  TIME = 3.62E+12
 N =   30  EMAX = 1.46E-05 FOR HNO3    AT Z = 2.50E+04 U = 3.04E-20 RHS =-4.44E-25  DT = 7.24E+13  TIME = 1.81E+13
 N =   31  EMAX = 1.11E-05 FOR HO2NO2  AT Z = 2.50E+04 U = 1.22E-17 RHS =-1.36E-22  DT = 3.62E+14  TIME = 9.05E+13
 N =   32  EMAX = 7.62E-07 FOR NO      AT Z = 4.25E+05 U = 2.10E-17 RHS =-1.60E-23  DT = 1.81E+15  TIME = 4.53E+14
 N =   33  EMAX = 1.07E-07 FOR NO      AT Z = 2.25E+05 U = 1.83E-17 RHS = 1.96E-24  DT = 9.05E+15  TIME = 2.26E+15
 N =   34  EMAX = 2.55E-08 FOR HNO3    AT Z = 3.25E+05 U = 2.90E-20 RHS =-7.41E-28  DT = 4.53E+16  TIME = 1.13E+16
 N =   35  EMAX = 1.51E-08 FOR CL2O4   AT Z = 2.50E+04 U = 1.57E-18 RHS = 2.37E-26  DT = 2.26E+17  TIME = 5.66E+16
 N =   36  EMAX = 9.84E-09 FOR HNO3    AT Z = 2.75E+05 U = 2.93E-20 RHS =-2.89E-28  DT = 1.13E+18  TIME = 2.83E+17
 N =   37  EMAX = 4.23E-08 FOR HNO3    AT Z = 7.75E+05 U = 2.53E-20 RHS =-1.07E-27  DT = 5.66E+18  TIME = 1.41E+18

 CONSERVATION OF SULFUR:
     S loss = 5.150E+07  S prod = 5.150001E+07  SO4LOS = 1.575946E+07  8 S8LOSS = 4.350224E-06  sulrain = 1.799E+00   Difference = 6.470E+01

redox conservation = -8.990E+06 mol/cm^2/s, a factor of  5.169E-02 NEW METHOD

CH4 flux = 1.000000E+00  O2 flux = ************ a ratio of  -4.7441E-04

 TAUO2 =    41323087.409128718     
 TAUCH4 =    14954038085.822542     
 TAUSO2 =    2095.4828990155079     
 
 Comparison between input and output files
 Normalized Gross Error       L2 Norm
   1.6697637397284923E-003   1.2724476226651051E-003

        HCL       CLO       CLO3      HCLO4     HNO3      HO2NO2    SO4AER  
 TP     3.81E+07  1.28E+09  7.62E+06  1.31E+02  1.14E-01  3.38E+01  4.42E+07
 FLOW  -6.00E+06 -9.98E+01 -1.60E-03 -1.31E+02 -1.29E-04 -5.18E-02  1.58E+07  1.41E-09
 PhotoMain run completed....
 See PHOTOCHEM/OUTPUT/ directory for the output files.
