 pstar is 13      
 ihzscale is                     0
 uvscale is    1.0000000000000000     
 FRAK =    0.0000000000000000     
 P0 =    1.0129999999999999     
 pstar = 13      
 NZ =                  200
 FSCALE =    1.0000000000000000     
 G =    980.70000000000005     
 ihz =                    99
 NP =                    2
 Calculated WTa for O2-N2 dominated atmosphere...
 Surface WTa =    28.843018473741974     
 CALLING RATES...
 DIFCO: WT for N2/O2 dominated atmosphere....
 NW =                   750    WAVELENGTH GRID:   1176.5000000000000       -   10000.000000000000       Angstroms
 PSTAR is our sun
 using Atlas 1 spectrum for the sun

   wavl [A]     mW/m2/A   phot/cm2/s

  1.1765E+03  5.4082E-03  4.4886E+08
  1.1779E+03  4.7639E-03  3.6759E+08
  1.1792E+03  4.1197E-03  3.4271E+08
  1.1806E+03  3.4516E-03  2.8748E+08
  1.1820E+03  2.7836E-03  2.3211E+08
  1.1834E+03  2.1155E-03  1.7661E+08
  1.1848E+03  1.8968E-03  1.5854E+08
  1.1862E+03  2.4395E-03  2.0414E+08
  1.1876E+03  3.0146E-03  2.7061E+08
  1.1891E+03  3.5897E-03  3.0112E+08
  1.1905E+03  4.1449E-03  3.4811E+08
  1.1919E+03  4.7002E-03  3.9521E+08
  1.1933E+03  5.2554E-03  4.4241E+08
  1.1947E+03  5.6030E-03  5.0596E+08
  1.1962E+03  5.5073E-03  4.6475E+08
  1.1976E+03  5.8858E-03  4.9727E+08
  1.1990E+03  6.3948E-03  5.7954E+08
  1.2005E+03  5.8422E-03  4.9478E+08
  1.2019E+03  5.8457E-03  5.3106E+08
  1.2034E+03  1.5485E-02  1.3146E+09
  1.2048E+03  3.8111E-02  3.4705E+09
  1.2063E+03  3.9547E-02  3.3655E+09
  1.2077E+03  1.8186E-02  1.6601E+09
  1.2092E+03  1.0129E-02  9.2573E+08
  1.2107E+03  2.7753E-02  2.3704E+09
  1.2121E+03  4.0594E-01  3.7191E+10
  1.2136E+03  1.8351E+00  1.6833E+11
  1.2151E+03  2.5478E+00  2.1839E+11
  1.2165E+03  1.2680E+00  1.1659E+11
  1.2180E+03  1.9512E-01  1.7963E+10
  1.2195E+03  2.3018E-02  2.1217E+09
  1.2210E+03  9.4068E-03  8.6815E+08
  1.2225E+03  6.1845E-03  5.7146E+08
  1.2240E+03  4.8545E-03  4.4912E+08
  1.2255E+03  4.2940E-03  3.9775E+08
  1.2270E+03  4.0730E-03  3.7774E+08
  1.2285E+03  3.7270E-03  3.4607E+08
  1.2300E+03  3.3010E-03  3.0689E+08
  1.2315E+03  3.0822E-03  2.8690E+08
  1.2330E+03  3.0041E-03  2.9864E+08
  1.2346E+03  3.1114E-03  2.9035E+08
  1.2361E+03  4.7805E-03  4.4665E+08
  1.2376E+03  6.9790E-03  6.9637E+08
  1.2392E+03  5.8562E-03  5.4852E+08
  1.2407E+03  4.8964E-03  4.5917E+08
  1.2422E+03  4.7488E-03  4.7560E+08
  1.2438E+03  3.1731E-03  2.9832E+08
  1.2453E+03  2.3728E-03  2.3823E+08
  1.2469E+03  2.3140E-03  2.1809E+08
  1.2484E+03  2.3252E-03  2.3404E+08
  1.2500E+03  2.3804E-03  2.3990E+08
  1.2516E+03  2.6587E-03  2.5152E+08
  1.2531E+03  3.0683E-03  3.0999E+08
  1.2547E+03  3.0593E-03  3.0947E+08
  1.2563E+03  3.4095E-03  3.4534E+08
  1.2579E+03  4.9175E-03  4.6755E+08
  1.2594E+03  5.7286E-03  5.8167E+08
  1.2610E+03  4.1846E-03  4.2544E+08
  1.2626E+03  5.6995E-03  5.8019E+08
  1.2642E+03  8.2042E-03  8.3621E+08
  1.2658E+03  5.0302E-03  5.1335E+08
  1.2674E+03  2.1977E-03  2.2457E+08
  1.2690E+03  1.7641E-03  1.8049E+08
  1.2706E+03  1.7465E-03  1.9009E+08
  1.2723E+03  2.0055E-03  2.0572E+08
  1.2739E+03  2.7395E-03  2.8137E+08
  1.2755E+03  3.1528E-03  3.2423E+08
  1.2771E+03  3.0869E-03  3.3771E+08
  1.2788E+03  2.8109E-03  2.8981E+08
  1.2804E+03  2.1563E-03  2.3651E+08
  1.2821E+03  1.5754E-03  1.6285E+08
  1.2837E+03  1.4613E-03  1.5124E+08
  1.2853E+03  1.7651E-03  1.9434E+08
  1.2870E+03  2.5765E-03  2.8405E+08
  1.2887E+03  2.6004E-03  2.7018E+08
  1.2903E+03  1.9317E-03  2.1352E+08
  1.2920E+03  1.7873E-03  1.9782E+08
  1.2937E+03  2.3839E-03  2.4865E+08
  1.2953E+03  2.7472E-03  3.0483E+08
  1.2970E+03  3.0293E-03  3.3657E+08
  1.2987E+03  6.2155E-03  6.9147E+08
  1.3004E+03  1.6039E-02  1.7867E+09
  1.3021E+03  2.3390E-02  2.6089E+09
  1.3038E+03  3.1583E-02  3.5274E+09
  1.3055E+03  2.5188E-02  2.8168E+09
  1.3072E+03  9.5590E-03  1.0704E+09
  1.3089E+03  5.3798E-03  6.0320E+08
  1.3106E+03  3.7841E-03  4.2484E+08
  1.3123E+03  2.6581E-03  3.1639E+08
  1.3141E+03  2.5759E-03  2.8996E+08
  1.3158E+03  3.0872E-03  3.4797E+08
  1.3175E+03  3.0849E-03  3.6864E+08
  1.3193E+03  2.3314E-03  2.6349E+08
  1.3210E+03  1.9972E-03  2.3930E+08
  1.3228E+03  2.2590E-03  2.5598E+08
  1.3245E+03  2.1962E-03  2.6385E+08
  1.3263E+03  2.5629E-03  2.9119E+08
  1.3280E+03  3.3035E-03  3.9791E+08
  1.3298E+03  3.2402E-03  3.9082E+08
  1.3316E+03  1.6033E-02  1.8289E+09
  1.3333E+03  5.5322E-02  6.6902E+09
  1.3351E+03  5.0513E-02  6.1170E+09
  1.3369E+03  1.1443E-02  1.3875E+09
  1.3387E+03  2.2004E-03  2.6717E+08
  1.3405E+03  2.1285E-03  2.5880E+08
  1.3423E+03  2.1493E-03  2.6168E+08
  1.3441E+03  2.1660E-03  2.6406E+08
  1.3459E+03  2.2537E-03  2.7512E+08
  1.3477E+03  2.6164E-03  3.1982E+08
  1.3495E+03  3.9528E-03  5.1071E+08
  1.3514E+03  4.2416E-03  5.1992E+08
  1.3532E+03  4.9694E-03  6.0994E+08
  1.3550E+03  6.1461E-03  7.9733E+08
  1.3569E+03  5.1067E-03  6.2850E+08
  1.3587E+03  4.2084E-03  5.1863E+08
  1.3605E+03  3.3642E-03  4.3820E+08
  1.3624E+03  3.2302E-03  4.2134E+08
  1.3643E+03  3.0194E-03  3.7363E+08
  1.3661E+03  2.9738E-03  3.8894E+08
  1.3680E+03  3.4214E-03  4.4811E+08
  1.3699E+03  3.8112E-03  4.7355E+08
  1.3717E+03  3.6057E-03  4.7352E+08
  1.3736E+03  3.1275E-03  4.1129E+08
  1.3755E+03  2.9891E-03  3.9364E+08
  1.3774E+03  3.2555E-03  4.2931E+08
  1.3793E+03  3.5622E-03  4.7040E+08
  1.3812E+03  3.4352E-03  4.5426E+08
  1.3831E+03  3.2467E-03  4.2992E+08
  1.3850E+03  3.4138E-03  4.7649E+08
  1.3870E+03  3.5928E-03  4.7710E+08
  1.3889E+03  4.0117E-03  5.3346E+08
  1.3908E+03  1.2237E-02  1.7152E+09
  1.3928E+03  2.1015E-02  2.8023E+09
  1.3947E+03  1.1308E-02  1.5099E+09
  1.3966E+03  4.7410E-03  6.6730E+08
  1.3986E+03  6.6796E-03  9.4149E+08
  1.4006E+03  1.2975E-02  1.7399E+09
  1.4025E+03  1.2872E-02  1.8194E+09
  1.4045E+03  6.8850E-03  9.7454E+08
  1.4065E+03  4.9559E-03  7.0248E+08
  1.4085E+03  4.8930E-03  6.5983E+08
  1.4104E+03  5.2107E-03  7.4065E+08
  1.4124E+03  5.0881E-03  7.2424E+08
  1.4144E+03  4.9820E-03  7.1015E+08
  1.4164E+03  5.0357E-03  7.1881E+08
  1.4184E+03  4.9544E-03  7.4362E+08
  1.4205E+03  5.0154E-03  7.1799E+08
  1.4225E+03  5.9601E-03  8.5444E+08
  1.4245E+03  6.2685E-03  8.9991E+08
  1.4265E+03  5.2645E-03  7.9468E+08
  1.4286E+03  5.3974E-03  7.7709E+08
  1.4306E+03  6.5616E-03  9.9332E+08
  1.4327E+03  6.7080E-03  9.6855E+08
  1.4347E+03  6.1065E-03  9.2708E+08
  1.4368E+03  5.8572E-03  8.4812E+08
  1.4388E+03  5.7062E-03  8.6879E+08
  1.4409E+03  5.8243E-03  8.8806E+08
  1.4430E+03  6.0936E-03  9.3047E+08
  1.4451E+03  6.2004E-03  9.4815E+08
  1.4472E+03  5.9890E-03  9.1716E+08
  1.4493E+03  5.9520E-03  9.1282E+08
  1.4514E+03  6.2218E-03  9.5558E+08
  1.4535E+03  6.5949E-03  1.0143E+09
  1.4556E+03  6.5834E-03  1.0140E+09
  1.4577E+03  6.6912E-03  1.0813E+09
  1.4599E+03  6.9207E-03  1.0691E+09
  1.4620E+03  7.4854E-03  1.1580E+09
  1.4641E+03  7.7596E-03  1.2594E+09
  1.4663E+03  8.8588E-03  1.3746E+09
  1.4684E+03  8.8613E-03  1.4425E+09
  1.4706E+03  1.0918E-02  1.7800E+09
  1.4728E+03  1.2592E-02  1.9625E+09
  1.4749E+03  9.1816E-03  1.5012E+09
  1.4771E+03  7.7122E-03  1.2629E+09
  1.4793E+03  9.5060E-03  1.5589E+09
  1.4815E+03  1.0894E-02  1.7891E+09
  1.4837E+03  9.7670E-03  1.6065E+09
  1.4859E+03  9.5778E-03  1.5777E+09
  1.4881E+03  8.6221E-03  1.4224E+09
  1.4903E+03  8.7917E-03  1.4525E+09
  1.4925E+03  9.0462E-03  1.5648E+09
  1.4948E+03  8.7764E-03  1.4543E+09
  1.4970E+03  8.9962E-03  1.5608E+09
  1.4993E+03  9.7720E-03  1.6242E+09
  1.5015E+03  9.8878E-03  1.7207E+09
  1.5038E+03  9.6351E-03  1.6063E+09
  1.5060E+03  9.7900E-03  1.7088E+09
  1.5083E+03  1.0563E-02  1.8465E+09
  1.5106E+03  1.0901E-02  1.9085E+09
  1.5129E+03  1.0298E-02  1.8057E+09
  1.5152E+03  1.0298E-02  1.8085E+09
  1.5175E+03  1.0346E-02  1.8197E+09
  1.5198E+03  1.0701E-02  1.8849E+09
  1.5221E+03  1.1778E-02  2.0777E+09
  1.5244E+03  1.5991E-02  2.8251E+09
  1.5267E+03  1.5758E-02  2.9095E+09
  1.5291E+03  1.2977E-02  2.2998E+09
  1.5314E+03  1.7647E-02  3.1321E+09
  1.5337E+03  1.6764E-02  3.1094E+09
  1.5361E+03  1.3527E-02  2.5128E+09
  1.5385E+03  1.3830E-02  2.4661E+09
  1.5408E+03  1.4071E-02  2.6220E+09
  1.5432E+03  1.4576E-02  2.7203E+09
  1.5456E+03  3.5133E-02  6.5671E+09
  1.5480E+03  4.8249E-02  9.0327E+09
  1.5504E+03  2.9962E-02  5.6178E+09
  1.5528E+03  1.5172E-02  2.8491E+09
  1.5552E+03  1.5373E-02  2.8914E+09
  1.5576E+03  2.5624E-02  5.0280E+09
  1.5601E+03  2.8879E-02  5.4487E+09
  1.5625E+03  1.9018E-02  3.5937E+09
  1.5649E+03  1.7103E-02  3.3716E+09
  1.5674E+03  1.9444E-02  3.8394E+09
  1.5699E+03  1.9917E-02  3.7814E+09
  1.5723E+03  2.1851E-02  4.3281E+09
  1.5748E+03  2.0026E-02  3.9729E+09
  1.5773E+03  1.7058E-02  3.3894E+09
  1.5798E+03  1.7694E-02  3.5214E+09
  1.5823E+03  1.7750E-02  3.5380E+09
  1.5848E+03  1.9151E-02  3.8234E+09
  1.5873E+03  1.9910E-02  3.9812E+09
  1.5898E+03  1.8899E-02  3.9364E+09
  1.5924E+03  1.9676E-02  3.9471E+09
  1.5949E+03  1.8594E-02  3.7358E+09
  1.5974E+03  1.7874E-02  3.7406E+09
  1.6000E+03  2.0919E-02  4.3851E+09
  1.6026E+03  2.0713E-02  4.1817E+09
  1.6051E+03  2.0368E-02  4.2831E+09
  1.6077E+03  2.3106E-02  4.8669E+09
  1.6103E+03  2.6418E-02  5.5735E+09
  1.6129E+03  2.5419E-02  5.3715E+09
  1.6155E+03  2.2962E-02  4.8599E+09
  1.6181E+03  2.4746E-02  5.2460E+09
  1.6207E+03  2.7908E-02  6.1537E+09
  1.6234E+03  2.9319E-02  6.2359E+09
  1.6260E+03  2.8965E-02  6.4077E+09
  1.6287E+03  2.8552E-02  6.0925E+09
  1.6313E+03  3.0741E-02  6.8227E+09
  1.6340E+03  3.0068E-02  6.6845E+09
  1.6367E+03  3.5526E-02  7.6178E+09
  1.6393E+03  4.2229E-02  9.4184E+09
  1.6420E+03  3.4525E-02  7.7128E+09
  1.6447E+03  3.0993E-02  6.9352E+09
  1.6474E+03  3.0580E-02  7.1080E+09
  1.6502E+03  2.9921E-02  6.7178E+09
  1.6529E+03  4.5192E-02  1.0163E+10
  1.6556E+03  8.2276E-02  1.9219E+10
  1.6584E+03  5.5261E-02  1.2469E+10
  1.6611E+03  3.7829E-02  8.8658E+09
  1.6639E+03  3.7180E-02  8.7284E+09
  1.6667E+03  3.9525E-02  8.9627E+09
  1.6694E+03  4.9089E-02  1.1562E+10
  1.6722E+03  4.2719E-02  1.0079E+10
  1.6750E+03  4.1205E-02  1.0086E+10
  1.6779E+03  4.2151E-02  9.9787E+09
  1.6807E+03  4.2954E-02  1.0186E+10
  1.6835E+03  4.8665E-02  1.1559E+10
  1.6863E+03  5.4099E-02  1.3331E+10
  1.6892E+03  5.6960E-02  1.3576E+10
  1.6920E+03  6.1345E-02  1.5168E+10
  1.6949E+03  6.6890E-02  1.6567E+10
  1.6978E+03  6.9920E-02  1.7347E+10
  1.7007E+03  7.5772E-02  1.8831E+10
  1.7036E+03  7.0647E-02  1.7588E+10
  1.7065E+03  7.5186E-02  1.8749E+10
  1.7094E+03  7.5104E-02  1.8761E+10
  1.7123E+03  7.0473E-02  1.8242E+10
  1.7153E+03  7.7817E-02  1.9505E+10
  1.7182E+03  8.0781E-02  2.0982E+10
  1.7212E+03  7.7593E-02  1.9516E+10
  1.7241E+03  8.2978E-02  2.1627E+10
  1.7271E+03  7.8071E-02  2.0383E+10
  1.7301E+03  7.4859E-02  1.9578E+10
  1.7331E+03  8.0360E-02  2.1054E+10
  1.7361E+03  8.3909E-02  2.2022E+10
  1.7391E+03  9.1773E-02  2.4931E+10
  1.7422E+03  1.0009E-01  2.6360E+10
  1.7452E+03  9.7182E-02  2.6493E+10
  1.7483E+03  1.0206E-01  2.6973E+10
  1.7513E+03  1.1415E-01  3.1229E+10
  1.7544E+03  1.2175E-01  3.3365E+10
  1.7575E+03  1.2600E-01  3.4591E+10
  1.7606E+03  1.2600E-01  3.4652E+10
  1.7637E+03  1.2079E-01  3.3278E+10
  1.7668E+03  1.3821E-01  3.8145E+10
  1.7699E+03  1.5910E-01  4.3986E+10
  1.7730E+03  1.5113E-01  4.3207E+10
  1.7762E+03  1.4924E-01  4.2744E+10
  1.7794E+03  1.6718E-01  4.6469E+10
  1.7825E+03  1.6698E-01  4.7993E+10
  1.7857E+03  1.7323E-01  4.9881E+10
  1.7889E+03  1.8104E-01  5.2222E+10
  1.7921E+03  1.6137E-01  4.6633E+10
  1.7953E+03  1.6648E-01  4.9700E+10
  1.7986E+03  1.8247E-01  5.2920E+10
  1.8018E+03  1.9115E-01  5.7273E+10
  1.8051E+03  2.2571E-01  6.5696E+10
  1.8083E+03  2.2038E-01  6.6266E+10
  1.8116E+03  1.9576E-01  5.8973E+10
  1.8149E+03  3.2552E-01  9.8242E+10
  1.8182E+03  2.5297E-01  7.6484E+10
  1.8215E+03  2.4813E-01  7.5156E+10
  1.8248E+03  2.3519E-01  7.3528E+10
  1.8282E+03  2.3475E-01  7.1365E+10
  1.8315E+03  2.5275E-01  7.9307E+10
  1.8349E+03  2.5762E-01  7.8606E+10
  1.8382E+03  2.4214E-01  7.6258E+10
  1.8416E+03  2.2723E-01  7.1696E+10
  1.8450E+03  2.0853E-01  6.5915E+10
  1.8484E+03  2.1043E-01  6.8597E+10
  1.8519E+03  2.4558E-01  7.7917E+10
  1.8553E+03  2.7732E-01  8.8150E+10
  1.8587E+03  2.6231E-01  8.5988E+10
  1.8622E+03  2.7531E-01  9.0420E+10
  1.8657E+03  3.0944E-01  1.0182E+11
  1.8692E+03  3.4196E-01  1.1273E+11
  1.8727E+03  3.3436E-01  1.1043E+11
  1.8762E+03  3.2331E-01  1.0698E+11
  1.8797E+03  3.2281E-01  1.0702E+11
  1.8832E+03  3.6353E-01  1.2419E+11
  1.8868E+03  3.7411E-01  1.2805E+11
  1.8904E+03  4.1276E-01  1.3761E+11
  1.8939E+03  4.0016E-01  1.3748E+11
  1.8975E+03  3.6457E-01  1.2549E+11
  1.9011E+03  4.0006E-01  1.4180E+11
  1.9048E+03  4.2190E-01  1.4578E+11
  1.9084E+03  4.3026E-01  1.4895E+11
  1.9120E+03  4.4475E-01  1.5854E+11
  1.9157E+03  4.6275E-01  1.6528E+11
  1.9194E+03  4.9094E-01  1.7569E+11
  1.9231E+03  4.7030E-01  1.6863E+11
  1.9268E+03  4.4429E-01  1.5960E+11
  1.9305E+03  3.4112E-01  1.2278E+11
  1.9342E+03  3.3658E-01  1.2466E+11
  1.9380E+03  4.9943E-01  1.8046E+11
  1.9417E+03  6.0833E-01  2.2618E+11
  1.9455E+03  6.1310E-01  2.2840E+11
  1.9493E+03  5.7792E-01  2.1571E+11
  1.9531E+03  5.9287E-01  2.2172E+11
  1.9569E+03  6.0628E-01  2.3316E+11
  1.9608E+03  6.0032E-01  2.2540E+11
  1.9646E+03  7.1060E-01  2.7435E+11
  1.9685E+03  7.0028E-01  2.7091E+11
  1.9724E+03  6.6618E-01  2.5822E+11
  1.9763E+03  6.5310E-01  2.5365E+11
  1.9802E+03  6.9469E-01  2.7034E+11
  1.9841E+03  6.5229E-01  2.6086E+11
  1.9881E+03  6.5152E-01  2.5455E+11
  1.9920E+03  7.4113E-01  2.9757E+11
  1.9960E+03  7.2695E-01  2.9246E+11
  2.0000E+03  7.6468E-01  3.0826E+11
  2.0040E+03  7.9498E-01  3.2111E+11
  2.0080E+03  8.1580E-01  3.3844E+11
  2.0121E+03  8.5608E-01  3.4719E+11
  2.0161E+03  8.8692E-01  3.6942E+11
  2.0202E+03  8.7697E-01  3.6602E+11
  2.0243E+03  8.5383E-01  3.5709E+11
  2.0284E+03  9.5877E-01  4.0179E+11
  2.0325E+03  9.6222E-01  4.1390E+11
  2.0367E+03  9.9555E-01  4.1891E+11
  2.0408E+03  1.0837E+00  4.6808E+11
  2.0450E+03  1.1136E+00  4.8197E+11
  2.0492E+03  1.1343E+00  4.9195E+11
  2.0534E+03  1.1244E+00  4.8864E+11
  2.0576E+03  1.1276E+00  5.0271E+11
  2.0619E+03  1.1506E+00  5.0208E+11
  2.0661E+03  1.2201E+00  5.4620E+11
  2.0704E+03  1.3024E+00  5.8428E+11
  2.0747E+03  1.3928E+00  6.2610E+11
  2.0790E+03  1.4249E+00  6.4187E+11
  2.0833E+03  1.5707E+00  7.2550E+11
  2.0877E+03  1.8396E+00  8.5149E+11
  2.0921E+03  2.1991E+00  9.9689E+11
  2.0964E+03  2.4892E+00  1.1570E+12
  2.1008E+03  2.8525E+00  1.3588E+12
  2.1053E+03  3.1335E+00  1.4626E+12
  2.1097E+03  3.2629E+00  1.5609E+12
  2.1142E+03  3.6777E+00  1.7239E+12
  2.1186E+03  3.8496E+00  1.8494E+12
  2.1231E+03  2.9590E+00  1.4562E+12
  2.1277E+03  3.2639E+00  1.5747E+12
  2.1322E+03  3.2576E+00  1.6100E+12
  2.1368E+03  3.6779E+00  1.7820E+12
  2.1413E+03  4.4992E+00  2.2331E+12
  2.1459E+03  4.1187E+00  2.0487E+12
  2.1505E+03  4.0475E+00  2.0615E+12
  2.1552E+03  3.3745E+00  1.6858E+12
  2.1598E+03  3.7612E+00  1.9239E+12
  2.1645E+03  3.1577E+00  1.6187E+12
  2.1692E+03  3.4520E+00  1.7734E+12
  2.1739E+03  3.4880E+00  1.7958E+12
  2.1786E+03  4.8275E+00  2.5438E+12
  2.1834E+03  4.6098E+00  2.4344E+12
  2.1882E+03  4.5742E+00  2.4210E+12
  2.1930E+03  5.0111E+00  2.6580E+12
  2.1978E+03  5.1332E+00  2.7288E+12
  2.2026E+03  5.4659E+00  2.9726E+12
  2.2075E+03  3.8795E+00  2.1145E+12
  2.2124E+03  4.1187E+00  2.2499E+12
  2.2173E+03  4.4904E+00  2.4584E+12
  2.2222E+03  5.1493E+00  2.8830E+12
  2.2272E+03  5.4962E+00  3.0225E+12
  2.2321E+03  7.0818E+00  3.9827E+12
  2.2371E+03  6.5349E+00  3.7570E+12
  2.2422E+03  5.9666E+00  3.3706E+12
  2.2472E+03  6.0318E+00  3.4834E+12
  2.2523E+03  5.3930E+00  3.0603E+12
  2.2573E+03  4.9102E+00  2.8484E+12
  2.2624E+03  4.0257E+00  2.3865E+12
  2.2676E+03  3.4546E+00  2.0132E+12
  2.2727E+03  3.9630E+00  2.3600E+12
  2.2779E+03  5.1431E+00  3.0698E+12
  2.2831E+03  5.4460E+00  3.2580E+12
  2.2883E+03  5.0262E+00  3.0716E+12
  2.2936E+03  4.9380E+00  3.0247E+12
  2.2989E+03  4.7906E+00  2.8857E+12
  2.3041E+03  6.0214E+00  3.7751E+12
  2.3095E+03  4.7185E+00  2.9103E+12
  2.3148E+03  5.5371E+00  3.4876E+12
  2.3202E+03  5.6761E+00  3.5836E+12
  2.3256E+03  5.1381E+00  3.2515E+12
  2.3310E+03  4.6756E+00  2.9657E+12
  2.3364E+03  4.2039E+00  2.7221E+12
  2.3419E+03  3.7892E+00  2.4594E+12
  2.3474E+03  4.5912E+00  2.9869E+12
  2.3529E+03  5.6705E+00  3.7649E+12
  2.3585E+03  4.9597E+00  3.3008E+12
  2.3641E+03  4.8358E+00  3.2260E+12
  2.3697E+03  5.3214E+00  3.5584E+12
  2.3753E+03  4.9521E+00  3.3785E+12
  2.3810E+03  3.9188E+00  2.6329E+12
  2.3866E+03  4.7073E+00  3.2268E+12
  2.3923E+03  4.4350E+00  3.1008E+12
  2.3981E+03  4.3807E+00  3.0174E+12
  2.4038E+03  3.9321E+00  2.7624E+12
  2.4096E+03  4.3476E+00  3.1145E+12
  2.4155E+03  6.2926E+00  4.4423E+12
  2.4213E+03  7.2277E+00  5.2029E+12
  2.4272E+03  7.3298E+00  5.2893E+12
  2.4331E+03  6.6651E+00  4.8213E+12
  2.4390E+03  6.7625E+00  4.9867E+12
  2.4450E+03  5.8928E+00  4.3561E+12
  2.4510E+03  5.1247E+00  3.7976E+12
  2.4570E+03  5.0138E+00  3.7866E+12
  2.4631E+03  5.1357E+00  3.8245E+12
  2.4691E+03  5.6389E+00  4.2796E+12
  2.4752E+03  5.6042E+00  4.3337E+12
  2.4814E+03  4.6956E+00  3.6402E+12
  2.4876E+03  4.4437E+00  3.4535E+12
  2.4938E+03  6.4104E+00  4.9944E+12
  2.5000E+03  6.3980E+00  5.0777E+12
  2.5063E+03  5.6178E+00  4.4698E+12
  2.5126E+03  4.5185E+00  3.6041E+12
  2.5189E+03  4.2212E+00  3.4290E+12
  2.5253E+03  4.3850E+00  3.5153E+12
  2.5316E+03  5.3525E+00  4.4382E+12
  2.5381E+03  5.7861E+00  4.7361E+12
  2.5445E+03  6.1632E+00  5.1365E+12
  2.5510E+03  8.1209E+00  6.7854E+12
  2.5575E+03  9.0471E+00  7.6951E+12
  2.5641E+03  1.1275E+01  9.6151E+12
  2.5707E+03  1.2678E+01  1.0839E+13
  2.5773E+03  1.3727E+01  1.1944E+13
  2.5840E+03  1.2332E+01  1.0759E+13
  2.5907E+03  1.1538E+01  1.0092E+13
  2.5974E+03  8.9695E+00  7.9829E+12
  2.6042E+03  8.7651E+00  7.8214E+12
  2.6110E+03  8.7859E+00  7.8604E+12
  2.6178E+03  1.0939E+01  9.9562E+12
  2.6247E+03  1.0397E+01  9.4881E+12
  2.6316E+03  1.5851E+01  1.4503E+13
  2.6385E+03  2.6264E+01  2.4443E+13
  2.6455E+03  2.4038E+01  2.2431E+13
  2.6525E+03  2.7126E+01  2.5742E+13
  2.6596E+03  2.6074E+01  2.4810E+13
  2.6667E+03  2.5348E+01  2.4184E+13
  2.6738E+03  2.6178E+01  2.5395E+13
  2.6810E+03  2.5749E+01  2.5046E+13
  2.6882E+03  2.4506E+01  2.3901E+13
  2.6954E+03  2.5864E+01  2.5644E+13
  2.7027E+03  2.7911E+01  2.7749E+13
  2.7100E+03  2.4939E+01  2.5201E+13
  2.7174E+03  1.9015E+01  1.9267E+13
  2.7248E+03  2.2629E+01  2.2992E+13
  2.7322E+03  1.9734E+01  2.0376E+13
  2.7397E+03  1.3971E+01  1.4658E+13
  2.7473E+03  1.5572E+01  1.6168E+13
  2.7548E+03  2.1208E+01  2.2375E+13
  2.7624E+03  2.5578E+01  2.7416E+13
  2.7701E+03  2.5690E+01  2.7612E+13
  2.7778E+03  1.8752E+01  2.0211E+13
  2.7855E+03  1.3537E+01  1.4820E+13
  2.7933E+03  8.1315E+00  8.9274E+12
  2.8011E+03  9.7892E+00  1.0916E+13
  2.8090E+03  1.9213E+01  2.1484E+13
  2.8169E+03  2.7913E+01  3.1696E+13
  2.8249E+03  3.2343E+01  3.6832E+13
  2.8329E+03  3.2383E+01  3.6981E+13
  2.8409E+03  2.5699E+01  2.9799E+13
  2.8490E+03  1.4007E+01  1.6288E+13
  2.8571E+03  2.8263E+01  3.3365E+13
  2.8653E+03  3.6584E+01  4.3841E+13
  2.8736E+03  3.3101E+01  3.9304E+13
  2.8818E+03  3.4280E+01  4.1814E+13
  2.8902E+03  4.6820E+01  5.7278E+13
  2.8986E+03  6.1665E+01  7.5657E+13
  2.9070E+03  6.1549E+01  7.6636E+13
  2.9155E+03  5.7132E+01  7.1344E+13
  2.9240E+03  5.2785E+01  6.6885E+13
  2.9326E+03  5.4700E+01  6.9515E+13
  2.9412E+03  5.2154E+01  6.7248E+13
  2.9499E+03  5.6152E+01  7.2616E+13
  2.9586E+03  5.5745E+01  7.3134E+13
  2.9674E+03  4.7831E+01  6.2938E+13
  2.9762E+03  5.2944E+01  7.0667E+13
  2.9851E+03  4.9601E+01  6.6403E+13
  2.9940E+03  4.6477E+01  6.3107E+13
  3.0030E+03  4.4305E+01  6.0339E+13
  3.0120E+03  4.6986E+01  6.4895E+13
  3.0211E+03  5.1871E+01  7.2647E+13
  3.0303E+03  6.4729E+01  9.0931E+13
  3.0395E+03  6.1830E+01  8.8070E+13
  3.0488E+03  6.4205E+01  9.1733E+13
  3.0581E+03  5.6377E+01  8.1664E+13
  3.0675E+03  6.2842E+01  9.1307E+13
  3.0769E+03  6.5082E+01  9.5860E+13
  3.0864E+03  5.6602E+01  8.4508E+13
  3.0960E+03  5.3620E+01  8.0305E+13
  3.1056E+03  7.7762E+01  1.1804E+14
  3.1153E+03  6.9511E+01  1.0585E+14
  3.1250E+03  7.0043E+01  1.0809E+14
  3.1348E+03  7.3254E+01  1.1456E+14
  3.1447E+03  6.8138E+01  1.0689E+14
  3.1546E+03  5.9854E+01  9.5144E+13
  3.1646E+03  7.6198E+01  1.2151E+14
  3.1746E+03  7.2400E+01  1.1698E+14
  3.1847E+03  7.0414E+01  1.1526E+14
  3.1949E+03  7.9550E+01  1.3063E+14
  3.2051E+03  7.5800E+01  1.2609E+14
  3.2154E+03  7.4357E+01  1.2530E+14
  3.2258E+03  6.6045E+01  1.1165E+14
  3.2362E+03  7.6279E+01  1.3185E+14
  3.2468E+03  8.4804E+01  1.4568E+14
  3.2573E+03  1.0103E+02  1.7744E+14
  3.2680E+03  9.9228E+01  1.7484E+14
  3.2787E+03  9.4365E+01  1.6838E+14
  3.2895E+03  1.0998E+02  1.9688E+14
  3.3003E+03  1.0416E+02  1.9055E+14
  3.3113E+03  1.0052E+02  1.8449E+14
  3.3223E+03  9.7591E+01  1.7972E+14
  3.3333E+03  9.5182E+01  1.7906E+14
  3.3445E+03  1.0115E+02  1.9093E+14
  3.3557E+03  8.8915E+01  1.6990E+14
  3.3670E+03  8.5881E+01  1.6611E+14
  3.3784E+03  9.4872E+01  1.8412E+14
  3.3898E+03  1.0082E+02  1.9977E+14
  3.4014E+03  1.0226E+02  2.0332E+14
  3.4130E+03  9.7992E+01  1.9718E+14
  3.4247E+03  1.0404E+02  2.1006E+14
  3.4364E+03  8.3940E+01  1.7297E+14
  3.4483E+03  9.7526E+01  2.0166E+14
  3.4602E+03  9.6554E+01  2.0202E+14
  3.4722E+03  9.2930E+01  1.9674E+14
  3.4843E+03  9.2987E+01  1.9918E+14
  3.4965E+03  1.0509E+02  2.2775E+14
  3.5088E+03  1.0280E+02  2.2356E+14
  3.5211E+03  9.6505E+01  2.1403E+14
  3.5336E+03  1.1276E+02  2.5098E+14
  3.5461E+03  1.1146E+02  2.5095E+14
  3.5587E+03  9.5515E+01  2.1753E+14
  3.5714E+03  8.1394E+01  1.8749E+14
  3.5842E+03  8.8475E+01  2.0613E+14
  3.5971E+03  1.0404E+02  2.4516E+14
  3.6101E+03  9.3443E+01  2.2268E+14
  3.6232E+03  1.0569E+02  2.5472E+14
  3.6364E+03  1.0672E+02  2.5812E+14
  3.6496E+03  1.2251E+02  3.0190E+14
  3.6630E+03  1.2607E+02  3.1414E+14
  3.6765E+03  1.1611E+02  2.9040E+14
  3.6900E+03  1.2882E+02  3.2816E+14
  3.7037E+03  1.2039E+02  3.1007E+14
  3.7175E+03  1.1056E+02  2.8582E+14
  3.7313E+03  9.6119E+01  2.5301E+14
  3.7453E+03  1.0308E+02  2.7431E+14
  3.7594E+03  1.1405E+02  3.0681E+14
  3.7736E+03  1.3860E+02  3.7688E+14
  3.7879E+03  1.1314E+02  3.1098E+14
  3.8023E+03  1.2254E+02  3.4043E+14
  3.8168E+03  8.5909E+01  2.4123E+14
  3.8314E+03  8.0942E+01  2.3128E+14
  3.8462E+03  1.0435E+02  2.9932E+14
  3.8610E+03  1.0353E+02  3.0214E+14
  3.8760E+03  1.0235E+02  3.0186E+14
  3.8911E+03  1.2248E+02  3.6263E+14
  3.9062E+03  1.3057E+02  3.9580E+14
  3.9216E+03  8.2385E+01  2.5071E+14
  3.9370E+03  1.0147E+02  3.1402E+14
  3.9526E+03  1.0879E+02  3.4019E+14
  3.9683E+03  1.0609E+02  3.3519E+14
  3.9841E+03  1.6044E+02  5.1212E+14
  4.0000E+03  1.7201E+02  5.5819E+14
  4.0161E+03  1.7839E+02  5.8483E+14
  4.0323E+03  1.7119E+02  5.6698E+14
  4.0486E+03  1.6835E+02  5.6325E+14
  4.0650E+03  1.6487E+02  5.6062E+14
  4.0816E+03  1.7484E+02  6.0411E+14
  4.0984E+03  1.6398E+02  5.6894E+14
  4.1152E+03  1.8103E+02  6.3818E+14
  4.1322E+03  1.7728E+02  6.3492E+14
  4.1494E+03  1.8233E+02  6.5954E+14
  4.1667E+03  1.7301E+02  6.3206E+14
  4.1841E+03  1.7388E+02  6.4524E+14
  4.2017E+03  1.7756E+02  6.6542E+14
  4.2194E+03  1.7292E+02  6.5812E+14
  4.2373E+03  1.7797E+02  6.8399E+14
  4.2553E+03  1.7311E+02  6.7556E+14
  4.2735E+03  1.6387E+02  6.4579E+14
  4.2918E+03  1.3723E+02  5.4905E+14
  4.3103E+03  1.6073E+02  6.5280E+14
  4.3290E+03  1.6791E+02  6.8862E+14
  4.3478E+03  1.8205E+02  7.5780E+14
  4.3668E+03  1.7320E+02  7.3174E+14
  4.3860E+03  1.8179E+02  7.7542E+14
  4.4053E+03  1.9361E+02  8.3806E+14
  4.4248E+03  1.9732E+02  8.6230E+14
  4.4444E+03  1.9065E+02  8.4964E+14
  4.4643E+03  2.0109E+02  9.0471E+14
  4.4843E+03  2.0621E+02  9.4126E+14
  4.5045E+03  2.1561E+02  9.9838E+14
  4.5249E+03  2.0018E+02  9.4026E+14
  4.5455E+03  2.0820E+02  9.8714E+14
  4.5662E+03  2.0957E+02  1.0126E+15
  4.5872E+03  2.0801E+02  1.0145E+15
  4.6083E+03  2.1328E+02  1.0549E+15
  4.6296E+03  2.0791E+02  1.0476E+15
  4.6512E+03  2.0330E+02  1.0339E+15
  4.6729E+03  2.0494E+02  1.0568E+15
  4.6948E+03  2.0115E+02  1.0564E+15
  4.7170E+03  2.0783E+02  1.1016E+15
  4.7393E+03  2.1138E+02  1.1409E+15
  4.7619E+03  2.0920E+02  1.1445E+15
  4.7847E+03  2.1008E+02  1.1650E+15
  4.8077E+03  2.1126E+02  1.1874E+15
  4.8309E+03  2.0424E+02  1.1684E+15
  4.8544E+03  1.7727E+02  1.0234E+15
  4.8780E+03  1.9984E+02  1.1789E+15
  4.9020E+03  1.9733E+02  1.1747E+15
  4.9261E+03  2.0097E+02  1.2172E+15
  4.9505E+03  2.0256E+02  1.2430E+15
  4.9751E+03  1.9760E+02  1.2335E+15
  5.0000E+03  1.8707E+02  1.1830E+15
  5.0251E+03  1.9439E+02  1.2502E+15
  5.0505E+03  1.9806E+02  1.2904E+15
  5.0761E+03  1.8792E+02  1.2449E+15
  5.1020E+03  1.9466E+02  1.3112E+15
  5.1282E+03  1.8576E+02  1.2673E+15
  5.1546E+03  1.7618E+02  1.2218E+15
  5.1813E+03  1.7820E+02  1.2562E+15
  5.2083E+03  1.8488E+02  1.3247E+15
  5.2356E+03  1.9166E+02  1.3956E+15
  5.2632E+03  1.8026E+02  1.3291E+15
  5.2910E+03  1.9391E+02  1.4527E+15
  5.3191E+03  1.8575E+02  1.4189E+15
  5.3476E+03  1.9077E+02  1.4753E+15
  5.3763E+03  1.8800E+02  1.4821E+15
  5.4054E+03  1.8444E+02  1.4770E+15
  5.4348E+03  1.9032E+02  1.5480E+15
  5.4645E+03  1.8904E+02  1.5616E+15
  5.4945E+03  1.9001E+02  1.5993E+15
  5.5249E+03  1.8928E+02  1.6178E+15
  5.5556E+03  1.8554E+02  1.6102E+15
  5.5866E+03  1.8153E+02  1.6046E+15
  5.6180E+03  1.8578E+02  1.6672E+15
  5.6497E+03  1.8208E+02  1.6639E+15
  5.6818E+03  1.7975E+02  1.6726E+15
  5.7143E+03  1.8659E+02  1.7623E+15
  5.7471E+03  1.8376E+02  1.7668E+15
  5.7803E+03  1.8162E+02  1.7828E+15
  5.8140E+03  1.8497E+02  1.8425E+15
  5.8480E+03  1.8086E+02  1.8334E+15
  5.8824E+03  1.7291E+02  1.7836E+15
  5.9172E+03  1.7896E+02  1.8783E+15
  5.9524E+03  1.7752E+02  1.8955E+15
  5.9880E+03  1.7433E+02  1.8989E+15
  6.0241E+03  1.7570E+02  1.9467E+15
  6.0606E+03  1.7507E+02  1.9783E+15
  6.0976E+03  1.7263E+02  1.9837E+15
  6.1350E+03  1.6723E+02  1.9541E+15
  6.1728E+03  1.7019E+02  2.0328E+15
  6.2112E+03  1.6686E+02  2.0263E+15
  6.2500E+03  1.6760E+02  2.0744E+15
  6.2893E+03  1.6593E+02  2.0929E+15
  6.3291E+03  1.6455E+02  2.1149E+15
  6.3694E+03  1.6437E+02  2.1577E+15
  6.4103E+03  1.6157E+02  2.1554E+15
  6.4516E+03  1.6132E+02  2.1975E+15
  6.4935E+03  1.5856E+02  2.1998E+15
  6.5359E+03  1.4652E+02  2.0750E+15
  6.5789E+03  1.5554E+02  2.2482E+15
  6.6225E+03  1.5344E+02  2.2632E+15
  6.6667E+03  1.5421E+02  2.3156E+15
  6.7114E+03  1.5397E+02  2.3640E+15
  6.7568E+03  1.5164E+02  2.3698E+15
  6.8027E+03  1.4950E+02  2.3880E+15
  6.8493E+03  1.4991E+02  2.4473E+15
  6.8966E+03  1.4674E+02  2.4376E+15
  6.9444E+03  1.4659E+02  2.4931E+15
  6.9930E+03  1.4485E+02  2.5164E+15
  7.0423E+03  1.4444E+02  2.5576E+15
  7.0922E+03  1.4047E+02  2.5452E+15
  7.1429E+03  1.3731E+02  2.5354E+15
  7.1942E+03  1.3633E+02  2.5799E+15
  7.2464E+03  1.3407E+02  2.5896E+15
  7.2993E+03  1.3358E+02  2.6336E+15
  7.3529E+03  1.3089E+02  2.6430E+15
  7.4074E+03  1.2936E+02  2.6702E+15
  7.4627E+03  1.2886E+02  2.7184E+15
  7.5188E+03  1.2802E+02  2.7646E+15
  7.5758E+03  1.2536E+02  2.7660E+15
  7.6336E+03  1.2283E+02  2.7734E+15
  7.6923E+03  1.2098E+02  2.7948E+15
  7.7519E+03  1.1934E+02  2.8249E+15
  7.8125E+03  1.1754E+02  2.8458E+15
  7.8740E+03  1.1620E+02  2.8817E+15
  7.9365E+03  1.1412E+02  2.8981E+15
  8.0000E+03  1.1312E+02  2.9414E+15
  8.0645E+03  1.1206E+02  2.9873E+15
  8.1301E+03  1.1079E+02  3.0230E+15
  8.1967E+03  1.0784E+02  3.0200E+15
  8.2645E+03  1.0691E+02  3.0632E+15
  8.3333E+03  1.0460E+02  3.0791E+15
  8.4034E+03  1.0298E+02  3.1048E+15
  8.4746E+03  9.4550E+01  2.9232E+15
  8.5470E+03  9.8021E+01  3.1113E+15
  8.6207E+03  9.6821E+01  3.1544E+15
  8.6957E+03  9.8598E+01  3.2921E+15
  8.7719E+03  9.5545E+01  3.2815E+15
  8.8496E+03  9.3626E+01  3.2983E+15
  8.9286E+03  9.1801E+01  3.3207E+15
  9.0090E+03  8.9449E+01  3.3257E+15
  9.0909E+03  8.8383E+01  3.3767E+15
  9.1743E+03  8.5524E+01  3.3607E+15
  9.2593E+03  8.5630E+01  3.4559E+15
  9.3458E+03  8.3302E+01  3.4601E+15
  9.4340E+03  8.2290E+01  3.5129E+15
  9.5238E+03  7.9949E+01  3.5145E+15
  9.6154E+03  7.8772E+01  3.5610E+15
  9.7087E+03  7.7246E+01  3.5977E+15
  9.8039E+03  7.5914E+01  3.6415E+15
  9.9010E+03  7.4533E+01  3.6814E+15
 uvscale   1.0000000000000000     
 for a solar flux from    0.0000000000000000       Ga
 it is considering CS2
 ihztype is:                     0
 using spherical MIE data
 N =    1  EMAX = 2.06E-05 FOR CH2OH   AT Z = 4.22E+06 U = 1.10E-20 RHS = 2.27E-25  DT = 5.00E-06  TIME = 1.00E-06
 N =    2  EMAX = 6.63E-05 FOR CH2OH   AT Z = 4.22E+06 U = 1.10E-20 RHS = 7.30E-25  DT = 2.50E-05  TIME = 6.00E-06
 N =    3  EMAX = 8.94E-05 FOR CH2OH   AT Z = 4.32E+06 U = 1.36E-20 RHS = 1.21E-24  DT = 1.25E-04  TIME = 3.10E-05
 N =    4  EMAX = 6.44E-05 FOR CH2OH   AT Z = 5.82E+06 U = 3.53E-20 RHS = 2.27E-24  DT = 6.25E-04  TIME = 1.56E-04
 N =    5  EMAX = 1.73E-04 FOR HCO     AT Z = 7.18E+06 U = 2.72E-18 RHS = 4.69E-22  DT = 3.13E-03  TIME = 7.81E-04
 N =    6  EMAX = 1.87E-04 FOR HCO     AT Z = 7.32E+06 U = 7.36E-18 RHS = 1.38E-21  DT = 1.56E-02  TIME = 3.91E-03
 N =    7  EMAX = 1.12E-04 FOR CH2OH   AT Z = 9.48E+06 U = 5.67E-19 RHS = 6.34E-23  DT = 7.81E-02  TIME = 1.95E-02
 N =    8  EMAX = 1.74E-04 FOR CH2OH   AT Z = 9.68E+06 U = 1.01E-18 RHS = 1.75E-22  DT = 3.91E-01  TIME = 9.77E-02
 N =    9  EMAX = 1.62E-04 FOR CH3     AT Z = 7.18E+06 U = 2.82E-15 RHS = 4.57E-19  DT = 1.95E+00  TIME = 4.88E-01
 N =   10  EMAX = 3.14E-04 FOR CH3     AT Z = 7.22E+06 U = 3.87E-15 RHS = 1.21E-18  DT = 9.77E+00  TIME = 2.44E+00
 N =   11  EMAX = 4.55E-04 FOR N       AT Z = 3.02E+06 U = 1.41E-20 RHS = 6.39E-24  DT = 4.88E+01  TIME = 1.22E+01
 N =   12  EMAX = 2.44E-04 FOR SO3     AT Z = 2.28E+06 U = 4.25E-16 RHS = 1.04E-19  DT = 2.44E+02  TIME = 6.10E+01
 N =   13  EMAX = 4.27E-04 FOR SO3     AT Z = 2.52E+06 U = 1.70E-15 RHS = 7.26E-19  DT = 1.22E+03  TIME = 3.05E+02
 N =   14  EMAX = 6.10E-04 FOR SO3     AT Z = 2.82E+06 U = 1.33E-14 RHS = 8.12E-18  DT = 4.88E+03  TIME = 1.53E+03
 N =   15  EMAX = 7.17E-04 FOR HO2NO2  AT Z = 7.88E+06 U = 1.36E-19 RHS =-9.78E-23  DT = 1.95E+04  TIME = 6.41E+03
 N =   16  EMAX = 1.09E-03 FOR HO2NO2  AT Z = 8.02E+06 U = 1.62E-20 RHS =-1.76E-23  DT = 5.86E+04  TIME = 2.59E+04
 N =   17  EMAX = 7.74E-04 FOR HNO3    AT Z = 8.28E+06 U = 6.08E-20 RHS =-4.70E-23  DT = 2.34E+05  TIME = 8.45E+04
 N =   18  EMAX = 6.08E-04 FOR H2O2    AT Z = 8.92E+06 U = 6.29E-16 RHS =-3.82E-19  DT = 9.38E+05  TIME = 3.19E+05
 N =   19  EMAX = 5.22E-04 FOR OCS     AT Z = 4.82E+06 U = 1.00E-20 RHS =-5.23E-24  DT = 3.75E+06  TIME = 1.26E+06
 N =   20  EMAX = 3.71E-04 FOR OCS     AT Z = 4.82E+06 U = 1.00E-20 RHS =-3.71E-24  DT = 1.88E+07  TIME = 5.01E+06
 N =   21  EMAX = 2.24E-04 FOR C2H6    AT Z = 5.72E+06 U = 7.79E-18 RHS =-1.75E-21  DT = 9.38E+07  TIME = 2.38E+07
 N =   22  EMAX = 1.57E-04 FOR H2SO4   AT Z = 6.08E+06 U = 9.74E-12 RHS =-1.52E-15  DT = 4.69E+08  TIME = 1.18E+08
 N =   23  EMAX = 4.76E-05 FOR C2H6    AT Z = 9.98E+06 U = 4.39E-19 RHS =-2.09E-23  DT = 2.34E+09  TIME = 5.86E+08
 N =   24  EMAX = 2.70E-05 FOR C2H6    AT Z = 9.98E+06 U = 4.39E-19 RHS =-1.18E-23  DT = 1.17E+10  TIME = 2.93E+09
 N =   25  EMAX = 9.44E-06 FOR C2H6    AT Z = 5.58E+06 U = 1.12E-17 RHS = 1.06E-22  DT = 5.86E+10  TIME = 1.46E+10
 N =   26  EMAX = 6.85E-06 FOR OCS     AT Z = 4.82E+06 U = 1.00E-20 RHS = 6.85E-26  DT = 2.93E+11  TIME = 7.32E+10
 N =   27  EMAX = 1.63E-06 FOR OCS     AT Z = 4.82E+06 U = 1.00E-20 RHS = 1.63E-26  DT = 1.46E+12  TIME = 3.66E+11
 N =   28  EMAX = 2.96E-07 FOR OCS     AT Z = 4.82E+06 U = 1.00E-20 RHS = 2.96E-27  DT = 7.32E+12  TIME = 1.83E+12
 N =   29  EMAX = 7.99E-08 FOR CS2     AT Z = 2.48E+06 U = 2.33E-20 RHS = 1.87E-27  DT = 3.66E+13  TIME = 9.16E+12
 N =   30  EMAX = 4.89E-08 FOR C2H6S   AT Z = 2.38E+06 U = 2.55E-20 RHS =-1.25E-27  DT = 1.83E+14  TIME = 4.58E+13
 N =   31  EMAX = 1.26E-08 FOR C2H6S   AT Z = 2.38E+06 U = 2.55E-20 RHS = 3.21E-28  DT = 9.16E+14  TIME = 2.29E+14
 N =   32  EMAX = 2.06E-09 FOR C2H6S   AT Z = 2.38E+06 U = 2.55E-20 RHS =-5.26E-29  DT = 4.58E+15  TIME = 1.14E+15
 N =   33  EMAX = 2.29E-10 FOR CS2     AT Z = 2.48E+06 U = 2.33E-20 RHS =-5.35E-30  DT = 2.29E+16  TIME = 5.72E+15
 N =   34  EMAX = 2.68E-10 FOR C2H6S   AT Z = 2.38E+06 U = 2.55E-20 RHS = 6.82E-30  DT = 1.14E+17  TIME = 2.86E+16
 N =   35  EMAX = 1.79E-10 FOR C2H6S   AT Z = 2.38E+06 U = 2.55E-20 RHS =-4.55E-30  DT = 5.72E+17  TIME = 1.43E+17
 N =   36  EMAX = 1.67E-10 FOR C2H6S   AT Z = 2.38E+06 U = 2.55E-20 RHS = 4.25E-30  DT = 2.86E+18  TIME = 7.15E+17

 CONSERVATION OF SULFUR:
     S loss = 1.326E+10  S prod = 1.325500E+10  SO4LOS = 8.170721E+09  8 S8LOSS = 1.377760E-18  sulrain = 8.615E+09   Difference =-8.800E-02
Note: The following floating-point exceptions are signalling: IEEE_INVALID_FLAG IEEE_DIVIDE_BY_ZERO IEEE_UNDERFLOW_FLAG IEEE_DENORMAL

redox conservation =  1.178E+03 mol/cm^2/s, a factor of  6.104E-10 NEW METHOD

CH4 flux = 1.000000E+11  O2 flux = 9.667696E+11 a ratio of   1.0344E-01

 TAUO2 =    31345527852.094997     
 TAUCH4 =    162965599.87474427     
 TAUSO2 =    26103.286527941807     
 
 Comparison between input and output files
 Normalized Gross Error       L2 Norm
   2.1374922975215524E-004   5.9816197792033884E-002
 PhotoMain run completed....
 See PHOTOCHEM/OUTPUT/ directory for the output files.
