 pstar is 13      
 ihzscale is                     0
 uvscale is    1.0000000000000000     
 FRAK =    1.0000000000000000     
 P0 =    1.0129999999999999     
 pstar = 13      
 ihztype =                     0
 NZ =                  200
 FSCALE =    1.0000000000000000     
 G =    980.70000000000005     
 ihz =                     0
 NP =                    4
 Calculated WTa for O2-N2 dominated atmosphere...
 Surface WTa =    28.201058184312974     
 CALLING RATES...
 DIFCO: WT for N2/O2 dominated atmosphere....
 NW =                   118    WAVELENGTH GRID:   1216.0000000000000       -   8550.0000000000000       Angstroms
 PSTAR is our sun
 using Atlas 1 spectrum for the sun

   wavl [A]     mW/m2/A   phot/cm2/s

  1.2160E+03  7.7216E-02  3.9743E+11
  1.3000E+03  1.7319E-02  5.6726E+10
  1.3500E+03  7.8673E-03  2.6759E+10
  1.4000E+03  9.5007E-03  3.3512E+10
  1.4500E+03  1.2512E-02  4.5709E+10
  1.5000E+03  2.2049E-02  8.3328E+10
  1.5500E+03  2.6696E-02  1.0425E+11
  1.6000E+03  3.5484E-02  1.4304E+11
  1.6500E+03  5.2896E-02  2.1990E+11
  1.7000E+03  7.6856E-02  3.5552E+11
  1.7540E+03  1.1413E-01  1.6140E+11
  1.7700E+03  1.4181E-01  2.0237E+11
  1.7860E+03  1.5160E-01  2.1829E+11
  1.8020E+03  2.0465E-01  2.9733E+11
  1.8180E+03  2.1792E-01  3.3937E+11
  1.8350E+03  2.0150E-01  3.1674E+11
  1.8520E+03  2.3677E-01  3.7563E+11
  1.8690E+03  2.8912E-01  4.9011E+11
  1.8870E+03  3.3334E-01  5.7053E+11
  1.9050E+03  3.8383E-01  6.6321E+11
  1.9230E+03  3.5936E-01  6.6162E+11
  1.9420E+03  5.0144E-01  9.3232E+11
  1.9610E+03  5.5232E-01  1.0370E+12
  1.9800E+03  5.6706E-01  1.1315E+12
  2.0000E+03  6.5611E-01  1.3225E+12
  2.0200E+03  7.2206E-01  1.5434E+12
  2.0410E+03  8.4389E-01  1.8226E+12
  2.0620E+03  9.4581E-01  2.0638E+12
  2.0830E+03  1.4585E+00  3.3679E+12
  2.1050E+03  2.1767E+00  5.3104E+12
  2.1280E+03  2.4416E+00  6.0216E+12
  2.1510E+03  2.2713E+00  5.6623E+12
  2.1740E+03  2.9590E+00  8.4279E+12
  2.2000E+03  2.9480E+00  7.1899E+12
  2.2220E+03  4.0325E+00  1.1288E+13
  2.2470E+03  3.1697E+00  9.3312E+12
  2.2730E+03  3.2591E+00  9.7054E+12
  2.2990E+03  3.5888E+00  1.1225E+13
  2.3260E+03  3.1496E+00  9.9673E+12
  2.3530E+03  3.6591E+00  1.2148E+13
  2.3810E+03  3.1355E+00  1.0910E+13
  2.4100E+03  4.4816E+00  1.5783E+13
  2.4390E+03  3.8922E+00  1.4351E+13
  2.4690E+03  3.6494E+00  1.4075E+13
  2.5000E+03  3.5115E+00  1.4156E+13
  2.5320E+03  4.9695E+00  2.0289E+13
  2.5640E+03  9.1423E+00  3.8979E+13
  2.5970E+03  7.2452E+00  3.3185E+13
  2.6320E+03  1.8278E+01  8.4846E+13
  2.6670E+03  1.9363E+01  9.3679E+13
  2.7030E+03  1.6848E+01  8.4905E+13
  2.7400E+03  1.5487E+01  8.1252E+13
  2.7780E+03  1.0546E+01  5.7573E+13
  2.8170E+03  1.9028E+01  1.0804E+14
  2.8570E+03  2.6501E+01  1.6024E+14
  2.8990E+03  4.4500E+01  2.7303E+14
  2.9410E+03  4.0516E+01  2.6419E+14
  2.9850E+03  3.6172E+01  2.4483E+14
  3.0300E+03  4.7633E+01  3.4181E+14
  3.0770E+03  5.0101E+01  3.7287E+14
  3.1250E+03  5.4323E+01  4.2771E+14
  3.1750E+03  5.8020E+01  4.6413E+14
  3.2250E+03  6.6518E+01  5.4048E+14
  3.2750E+03  8.0323E+01  6.6278E+14
  3.3250E+03  7.3274E+01  6.1384E+14
  3.3750E+03  7.6723E+01  6.5240E+14
  3.4250E+03  7.3147E+01  3.1560E+14
  3.4500E+03  7.9041E+01  1.3741E+15
  3.5500E+03  7.6591E+01  1.3701E+15
  3.6500E+03  9.1395E+01  1.6810E+15
  3.7500E+03  8.3974E+01  1.5868E+15
  3.8500E+03  8.1742E+01  1.5858E+15
  3.9500E+03  1.1831E+02  2.3549E+15
  4.0500E+03  1.3647E+02  2.7851E+15
  4.1500E+03  1.3937E+02  2.9146E+15
  4.2500E+03  1.2804E+02  2.7420E+15
  4.3500E+03  1.4915E+02  3.2693E+15
  4.4500E+03  1.6339E+02  3.6637E+15
  4.5500E+03  1.6960E+02  3.8885E+15
  4.6500E+03  1.6595E+02  3.8885E+15
  4.7500E+03  1.6987E+02  4.0660E+15
  4.8500E+03  1.5766E+02  3.8530E+15
  4.9500E+03  1.5848E+02  3.9530E+15
  5.0500E+03  1.5556E+02  3.9585E+15
  5.1500E+03  1.4686E+02  3.8111E+15
  5.2500E+03  1.5244E+02  4.0327E+15
  5.3500E+03  1.5328E+02  4.1323E+15
  5.4500E+03  1.5487E+02  4.2532E+15
  5.5500E+03  1.5091E+02  4.2204E+15
  5.6500E+03  1.4973E+02  4.2628E+15
  5.7500E+03  1.5023E+02  4.3528E+15
  5.8500E+03  1.4535E+02  4.2847E+15
  5.9500E+03  1.4433E+02  4.3273E+15
  6.0500E+03  1.4215E+02  4.3335E+15
  6.1500E+03  1.3799E+02  4.2763E+15
  6.2500E+03  1.3670E+02  4.3051E+15
  6.3500E+03  1.3422E+02  4.2948E+15
  6.4500E+03  1.3126E+02  4.2660E+15
  6.5500E+03  1.2452E+02  4.1098E+15
  6.6500E+03  1.2690E+02  4.2522E+15
  6.7500E+03  1.2419E+02  4.2240E+15
  6.8500E+03  1.2212E+02  4.2154E+15
  6.9500E+03  1.2026E+02  4.2117E+15
  7.0500E+03  1.1700E+02  4.1565E+15
  7.1500E+03  1.1279E+02  4.0636E+15
  7.2500E+03  1.1048E+02  4.0360E+15
  7.3500E+03  1.0750E+02  3.9813E+15
  7.4500E+03  1.0654E+02  3.9997E+15
  7.5500E+03  1.0415E+02  3.9624E+15
  7.6500E+03  1.0052E+02  3.8749E+15
  7.7500E+03  9.8332E+01  3.8401E+15
  7.8500E+03  9.5841E+01  3.7911E+15
  7.9500E+03  9.4372E+01  3.7806E+15
  8.0500E+03  9.2931E+01  3.7697E+15
  8.1500E+03  9.0138E+01  3.7018E+15
  8.2500E+03  8.8327E+01  3.6719E+15
  8.3500E+03  8.6166E+01  3.6255E+15
  8.4500E+03  7.9927E+01  3.4033E+15
 uvscale   1.0000000000000000     
 for a solar flux from    2.5000000000000000       Ga
 it is considering CS2
 ihztype is:                     0
 using fractal MIE data
 using ihztype 0: 0.05 um particles (Khare)
 N =    1  EMAX = 7.01E-06 FOR HCO     AT Z = 1.75E+05 U = 5.65E-20 RHS = 3.97E-25  DT = 5.00E-06  TIME = 1.00E-06
 N =    2  EMAX = 3.14E-05 FOR HCO     AT Z = 1.75E+05 U = 5.65E-20 RHS = 1.78E-24  DT = 2.50E-05  TIME = 6.00E-06
 N =    3  EMAX = 1.02E-04 FOR HCO     AT Z = 2.75E+05 U = 6.96E-20 RHS = 7.07E-24  DT = 1.25E-04  TIME = 3.10E-05
 N =    4  EMAX = 1.64E-04 FOR HCO     AT Z = 5.25E+05 U = 9.91E-20 RHS = 1.63E-23  DT = 6.25E-04  TIME = 1.56E-04
 N =    5  EMAX = 1.35E-04 FOR CH3     AT Z = 5.25E+05 U = 2.78E-19 RHS = 3.76E-23  DT = 3.13E-03  TIME = 7.81E-04
 N =    6  EMAX = 2.75E-04 FOR H       AT Z = 5.25E+05 U = 2.86E-16 RHS = 7.88E-20  DT = 1.56E-02  TIME = 3.91E-03
 N =    7  EMAX = 2.87E-04 FOR H       AT Z = 5.25E+05 U = 2.87E-16 RHS = 8.21E-20  DT = 7.81E-02  TIME = 1.95E-02
 N =    8  EMAX = 2.89E-04 FOR SO3     AT Z = 4.25E+05 U = 1.19E-18 RHS = 3.45E-22  DT = 3.91E-01  TIME = 9.77E-02
 N =    9  EMAX = 5.71E-04 FOR HS      AT Z = 5.25E+05 U = 6.68E-17 RHS = 3.81E-20  DT = 1.56E+00  TIME = 4.88E-01
 N =   10  EMAX = 7.48E-04 FOR HS      AT Z = 3.75E+05 U = 3.70E-17 RHS = 2.77E-20  DT = 6.25E+00  TIME = 2.05E+00
 N =   11  EMAX = 6.16E-04 FOR SO      AT Z = 2.75E+05 U = 2.94E-15 RHS = 1.81E-18  DT = 2.50E+01  TIME = 8.30E+00
 N =   12  EMAX = 4.16E-04 FOR SO      AT Z = 5.25E+05 U = 1.63E-14 RHS = 6.76E-18  DT = 1.25E+02  TIME = 3.33E+01
 N =   13  EMAX = 5.96E-04 FOR O3      AT Z = 9.98E+06 U = 3.74E-12 RHS =-2.23E-15  DT = 5.00E+02  TIME = 1.58E+02
 N =   14  EMAX = 4.80E-04 FOR O3      AT Z = 9.98E+06 U = 3.74E-12 RHS =-1.79E-15  DT = 2.50E+03  TIME = 6.58E+02
 N =   15  EMAX = 5.44E-04 FOR C3H2    AT Z = 9.08E+06 U = 1.22E-20 RHS = 6.65E-24  DT = 1.00E+04  TIME = 3.16E+03
 N =   16  EMAX = 6.79E-04 FOR CH2CCH2 AT Z = 9.62E+06 U = 1.09E-20 RHS =-7.38E-24  DT = 4.00E+04  TIME = 1.32E+04
 N =   17  EMAX = 5.18E-04 FOR HSO     AT Z = 3.25E+05 U = 2.72E-12 RHS = 1.41E-15  DT = 1.60E+05  TIME = 5.32E+04
 N =   18  EMAX = 4.05E-04 FOR CH3O2   AT Z = 7.18E+06 U = 6.75E-16 RHS =-2.74E-19  DT = 8.00E+05  TIME = 2.13E+05
 N =   19  EMAX = 3.87E-04 FOR C3H2    AT Z = 9.42E+06 U = 8.48E-20 RHS = 3.29E-23  DT = 4.00E+06  TIME = 1.01E+06
 N =   20  EMAX = 2.73E-04 FOR C3H2    AT Z = 9.98E+06 U = 1.94E-19 RHS = 5.29E-23  DT = 2.00E+07  TIME = 5.01E+06
 N =   21  EMAX = 1.84E-04 FOR HS      AT Z = 8.75E+05 U = 4.08E-16 RHS = 7.50E-20  DT = 1.00E+08  TIME = 2.50E+07
 N =   22  EMAX = 1.98E-04 FOR C2H6    AT Z = 5.75E+05 U = 6.87E-19 RHS = 1.36E-22  DT = 5.00E+08  TIME = 1.25E+08
 N =   23  EMAX = 1.72E-04 FOR C3H8    AT Z = 7.22E+06 U = 1.42E-20 RHS =-2.44E-24  DT = 2.50E+09  TIME = 6.25E+08
 N =   24  EMAX = 2.47E-04 FOR C2H5CHO AT Z = 5.52E+06 U = 1.67E-20 RHS =-4.14E-24  DT = 1.25E+10  TIME = 3.13E+09
 N =   25  EMAX = 1.94E-04 FOR C2H5CHO AT Z = 5.68E+06 U = 4.80E-20 RHS =-9.31E-24  DT = 6.25E+10  TIME = 1.56E+10
 N =   26  EMAX = 5.58E-05 FOR CH3C2H  AT Z = 9.98E+06 U = 6.67E-20 RHS =-3.72E-24  DT = 3.12E+11  TIME = 7.81E+10
Note: The following floating-point exceptions are signalling: IEEE_INVALID_FLAG IEEE_DIVIDE_BY_ZERO IEEE_UNDERFLOW_FLAG IEEE_DENORMAL
 N =   27  EMAX = 7.50E-06 FOR SO2     AT Z = 5.22E+06 U = 1.07E-20 RHS =-8.01E-26  DT = 1.56E+12  TIME = 3.91E+11
 N =   28  EMAX = 2.82E-07 FOR HS      AT Z = 1.25E+05 U = 1.29E-17 RHS = 3.64E-24  DT = 7.81E+12  TIME = 1.95E+12
 N =   29  EMAX = 7.79E-08 FOR HS      AT Z = 1.25E+05 U = 1.29E-17 RHS = 1.01E-24  DT = 3.91E+13  TIME = 9.77E+12
 N =   30  EMAX = 2.37E-08 FOR HS      AT Z = 1.75E+05 U = 1.69E-17 RHS = 3.99E-25  DT = 1.95E+14  TIME = 4.88E+13
 N =   31  EMAX = 8.87E-09 FOR HS      AT Z = 3.25E+05 U = 3.09E-17 RHS = 2.74E-25  DT = 9.77E+14  TIME = 2.44E+14
 N =   32  EMAX = 3.75E-09 FOR HS      AT Z = 3.75E+05 U = 3.71E-17 RHS = 1.39E-25  DT = 4.88E+15  TIME = 1.22E+15
 N =   33  EMAX = 1.60E-09 FOR HS      AT Z = 3.75E+05 U = 3.71E-17 RHS = 5.93E-26  DT = 2.44E+16  TIME = 6.10E+15
 N =   34  EMAX = 6.81E-10 FOR HS      AT Z = 3.75E+05 U = 3.71E-17 RHS = 2.53E-26  DT = 1.22E+17  TIME = 3.05E+16
 N =   35  EMAX = 2.91E-10 FOR HS      AT Z = 3.75E+05 U = 3.71E-17 RHS = 1.08E-26  DT = 6.10E+17  TIME = 1.53E+17
 N =   36  EMAX = 1.23E-10 FOR HS      AT Z = 3.75E+05 U = 3.71E-17 RHS = 4.57E-27  DT = 3.05E+18  TIME = 7.63E+17

 SCALED HC AEROSOL ABSORPTION OPTICAL DEPTHS
     190 nm = 1.720E-19     200 nm = 1.604E-19     210 nm = 1.502E-19     220 nm = 1.417E-19     258 nm = 1.002E-19     550 nm = 5.808E-21

 SCALED HC AEROSOL EXTINCTION OPTICAL DEPTHS
     190 nm = 1.720E-19     200 nm = 1.604E-19     210 nm = 1.502E-19     220 nm = 1.417E-19     258 nm = 1.002E-19     550 nm = 5.808E-21

 SCALED HC AEROSOL EFFECTIVE OPTICAL DEPTHS
     190 nm = 1.720E-19     200 nm = 1.604E-19     210 nm = 1.502E-19     220 nm = 1.417E-19     258 nm = 1.002E-19     550 nm = 5.808E-21

 CONSERVATION OF SULFUR:
     S loss = 3.850E+09  S prod = 3.850000E+09  SO4LOS = 5.616470E+08  8 S8LOSS = 1.405769E-18  sulrain = 1.908E+09   Difference =-2.869E-02

redox conservation =  5.691E+02 mol/cm^2/s, a factor of  2.366E-11 NEW METHOD

CH4 flux = 1.000000E+11  O2 flux = 1.211423E+13 a ratio of   8.2548E-03

 TAUO2 =    66738164.260837600     
 TAUCH4 =    8338819409.1570158     
 TAUSO2 =    6435.5125917396608     
 
 fractals #1
 fractals #2 
 Comparison between input and output files
 Normalized Gross Error       L2 Norm
   2.6557545337068436E-004   1.7161415074362107E-003
 PhotoMain run completed....
 See PHOTOCHEM/OUTPUT/ directory for the output files.
