 pstar is 13      
 ihzscale is                     0
 uvscale is    1.0000000000000000     
 FRAK =    1.0000000000000000     
 P0 =    1.0129999999999999     
 pstar = 13      
 ihztype =                     0
 NZ =                  200
 FSCALE =    1.0000000000000000     
 G =    980.70000000000005     
 ihz =                     0
 NP =                    4
 Calculated WTa for O2-N2 dominated atmosphere...
 Surface WTa =    28.208648917968564     
 CALLING RATES...
 DIFCO: WT for N2/O2 dominated atmosphere....
 NW =                   118    WAVELENGTH GRID:   1216.0000000000000       -   8550.0000000000000       Angstroms
 PSTAR is our sun
 using Atlas 1 spectrum for the sun

   wavl [A]     mW/m2/A   phot/cm2/s

  1.2160E+03  7.7216E-02  3.9743E+11
  1.3000E+03  1.7319E-02  5.6726E+10
  1.3500E+03  7.8673E-03  2.6759E+10
  1.4000E+03  9.5007E-03  3.3512E+10
  1.4500E+03  1.2512E-02  4.5709E+10
  1.5000E+03  2.2049E-02  8.3328E+10
  1.5500E+03  2.6696E-02  1.0425E+11
  1.6000E+03  3.5484E-02  1.4304E+11
  1.6500E+03  5.2896E-02  2.1990E+11
  1.7000E+03  7.6856E-02  3.5552E+11
  1.7540E+03  1.1413E-01  1.6140E+11
  1.7700E+03  1.4181E-01  2.0237E+11
  1.7860E+03  1.5160E-01  2.1829E+11
  1.8020E+03  2.0465E-01  2.9733E+11
  1.8180E+03  2.1792E-01  3.3937E+11
  1.8350E+03  2.0150E-01  3.1674E+11
  1.8520E+03  2.3677E-01  3.7563E+11
  1.8690E+03  2.8912E-01  4.9011E+11
  1.8870E+03  3.3334E-01  5.7053E+11
  1.9050E+03  3.8383E-01  6.6321E+11
  1.9230E+03  3.5936E-01  6.6162E+11
  1.9420E+03  5.0144E-01  9.3232E+11
  1.9610E+03  5.5232E-01  1.0370E+12
  1.9800E+03  5.6706E-01  1.1315E+12
  2.0000E+03  6.5611E-01  1.3225E+12
  2.0200E+03  7.2206E-01  1.5434E+12
  2.0410E+03  8.4389E-01  1.8226E+12
  2.0620E+03  9.4581E-01  2.0638E+12
  2.0830E+03  1.4585E+00  3.3679E+12
  2.1050E+03  2.1767E+00  5.3104E+12
  2.1280E+03  2.4416E+00  6.0216E+12
  2.1510E+03  2.2713E+00  5.6623E+12
  2.1740E+03  2.9590E+00  8.4279E+12
  2.2000E+03  2.9480E+00  7.1899E+12
  2.2220E+03  4.0325E+00  1.1288E+13
  2.2470E+03  3.1697E+00  9.3312E+12
  2.2730E+03  3.2591E+00  9.7054E+12
  2.2990E+03  3.5888E+00  1.1225E+13
  2.3260E+03  3.1496E+00  9.9673E+12
  2.3530E+03  3.6591E+00  1.2148E+13
  2.3810E+03  3.1355E+00  1.0910E+13
  2.4100E+03  4.4816E+00  1.5783E+13
  2.4390E+03  3.8922E+00  1.4351E+13
  2.4690E+03  3.6494E+00  1.4075E+13
  2.5000E+03  3.5115E+00  1.4156E+13
  2.5320E+03  4.9695E+00  2.0289E+13
  2.5640E+03  9.1423E+00  3.8979E+13
  2.5970E+03  7.2452E+00  3.3185E+13
  2.6320E+03  1.8278E+01  8.4846E+13
  2.6670E+03  1.9363E+01  9.3679E+13
  2.7030E+03  1.6848E+01  8.4905E+13
  2.7400E+03  1.5487E+01  8.1252E+13
  2.7780E+03  1.0546E+01  5.7573E+13
  2.8170E+03  1.9028E+01  1.0804E+14
  2.8570E+03  2.6501E+01  1.6024E+14
  2.8990E+03  4.4500E+01  2.7303E+14
  2.9410E+03  4.0516E+01  2.6419E+14
  2.9850E+03  3.6172E+01  2.4483E+14
  3.0300E+03  4.7633E+01  3.4181E+14
  3.0770E+03  5.0101E+01  3.7287E+14
  3.1250E+03  5.4323E+01  4.2771E+14
  3.1750E+03  5.8020E+01  4.6413E+14
  3.2250E+03  6.6518E+01  5.4048E+14
  3.2750E+03  8.0323E+01  6.6278E+14
  3.3250E+03  7.3274E+01  6.1384E+14
  3.3750E+03  7.6723E+01  6.5240E+14
  3.4250E+03  7.3147E+01  3.1560E+14
  3.4500E+03  7.9041E+01  1.3741E+15
  3.5500E+03  7.6591E+01  1.3701E+15
  3.6500E+03  9.1395E+01  1.6810E+15
  3.7500E+03  8.3974E+01  1.5868E+15
  3.8500E+03  8.1742E+01  1.5858E+15
  3.9500E+03  1.1831E+02  2.3549E+15
  4.0500E+03  1.3647E+02  2.7851E+15
  4.1500E+03  1.3937E+02  2.9146E+15
  4.2500E+03  1.2804E+02  2.7420E+15
  4.3500E+03  1.4915E+02  3.2693E+15
  4.4500E+03  1.6339E+02  3.6637E+15
  4.5500E+03  1.6960E+02  3.8885E+15
  4.6500E+03  1.6595E+02  3.8885E+15
  4.7500E+03  1.6987E+02  4.0660E+15
  4.8500E+03  1.5766E+02  3.8530E+15
  4.9500E+03  1.5848E+02  3.9530E+15
  5.0500E+03  1.5556E+02  3.9585E+15
  5.1500E+03  1.4686E+02  3.8111E+15
  5.2500E+03  1.5244E+02  4.0327E+15
  5.3500E+03  1.5328E+02  4.1323E+15
  5.4500E+03  1.5487E+02  4.2532E+15
  5.5500E+03  1.5091E+02  4.2204E+15
  5.6500E+03  1.4973E+02  4.2628E+15
  5.7500E+03  1.5023E+02  4.3528E+15
  5.8500E+03  1.4535E+02  4.2847E+15
  5.9500E+03  1.4433E+02  4.3273E+15
  6.0500E+03  1.4215E+02  4.3335E+15
  6.1500E+03  1.3799E+02  4.2763E+15
  6.2500E+03  1.3670E+02  4.3051E+15
  6.3500E+03  1.3422E+02  4.2948E+15
  6.4500E+03  1.3126E+02  4.2660E+15
  6.5500E+03  1.2452E+02  4.1098E+15
  6.6500E+03  1.2690E+02  4.2522E+15
  6.7500E+03  1.2419E+02  4.2240E+15
  6.8500E+03  1.2212E+02  4.2154E+15
  6.9500E+03  1.2026E+02  4.2117E+15
  7.0500E+03  1.1700E+02  4.1565E+15
  7.1500E+03  1.1279E+02  4.0636E+15
  7.2500E+03  1.1048E+02  4.0360E+15
  7.3500E+03  1.0750E+02  3.9813E+15
  7.4500E+03  1.0654E+02  3.9997E+15
  7.5500E+03  1.0415E+02  3.9624E+15
  7.6500E+03  1.0052E+02  3.8749E+15
  7.7500E+03  9.8332E+01  3.8401E+15
  7.8500E+03  9.5841E+01  3.7911E+15
  7.9500E+03  9.4372E+01  3.7806E+15
  8.0500E+03  9.2931E+01  3.7697E+15
  8.1500E+03  9.0138E+01  3.7018E+15
  8.2500E+03  8.8327E+01  3.6719E+15
  8.3500E+03  8.6166E+01  3.6255E+15
  8.4500E+03  7.9927E+01  3.4033E+15
 uvscale   1.0000000000000000     
 for a solar flux from    2.5000000000000000       Ga
 it is considering CS2
 ihztype is:                     0
 using fractal MIE data
 using ihztype 0: 0.05 um particles (Khare)
 N =    1  EMAX = 9.09E-06 FOR HCO     AT Z = 1.18E+06 U = 1.02E-20 RHS = 9.30E-26  DT = 5.00E-06  TIME = 1.00E-06
 N =    2  EMAX = 3.34E-05 FOR HCO     AT Z = 1.18E+06 U = 1.02E-20 RHS = 3.41E-25  DT = 2.50E-05  TIME = 6.00E-06
 N =    3  EMAX = 5.95E-05 FOR HCO     AT Z = 1.18E+06 U = 1.02E-20 RHS = 6.08E-25  DT = 1.25E-04  TIME = 3.10E-05
 N =    4  EMAX = 6.18E-05 FOR CH3     AT Z = 1.28E+06 U = 8.01E-20 RHS = 4.95E-24  DT = 6.25E-04  TIME = 1.56E-04
 N =    5  EMAX = 4.04E-05 FOR O       AT Z = 3.75E+05 U = 2.24E-14 RHS = 9.04E-19  DT = 3.13E-03  TIME = 7.81E-04
 N =    6  EMAX = 8.05E-05 FOR O       AT Z = 5.25E+05 U = 3.90E-14 RHS = 3.14E-18  DT = 1.56E-02  TIME = 3.91E-03
 N =    7  EMAX = 9.17E-05 FOR CH3     AT Z = 9.38E+06 U = 2.03E-14 RHS = 1.86E-18  DT = 7.81E-02  TIME = 1.95E-02
 N =    8  EMAX = 2.99E-04 FOR CH3     AT Z = 9.82E+06 U = 3.05E-14 RHS = 9.11E-18  DT = 3.91E-01  TIME = 9.77E-02
 N =    9  EMAX = 5.46E-04 FOR CH3     AT Z = 9.98E+06 U = 3.83E-14 RHS = 2.09E-17  DT = 1.56E+00  TIME = 4.88E-01
 N =   10  EMAX = 5.25E-04 FOR CH      AT Z = 9.98E+06 U = 3.48E-15 RHS = 1.83E-18  DT = 6.25E+00  TIME = 2.05E+00
 N =   11  EMAX = 3.74E-04 FOR NO2     AT Z = 9.98E+06 U = 1.75E-17 RHS =-6.55E-21  DT = 3.12E+01  TIME = 8.30E+00
 N =   12  EMAX = 3.25E-04 FOR CH2CO   AT Z = 7.52E+06 U = 1.91E-18 RHS = 6.20E-22  DT = 1.56E+02  TIME = 3.96E+01
 N =   13  EMAX = 7.34E-04 FOR O3      AT Z = 9.98E+06 U = 1.14E-10 RHS =-8.34E-14  DT = 6.25E+02  TIME = 1.96E+02
 N =   14  EMAX = 5.60E-04 FOR O3      AT Z = 9.98E+06 U = 1.14E-10 RHS =-6.36E-14  DT = 2.50E+03  TIME = 8.21E+02
 N =   15  EMAX = 5.90E-04 FOR C2H2    AT Z = 9.98E+06 U = 4.88E-18 RHS = 2.88E-21  DT = 1.00E+04  TIME = 3.32E+03
 N =   16  EMAX = 8.82E-04 FOR C2H2    AT Z = 9.98E+06 U = 4.89E-18 RHS = 4.31E-21  DT = 4.00E+04  TIME = 1.33E+04
 N =   17  EMAX = 5.31E-04 FOR C2H2    AT Z = 9.98E+06 U = 4.89E-18 RHS = 2.60E-21  DT = 1.60E+05  TIME = 5.33E+04
 N =   18  EMAX = 3.64E-04 FOR CH3O2   AT Z = 7.52E+06 U = 1.28E-15 RHS =-4.66E-19  DT = 8.00E+05  TIME = 2.13E+05
 N =   19  EMAX = 3.70E-04 FOR SO2     AT Z = 3.18E+06 U = 1.39E-20 RHS = 5.14E-24  DT = 4.00E+06  TIME = 1.01E+06
 N =   20  EMAX = 7.99E-04 FOR H2S     AT Z = 2.48E+06 U = 1.65E-20 RHS =-1.32E-23  DT = 1.60E+07  TIME = 5.01E+06
 N =   21  EMAX = 1.15E-03 FOR H2S     AT Z = 2.48E+06 U = 1.65E-20 RHS =-1.90E-23  DT = 4.80E+07  TIME = 2.10E+07
 N =   22  EMAX = 7.18E-04 FOR H2S     AT Z = 2.48E+06 U = 1.64E-20 RHS =-1.18E-23  DT = 1.92E+08  TIME = 6.90E+07
 N =   23  EMAX = 1.81E-04 FOR SO2     AT Z = 3.18E+06 U = 1.39E-20 RHS =-2.52E-24  DT = 9.60E+08  TIME = 2.61E+08
 N =   24  EMAX = 7.08E-05 FOR CH3CHO  AT Z = 7.42E+06 U = 1.03E-20 RHS =-7.29E-25  DT = 4.80E+09  TIME = 1.22E+09
 N =   25  EMAX = 2.62E-05 FOR C2H6    AT Z = 5.78E+06 U = 3.92E-16 RHS =-1.03E-20  DT = 2.40E+10  TIME = 6.02E+09
 N =   26  EMAX = 1.30E-05 FOR CH3CHO  AT Z = 7.62E+06 U = 7.51E-20 RHS =-9.76E-25  DT = 1.20E+11  TIME = 3.00E+10
Note: The following floating-point exceptions are signalling: IEEE_INVALID_FLAG IEEE_DIVIDE_BY_ZERO IEEE_UNDERFLOW_FLAG IEEE_DENORMAL
 N =   27  EMAX = 6.63E-06 FOR H2S     AT Z = 2.48E+06 U = 1.64E-20 RHS = 1.09E-25  DT = 6.00E+11  TIME = 1.50E+11
 N =   28  EMAX = 1.93E-06 FOR H2S     AT Z = 2.48E+06 U = 1.64E-20 RHS = 3.17E-26  DT = 3.00E+12  TIME = 7.50E+11
 N =   29  EMAX = 1.60E-07 FOR H2S     AT Z = 2.48E+06 U = 1.64E-20 RHS = 2.63E-27  DT = 1.50E+13  TIME = 3.75E+12
 N =   30  EMAX = 7.32E-09 FOR SO2     AT Z = 3.12E+06 U = 2.92E-20 RHS =-2.14E-28  DT = 7.50E+13  TIME = 1.88E+13
 N =   31  EMAX = 3.40E-09 FOR H2S     AT Z = 2.48E+06 U = 1.64E-20 RHS =-5.58E-29  DT = 3.75E+14  TIME = 9.38E+13
 N =   32  EMAX = 5.48E-10 FOR SO4AER  AT Z = 2.48E+06 U = 1.86E-10 RHS = 1.02E-19  DT = 1.88E+15  TIME = 4.69E+14
 N =   33  EMAX = 5.84E-11 FOR H2S     AT Z = 2.48E+06 U = 1.64E-20 RHS = 9.59E-31  DT = 9.38E+15  TIME = 2.34E+15
 N =   34  EMAX = 1.85E-11 FOR SO4AER  AT Z = 2.48E+06 U = 1.86E-10 RHS =-3.44E-21  DT = 4.69E+16  TIME = 1.17E+16
 N =   35  EMAX = 8.85E-12 FOR H2S     AT Z = 2.48E+06 U = 1.64E-20 RHS =-1.45E-31  DT = 2.34E+17  TIME = 5.86E+16
 N =   36  EMAX = 1.64E-11 FOR H2S     AT Z = 2.42E+06 U = 9.14E-20 RHS =-1.50E-30  DT = 1.17E+18  TIME = 2.93E+17
 N =   37  EMAX = 2.47E-11 FOR H2S     AT Z = 2.48E+06 U = 1.64E-20 RHS = 4.06E-31  DT = 5.86E+18  TIME = 1.46E+18

 SCALED HC AEROSOL ABSORPTION OPTICAL DEPTHS
     190 nm = 2.048E-24     200 nm = 1.911E-24     210 nm = 1.789E-24     220 nm = 1.688E-24     258 nm = 1.194E-24     550 nm = 6.918E-26

 SCALED HC AEROSOL EXTINCTION OPTICAL DEPTHS
     190 nm = 2.048E-24     200 nm = 1.911E-24     210 nm = 1.789E-24     220 nm = 1.688E-24     258 nm = 1.194E-24     550 nm = 6.918E-26

 SCALED HC AEROSOL EFFECTIVE OPTICAL DEPTHS
     190 nm = 2.048E-24     200 nm = 1.911E-24     210 nm = 1.789E-24     220 nm = 1.688E-24     258 nm = 1.194E-24     550 nm = 6.918E-26

 CONSERVATION OF SULFUR:
     S loss = 3.850E+09  S prod = 3.850000E+09  SO4LOS = 2.807128E+08  8 S8LOSS = 1.405669E-18  sulrain = 1.778E+09   Difference = 5.627E-05

redox conservation =  2.687E+01 mol/cm^2/s, a factor of  2.394E-12 NEW METHOD

CH4 flux = 1.000000E+11  O2 flux = 5.724933E+12 a ratio of   1.7467E-02

 TAUO2 =    360074540.25535101     
 TAUCH4 =    14989501901.767658     
 TAUSO2 =    14850.720269770136     
 
 fractals #1
 fractals #2 
 Comparison between input and output files
 Normalized Gross Error       L2 Norm
   3.3400715289669968E-004   2.2039535278097241E-003
 PhotoMain run completed....
 See PHOTOCHEM/OUTPUT/ directory for the output files.
