 HC AEROSOL PARAMETERS

    Z        AERSOL     RPARs      WFALL     TAUSED    TAUEDD    TAUC      CONVER
  2.500E+04 1.006E-01 5.165E-05 1.103E-03 7.572E+08 6.970E+06 3.153E+10 4.382E+09
  1.250E+05 1.094E-01 5.165E-05 1.127E-03 7.262E+08 6.704E+06 2.892E+10 4.382E+09
  2.250E+05 1.412E-01 5.165E-05 1.156E-03 6.939E+08 6.429E+06 2.232E+10 4.382E+09
  3.250E+05 1.882E-01 5.165E-05 1.187E-03 6.608E+08 6.153E+06 1.667E+10 4.382E+09
  4.250E+05 2.453E-01 5.165E-05 1.224E-03 6.249E+08 5.851E+06 1.272E+10 4.382E+09
  5.250E+05 3.105E-01 5.165E-05 1.268E-03 5.857E+08 5.519E+06 9.987E+09 4.382E+09
  6.250E+05 3.817E-01 5.165E-05 1.319E-03 5.461E+08 5.189E+06 8.058E+09 4.382E+09
  7.250E+05 4.540E-01 5.165E-05 1.366E-03 5.158E+08 4.964E+06 6.690E+09 4.382E+09
  8.250E+05 5.287E-01 5.165E-05 1.417E-03 4.870E+08 4.760E+06 5.656E+09 4.382E+09
  9.250E+05 6.017E-01 5.165E-05 1.469E-03 4.619E+08 4.603E+06 4.876E+09 4.382E+09
  1.025E+06 6.836E-01 5.165E-05 1.515E-03 4.453E+08 5.690E+06 4.186E+09 4.382E+09
  1.125E+06 9.025E-01 5.165E-05 1.565E-03 4.297E+08 1.508E+07 3.080E+09 4.382E+09
  1.225E+06 1.508E+00 5.165E-05 1.617E-03 4.166E+08 2.670E+07 1.781E+09 4.382E+09
  1.325E+06 2.641E+00 5.165E-05 1.676E-03 4.035E+08 5.718E+07 9.778E+08 4.382E+09
  1.425E+06 4.581E+00 5.165E-05 1.746E-03 3.888E+08 7.949E+07 5.391E+08 4.382E+09
  1.525E+06 6.821E+00 5.165E-05 1.829E-03 3.727E+08 1.010E+08 3.445E+08 4.382E+09
  1.625E+06 9.225E+00 5.165E-05 1.927E-03 3.555E+08 1.173E+08 2.408E+08 4.382E+09
  1.725E+06 1.144E+01 5.165E-05 2.042E-03 3.371E+08 1.215E+08 1.824E+08 4.382E+09
  1.825E+06 1.326E+01 5.165E-05 2.179E-03 3.176E+08 1.228E+08 1.469E+08 4.382E+09
  1.925E+06 1.463E+01 5.165E-05 2.341E-03 2.971E+08 1.179E+08 1.234E+08 4.382E+09
  2.025E+06 1.547E+01 5.165E-05 2.531E-03 2.759E+08 1.060E+08 1.076E+08 4.382E+09
  2.125E+06 1.582E+01 5.165E-05 2.755E-03 2.545E+08 9.639E+07 9.639E+07 4.382E+09
  2.225E+06 1.625E+01 5.118E-05 2.955E-03 2.381E+08 8.532E+07 8.532E+07 4.263E+09
  2.325E+06 1.661E+01 5.049E-05 3.153E-03 2.237E+08 7.539E+07 7.539E+07 4.093E+09
  2.425E+06 1.690E+01 4.968E-05 3.359E-03 2.104E+08 6.662E+07 6.662E+07 3.899E+09
  2.525E+06 1.710E+01 4.881E-05 3.579E-03 1.978E+08 5.895E+07 5.895E+07 3.697E+09
  2.625E+06 1.705E+01 4.808E-05 3.849E-03 1.840E+08 5.282E+07 5.282E+07 3.533E+09
  2.725E+06 1.695E+01 4.732E-05 4.143E-03 1.710E+08 4.735E+07 4.735E+07 3.368E+09
  2.825E+06 1.705E+01 4.630E-05 4.401E-03 1.609E+08 4.180E+07 4.180E+07 3.156E+09
  2.925E+06 1.644E+01 4.591E-05 4.854E-03 1.458E+08 3.854E+07 3.854E+07 3.077E+09
  3.025E+06 1.605E+01 4.528E-05 5.288E-03 1.337E+08 3.498E+07 3.498E+07 2.953E+09
  3.125E+06 1.590E+01 4.440E-05 5.675E-03 1.246E+08 3.122E+07 3.122E+07 2.783E+09
  3.225E+06 1.529E+01 4.393E-05 6.252E-03 1.130E+08 2.870E+07 2.870E+07 2.695E+09
  3.325E+06 1.466E+01 4.345E-05 6.895E-03 1.027E+08 2.639E+07 2.639E+07 2.608E+09
  3.425E+06 1.414E+01 4.284E-05 7.540E-03 9.426E+07 2.405E+07 2.405E+07 2.501E+09
  3.525E+06 1.359E+01 4.231E-05 8.286E-03 8.596E+07 2.206E+07 2.206E+07 2.409E+09
  3.625E+06 1.350E+01 4.132E-05 8.809E-03 8.095E+07 1.956E+07 1.956E+07 2.242E+09
  3.725E+06 1.324E+01 4.049E-05 9.470E-03 7.538E+07 1.757E+07 1.757E+07 2.111E+09
  3.825E+06 1.285E+01 3.981E-05 1.028E-02 6.954E+07 1.597E+07 1.597E+07 2.006E+09
  3.925E+06 1.271E+01 3.888E-05 1.094E-02 6.540E+07 1.423E+07 1.423E+07 1.868E+09
  4.025E+06 1.243E+01 3.809E-05 1.177E-02 6.085E+07 1.283E+07 1.283E+07 1.758E+09
  4.125E+06 1.207E+01 3.742E-05 1.277E-02 5.614E+07 1.168E+07 1.168E+07 1.666E+09
  4.225E+06 1.189E+01 3.659E-05 1.368E-02 5.242E+07 1.049E+07 1.049E+07 1.558E+09
  4.325E+06 1.181E+01 3.566E-05 1.453E-02 4.931E+07 9.335E+06 9.335E+06 1.442E+09
  4.425E+06 1.179E+01 3.469E-05 1.538E-02 4.654E+07 8.268E+06 8.268E+06 1.327E+09
  4.525E+06 1.134E+01 3.417E-05 1.689E-02 4.236E+07 7.638E+06 7.638E+06 1.268E+09
  4.625E+06 1.139E+01 3.315E-05 1.785E-02 4.007E+07 6.727E+06 6.727E+06 1.158E+09
  4.725E+06 1.117E+01 3.241E-05 1.929E-02 3.708E+07 6.089E+06 6.089E+06 1.082E+09
  4.825E+06 1.086E+01 3.177E-05 2.103E-02 3.405E+07 5.571E+06 5.571E+06 1.020E+09
  4.925E+06 1.064E+01 3.104E-05 2.279E-02 3.150E+07 5.053E+06 5.053E+06 9.510E+08
  5.025E+06 1.030E+01 3.043E-05 2.495E-02 2.893E+07 4.650E+06 4.650E+06 8.961E+08
  5.125E+06 9.931E+00 2.988E-05 2.743E-02 2.645E+07 4.315E+06 4.315E+06 8.481E+08
  5.225E+06 9.643E+00 2.929E-05 3.010E-02 2.420E+07 3.996E+06 3.996E+06 7.990E+08
  5.325E+06 9.464E+00 2.863E-05 3.287E-02 2.223E+07 3.676E+06 3.676E+06 7.458E+08
  5.425E+06 9.421E+00 2.786E-05 3.570E-02 2.050E+07 3.349E+06 3.349E+06 6.873E+08
  5.525E+06 9.540E+00 2.696E-05 3.858E-02 1.898E+07 3.013E+06 3.013E+06 6.230E+08
  5.625E+06 9.863E+00 2.592E-05 4.151E-02 1.762E+07 2.675E+06 2.675E+06 5.537E+08
  5.725E+06 1.047E+01 2.471E-05 4.457E-02 1.634E+07 2.338E+06 2.338E+06 4.797E+08
  5.825E+06 1.151E+01 2.330E-05 4.795E-02 1.506E+07 2.012E+06 2.012E+06 4.022E+08
  5.925E+06 1.320E+01 2.166E-05 5.203E-02 1.372E+07 1.709E+06 1.709E+06 3.230E+08
  6.025E+06 1.613E+01 1.969E-05 5.753E-02 1.224E+07 1.441E+06 1.441E+06 2.427E+08
  6.125E+06 2.231E+01 1.716E-05 6.625E-02 1.047E+07 1.209E+06 1.209E+06 1.608E+08
  6.225E+06 4.094E+01 1.360E-05 8.469E-02 8.053E+06 1.009E+06 1.009E+06 7.990E+07
  6.325E+06 1.320E+02 8.908E-06 1.380E-01 4.841E+06 8.373E+05 8.373E+05 2.248E+07
  6.425E+06 6.829E+02 4.966E-06 2.783E-01 2.337E+06 6.866E+05 6.866E+05 3.893E+06
  6.525E+06 9.350E+02 4.311E-06 2.811E-01 2.222E+06 5.493E+05 5.493E+05 2.547E+06
  6.625E+06 1.352E+03 3.694E-06 2.830E-01 2.076E+06 4.229E+05 4.229E+05 1.603E+06
  6.725E+06 1.974E+03 3.152E-06 2.876E-01 1.913E+06 3.240E+05 3.240E+05 9.958E+05
  6.825E+06 2.659E+03 2.754E-06 3.038E-01 1.697E+06 2.659E+05 2.659E+05 6.642E+05
  6.925E+06 2.574E+03 2.609E-06 3.453E-01 1.529E+06 2.789E+05 2.789E+05 5.644E+05
  7.025E+06 2.661E+03 2.441E-06 3.886E-01 1.359E+06 2.789E+05 2.789E+05 4.627E+05
  7.125E+06 2.748E+03 2.290E-06 4.381E-01 1.205E+06 2.789E+05 2.789E+05 3.817E+05
  7.225E+06 2.834E+03 2.152E-06 4.950E-01 1.067E+06 2.789E+05 2.789E+05 3.171E+05
  7.325E+06 2.919E+03 2.029E-06 5.607E-01 9.417E+05 2.789E+05 2.789E+05 2.654E+05
  7.425E+06 3.003E+03 1.917E-06 6.369E-01 8.291E+05 2.789E+05 2.789E+05 2.240E+05
  7.525E+06 3.085E+03 1.817E-06 7.254E-01 7.280E+05 2.789E+05 2.789E+05 1.906E+05
  7.625E+06 3.165E+03 1.726E-06 8.283E-01 6.375E+05 2.789E+05 2.789E+05 1.635E+05
  7.725E+06 3.242E+03 1.645E-06 9.484E-01 5.568E+05 2.789E+05 2.789E+05 1.414E+05
  7.825E+06 3.318E+03 1.571E-06 1.088E+00 4.852E+05 2.789E+05 2.789E+05 1.232E+05
  7.925E+06 3.392E+03 1.503E-06 1.251E+00 4.220E+05 2.789E+05 2.789E+05 1.079E+05
  8.025E+06 3.465E+03 1.440E-06 1.441E+00 3.666E+05 2.789E+05 2.789E+05 9.493E+04
  8.125E+06 3.539E+03 1.380E-06 1.659E+00 3.183E+05 2.789E+05 2.789E+05 8.361E+04
  8.225E+06 3.641E+03 1.319E-06 1.904E+00 2.773E+05 2.789E+05 2.773E+05 7.293E+04
  8.325E+06 4.193E+03 1.212E-06 2.102E+00 2.512E+05 2.789E+05 2.512E+05 5.659E+04
  8.425E+06 4.822E+03 1.111E-06 2.314E+00 2.282E+05 2.789E+05 2.282E+05 4.357E+04
  8.525E+06 5.528E+03 1.012E-06 2.533E+00 2.085E+05 2.789E+05 2.085E+05 3.295E+04
  8.625E+06 6.308E+03 9.132E-07 2.745E+00 1.924E+05 2.789E+05 1.924E+05 2.422E+04
  8.725E+06 7.148E+03 8.131E-07 2.935E+00 1.799E+05 2.789E+05 1.799E+05 1.709E+04
  8.825E+06 8.031E+03 7.115E-07 3.085E+00 1.712E+05 2.789E+05 1.712E+05 1.145E+04
  8.925E+06 8.933E+03 6.105E-07 3.179E+00 1.661E+05 2.789E+05 1.661E+05 7.234E+03
  9.025E+06 9.847E+03 5.144E-07 3.216E+00 1.642E+05 2.789E+05 1.642E+05 4.328E+03
  9.125E+06 1.079E+04 4.282E-07 3.215E+00 1.643E+05 2.789E+05 1.643E+05 2.496E+03
  9.225E+06 1.178E+04 3.542E-07 3.193E+00 1.654E+05 2.789E+05 1.654E+05 1.413E+03
  9.325E+06 1.285E+04 2.923E-07 3.164E+00 1.669E+05 2.789E+05 1.669E+05 7.943E+02
  9.425E+06 1.401E+04 2.411E-07 3.133E+00 1.685E+05 2.789E+05 1.685E+05 4.458E+02
  9.525E+06 1.528E+04 1.990E-07 3.104E+00 1.701E+05 2.789E+05 1.701E+05 2.506E+02
  9.625E+06 1.667E+04 1.644E-07 3.079E+00 1.715E+05 2.789E+05 1.715E+05 1.414E+02
  9.725E+06 1.821E+04 1.361E-07 3.059E+00 1.726E+05 2.789E+05 1.726E+05 8.014E+01
  9.825E+06 1.280E+04 1.300E-07 3.507E+00 1.506E+05 2.789E+05 2.512E+05 6.985E+01
  9.925E+06 7.472E+03 1.300E-07 4.209E+00 1.255E+05 2.789E+05 4.304E+05 6.985E+01
