   1      H2O      +  O1D       =    OH       +  OH                  
   2      H2       +  O1D       =    OH       +  H                   
   3      H2       +  O         =    OH       +  H                   
   4      H2       +  OH        =    H2O      +  H                   
   5      H        +  O3        =    OH       +  O2                  
   6      H        +  O2        =    HO2      +                      
   7      H        +  HO2       =    H2       +  O2                  
   8      H        +  HO2       =    H2O      +  O                   
   9      H        +  HO2       =    OH       +  OH                  
  10      OH       +  O         =    H        +  O2                  
  11      OH       +  HO2       =    H2O      +  O2                  
  12      OH       +  O3        =    HO2      +  O2                  
  13      HO2      +  O         =    OH       +  O2                  
  14      HO2      +  O3        =    OH       +  O2          O2      
  15      HO2      +  HO2       =    H2O2     +  O2                  
  16      H2O2     +  OH        =    HO2      +  H2O                 
  17      O        +  O         =    O2       +                      
  18      O        +  O2        =    O3       +                      
  19      O        +  O3        =    O2       +  O2                  
  20      OH       +  OH        =    H2O      +  O                   
  21      O1D      +  M         =    O        +  M                   
  22      O1D      +  O2        =    O        +  O2                  
  23      O2       +  HV        =    O        +  O1D                 
  24      O2       +  HV        =    O        +  O                   
  25      H2O      +  HV        =    H        +  OH                  
  26      O3       +  HV        =    O2       +  O1D                 
  27      O3       +  HV        =    O2       +  O                   
  28      H2O2     +  HV        =    OH       +  OH                  
  29      CO2      +  HV        =    CO       +  O                   
  30      CO2      +  HV        =    CO       +  O1D                 
  31      CO       +  OH        =    CO2      +  H                   
  32      CO       +  O         =    CO2      +                      
  33      H        +  CO        =    HCO      +                      
  34      H        +  HCO       =    H2       +  CO                  
  35      HCO      +  HCO       =    H2CO     +  CO                  
  36      OH       +  HCO       =    H2O      +  CO                  
  37      O        +  HCO       =    H        +  CO2                 
  38      O        +  HCO       =    OH       +  CO                  
  39      H2CO     +  HV        =    H2       +  CO                  
  40      H2CO     +  HV        =    HCO      +  H                   
  41      HCO      +  HV        =    H        +  CO                  
  42      H2CO     +  H         =    H2       +  HCO                 
  43      H        +  H         =    H2       +                      
  44      HCO      +  O2        =    HO2      +  CO                  
  45      H2CO     +  OH        =    H2O      +  HCO                 
  46      H        +  OH        =    H2O      +                      
  47      OH       +  OH        =    H2O2     +                      
  48      H2CO     +  O         =    HCO      +  OH                  
  49      H2O2     +  O         =    OH       +  HO2                 
  50      HO2      +  HV        =    OH       +  O                   
  51      HNO2     +  HV        =    NO       +  OH                  
  52      HNO3     +  HV        =    NO2      +  OH                  
  53      NO       +  HV        =    N        +  O                   
  54      NO2      +  HV        =    NO       +  O                   
  55      CH4      +  OH        =    CH3      +  H2O                 
  56      CH4      +  O1D       =    CH3      +  OH                  
  57      CH4      +  O1D       =    H2CO     +  H2                  
  58      CH21     +  CH4       =    CH3      +  CH3                 
  59      CH21     +  O2        =    HCO      +  OH                  
  60      CH21     +  M         =    CH23     +  M                   
  61      CH23     +  H2        =    CH3      +  H                   
  62      CH23     +  CH4       =    CH3      +  CH3                 
  63      CH23     +  O2        =    HCO      +  OH                  
  64      CH3      +  O2        =    H2CO     +  OH                  
  65      CH3      +  O         =    H2CO     +  H                   
  66      CH3      +  O3        =    H2CO     +  HO2                 
  67      CH3      +  OH        =    CO       +  H2          H2      
  68      CH3      +  CH3       =    C2H6     +                      
  69      CH3      +  HV        =    CH23     +  H                   
  70      CH3      +  H         =    CH4      +                      
  71      CH3      +  HCO       =    CH4      +  CO                  
  72      CH3      +  HNO       =    CH4      +  NO                  
  73      CH3      +  H2CO      =    CH4      +  HCO                 
  74      H        +  NO        =    HNO      +                      
  75      N        +  N         =    N2       +                      
  76      N        +  O2        =    NO       +  O                   
  77      N        +  O3        =    NO       +  O2                  
  78      N        +  OH        =    NO       +  H                   
  79      N        +  NO        =    N2       +  O                   
  80      NO       +  O3        =    NO2      +  O2                  
  81      NO       +  O         =    NO2      +                      
  82      NO       +  HO2       =    NO2      +  OH                  
  83      NO       +  OH        =    HNO2     +                      
  84      NO2      +  O         =    NO       +  O2                  
  85      NO2      +  OH        =    HNO3     +                      
  86      NO2      +  H         =    NO       +  OH                  
  87      HCO      +  NO        =    HNO      +  CO                  
  88      HNO      +  HV        =    NO       +  H                   
  89      H        +  HNO       =    H2       +  NO                  
  90      O        +  HNO       =    OH       +  NO                  
  91      OH       +  HNO       =    H2O      +  NO                  
  92      HNO2     +  OH        =    H2O      +  NO2                 
  93      CH4      +  O         =    CH3      +  OH                  
  94      CH21     +  H2        =    CH3      +  H                   
  95      CH21     +  H2        =    CH23     +  H2                  
  96      CH21     +  CO2       =    H2CO     +  CO                  
  97      CH23     +  O         =    HCO      +  H                   
  98      CH23     +  CO2       =    H2CO     +  CO                  
  99      C2H6     +  OH        =    C2H5     +  H2O                 
 100      C2H6     +  O         =    C2H5     +  OH                  
 101      C2H6     +  O1D       =    C2H5     +  OH                  
 102      C2H5     +  HCO       =    C2H6     +  CO                  
 103      C2H5     +  HNO       =    C2H6     +  NO                  
 104      C2H5     +  O2        =    CH3      +  HCO         OH      
 105      CO       +  O1D       =    CO       +  O                   
 106      CO       +  O1D       =    CO2      +                      
 107      HNO3     +  OH        =    H2O      +  NO2         O       
 108      N        +  HO2       =    NO       +  OH                  
 109      HO2      +  NO2       =    HNO2     +  O2                  
 110      SO       +  HV        =    S        +  O                   
 111      H2S      +  HV        =    HS       +  H                   
 112      SO2      +  HV        =    SO       +  O                   
 113      SO2      +  HV        =    SO21     +                      
 114      SO2      +  HV        =    SO23     +                      
 115      SO       +  O2        =    O        +  SO2                 
 116      SO       +  HO2       =    SO2      +  OH                  
 117      SO       +  O         =    SO2      +                      
 118      SO       +  OH        =    SO2      +  H                   
 119      SO2      +  OH        =    HSO3     +                      
 120      SO2      +  O         =    SO3      +                      
 121      SO3      +  H2O       =    H2SO4    +                      
 122      HSO3     +  O2        =    HO2      +  SO3                 
 123      HSO3     +  OH        =    H2O      +  SO3                 
 124      HSO3     +  H         =    H2       +  SO3                 
 125      HSO3     +  O         =    OH       +  SO3                 
 126      H2S      +  OH        =    H2O      +  HS                  
 127      H2S      +  H         =    H2       +  HS                  
 128      H2S      +  O         =    OH       +  HS                  
 129      HS       +  O         =    H        +  SO                  
 130      HS       +  O2        =    OH       +  SO                  
 131      HS       +  HO2       =    H2S      +  O2                  
 132      HS       +  HS        =    H2S      +  S                   
 133      HS       +  HCO       =    H2S      +  CO                  
 134      HS       +  H         =    H2       +  S                   
 135      HS       +  S         =    H        +  S2                  
 136      S        +  O2        =    SO       +  O                   
 137      S        +  OH        =    SO       +  H                   
 138      S        +  HCO       =    HS       +  CO                  
 139      S        +  HO2       =    HS       +  O2                  
 140      S        +  HO2       =    SO       +  OH                  
 141      S        +  S         =    S2       +                      
 142      S2       +  O         =    S        +  SO                  
 143      HS       +  H2CO      =    H2S      +  HCO                 
 144      S2       +  HV        =    S        +  S                   
 145      S        +  S2        =    S3       +                      
 146      S2       +  S2        =    S4       +                      
 147      S        +  S3        =    S4       +                      
 148      S4       +  S4        =    S8AER    +                      
 149      S4       +  HV        =    S2       +  S2                  
 150      S3       +  HV        =    S2       +  S                   
 151      SO3      +  HV        =    SO2      +  O                   
 152      SO21     +  HV        =    SO23     +                      
 153      SO21     +  HV        =    SO2      +                      
 154      SO21     +  HV        =    SO23     +  HV                  
 155      SO21     +  HV        =    SO2      +  HV                  
 156      SO21     +  O2        =    SO3      +  O                   
 157      SO21     +  SO2       =    SO3      +  SO                  
 158      SO23     +  HV        =    SO2      +                      
 159      SO23     +  HV        =    SO2      +  HV                  
 160      SO23     +  SO2       =    SO3      +  SO                  
 161      SO       +  NO2       =    SO2      +  NO                  
 162      SO       +  O3        =    SO2      +  O2                  
 163      SO2      +  HO2       =    SO3      +  OH                  
 164      HS       +  O3        =    HSO      +  O2                  
 165      HS       +  NO2       =    HSO      +  NO                  
 166      S        +  O3        =    SO       +  O2                  
 167      SO       +  SO        =    SO2      +  S                   
 168      SO3      +  SO        =    SO2      +  SO2                 
 169      S        +  CO2       =    SO       +  CO                  
 170      SO       +  HO2       =    HSO      +  O2                  
 171      SO       +  HCO       =    HSO      +  CO                  
 172      H        +  SO        =    HSO      +                      
 173      HSO      +  HV        =    HS       +  O                   
 174      HSO      +  NO        =    HNO      +  SO                  
 175      HSO      +  OH        =    H2O      +  SO                  
 176      HSO      +  H         =    HS       +  OH                  
 177      HSO      +  H         =    H2       +  SO                  
 178      HSO      +  HS        =    H2S      +  SO                  
 179      HSO      +  O         =    OH       +  SO                  
 180      HSO      +  S         =    HS       +  SO                  
 181      SO3      +  CO        =    SO2      +  CO2                 
 182      H        +  OCS       =    CO       +  HS                  
 183      HS       +  CO        =    OCS      +  H                   
 184      O        +  OCS       =    CO       +  SO                  
 185      O        +  OCS       =    S        +  CO2                 
 186      OCS      +  S         =    CO       +  S2                  
 187      OCS      +  OH        =    CO2      +  HS                  
 188      S        +  HCO       =    OCS      +  H                   
 189      S        +  CO        =    OCS      +                      
 190      OCS      +  HV        =    CO       +  S                   
 191      H2S      +  HO2       =    H2O      +  HSO                 
 192      OCS      +  S         =    OCS2     +                      
 193      OCS2     +  S         =    OCS      +  S2                  
 194      S3       +  O         =    S2       +  SO                  
 195      S4       +  O         =    S3       +  SO                  
 196      OCS2     +  CO        =    OCS      +  OCS                 
 197      CS       +  O2        =    OCS      +  O                   
 198      CS       +  O2        =    CO       +  SO                  
 199      CS       +  O3        =    OCS      +  O2                  
 200      CS       +  O3        =    SO       +  CO2                 
 201      CS       +  O3        =    CO       +  SO2                 
 202      CS2      +  O         =    SO       +  CS                  
 203      CS2      +  O         =    OCS      +  S                   
 204      CS2      +  OH        =    OCS      +  HS                  
 205      CS2X     +  M         =    CS2      +  M                   
 206      CS2X     +  O2        =    CS       +  SO2                 
 207      CS2X     +  CS2       =    CS       +  CS          S2      
 208      CS       +  HS        =    CS2      +  H                   
 209      CS2      +  O         =    CO       +  S2                  
 210      CS2      +  SO        =    OCS      +  S2                  
 211      CS2      +  S         =    CS       +  S2                  
 212      CS       +  O         =    CO       +  S                   
 213      CS2      +  HV        =    CS       +  S                   
 214      CS2      +  HV        =    CS2X     +                      
 215      CH4      +  HS        =    CH3      +  H2S                 
 216      H        +  CS        =    HCS      +                      
 217      H        +  HCS       =    H2       +  CS                  
 218      S        +  HCS       =    H        +  CS2                 
 219      S        +  HCS       =    HS       +  CS                  
 220      C2H5     +  H         =    CH3      +  CH3                 
 221      C2H5     +  H         =    C2H6     +                      
 222      C2H5     +  H         =    C2H4     +  H2                  
 223      C2H5     +  O         =    CH3      +  HCO         H       
 224      C2H5     +  O         =    H2CO     +  CH3                 
 225      C2H5     +  O         =    CH3CHO   +  H                   
 226      C2H5     +  OH        =    CH3      +  HCO         H2      
 227      C2H5     +  OH        =    CH3CHO   +  H2                  
 228      C2H5     +  OH        =    C2H4     +  H2O                 
 229      CH21     +  S2        =    HCS      +  HS                  
 230      CH23     +  S2        =    HCS      +  HS                  
 231      CH3      +  HCS       =    CH4      +  CS                  
 232      CH23     +  S         =    HCS      +  H                   
 233      HS       +  HCS       =    H2S      +  CS                  
 234      CH4      +  HV        =    CH21     +  H2                  
 235      CH4      +  HV        =    CH3      +  H                   
 236      CH4      +  HV        =    CH23     +  H           H       
 237      C        +  OH        =    CO       +  H                   
 238      C        +  H2        =    CH23     +                      
 239      C        +  O2        =    CO       +  O                   
 240      C        +  HS        =    CS       +  H                   
 241      C        +  S2        =    CS       +  S                   
 242      CH       +  H         =    C        +  H2                  
 243      CH       +  O         =    CO       +  H                   
 244      CH       +  H2        =    CH23     +  H                   
 245      CH       +  H2        =    CH3      +                      
 246      CH       +  O2        =    CO       +  OH                  
 247      CH       +  CO2       =    HCO      +  CO                  
 248      CH       +  HV        =    C        +  H                   
 249      CH       +  S         =    CS       +  H                   
 250      CH       +  S2        =    CS       +  HS                  
 251      CH       +  CS2       =    HCS      +  CS                  
 252      OCS      +  CH        =    CO       +  HCS                 
 253      CH23     +  O         =    CH       +  OH                  
 254      CH23     +  O         =    CO       +  H           H       
 255      CH23     +  H         =    CH3      +                      
 256      CH23     +  H         =    CH       +  H2                  
 257      CH3      +  O2        =    CH3O2    +                      
 258      CH3O2    +  H         =    CH4      +  O2                  
 259      CH3O2    +  H         =    H2O      +  H2CO                
 260      CH3O2    +  O         =    H2CO     +  HO2                 
 261      NO       +  CH3O2     =    CH3O     +  NO2                 
 262      HCO      +  H2CO      =    CH3O     +  CO                  
 263      CH3O     +  CO        =    CH3      +  CO2                 
 264      CH3      +  OH        =    CH3O     +  H                   
 265      CH3      +  O3        =    CH3O     +  O2                  
 266      NO       +  CH3O      =    HNO      +  H2CO                
 267      NO2      +  CH3O      =    H2CO     +  HNO2                
 268      O1D      +  CH4       =    CH3O     +  H                   
 269      CH3O     +  O2        =    H2CO     +  HO2                 
 270      CH2CO    +  HV        =    CH23     +  CO                  
 271      CH23     +  CO        =    CH2CO    +                      
 272      CH2CO    +  H         =    CH3      +  CO                  
 273      CH2CO    +  O         =    H2CO     +  CO                  
 274      CH3      +  CO        =    CH3CO    +                      
 275      CH3CO    +  H         =    CH4      +  CO                  
 276      CH3CO    +  O         =    H2CO     +  HCO                 
 277      CH3CO    +  CH3       =    C2H6     +  CO                  
 278      CH3CO    +  CH3       =    CH4      +  CH2CO               
 279      CH23     +  CH23      =    C2H2     +  H2                  
 280      C2H2     +  HV        =    C2H      +  H                   
 281      C2H2     +  HV        =    C2       +  H2                  
 282      C2H2     +  OH        =    CO       +  CH3                 
 283      C2H      +  O2        =    CO       +  HCO                 
 284      C2H      +  O         =    CO       +  CH                  
 285      C2H      +  H2        =    C2H2     +  H                   
 286      C2H      +  CH4       =    C2H2     +  CH3                 
 287      C2H      +  H         =    C2H2     +                      
 288      C2       +  H2        =    C2H      +  H                   
 289      C2       +  CH4       =    C2H      +  CH3                 
 290      C2       +  S         =    C        +  CS                  
 291      C2       +  S2        =    CS       +  CS                  
 292      C2       +  O         =    C        +  CO                  
 293      C2       +  O2        =    CO       +  CO                  
 294      C2H4     +  HV        =    C2H2     +  H2                  
 295      C2H4     +  HV        =    C2H2     +  H           H       
 296      CH23     +  CH3       =    C2H4     +  H                   
 297      CH23     +  C2H3      =    CH3      +  C2H2                
 298      C2H2     +  H         =    C2H3     +                      
 299      C2H3     +  H         =    C2H2     +  H2                  
 300      C2H3     +  H2        =    C2H4     +  H                   
 301      C2H3     +  CH4       =    C2H4     +  CH3                 
 302      C2H3     +  C2H6      =    C2H4     +  C2H5                
 303      C2H4     +  OH        =    H2CO     +  CH3                 
 304      C2H4     +  O         =    HCO      +  CH3                 
 305      C2H4     +  H         =    C2H5     +                      
 306      C2H      +  C2H6      =    C2H2     +  C2H5                
 307      CH       +  CH4       =    C2H4     +  H                   
 308      CH23     +  C2H5      =    CH3      +  C2H4                
 309      C2H2     +  O         =    CH23     +  CO                  
 310      C2H3     +  O         =    CH2CO    +  H                   
 311      C2H3     +  OH        =    C2H2     +  H2O                 
 312      C2H3     +  CH3       =    C2H2     +  CH4                 
 313      C2H3     +  C2H3      =    C2H4     +  C2H2                
 314      C2H3     +  C2H5      =    C2H4     +  C2H4                
 315      C2H5     +  CH3       =    C2H4     +  CH4                 
 316      C2H5     +  C2H3      =    C2H6     +  C2H2                
 317      C2H5     +  C2H5      =    C2H6     +  C2H4                
 318      C2H2     +  OH        =    C2H2OH   +                      
 319      C2H2     +  OH        =    CH2CO    +  H                   
 320      C2H2OH   +  H         =    H2O      +  C2H2                
 321      C2H2OH   +  H         =    H2       +  CH2CO               
 322      C2H2OH   +  O         =    OH       +  CH2CO               
 323      C2H2OH   +  OH        =    H2O      +  CH2CO               
 324      C2H4     +  OH        =    C2H4OH   +                      
 325      C2H4OH   +  H         =    H2O      +  C2H4                
 326      C2H4OH   +  H         =    H2       +  CH3CHO              
 327      C2H4OH   +  O         =    OH       +  CH3CHO              
 328      C2H4OH   +  OH        =    H2O      +  CH3CHO              
 329      CH3CHO   +  H         =    CH3CO    +  H2                  
 330      CH3CHO   +  O         =    CH3CO    +  OH                  
 331      CH3CHO   +  OH        =    CH3CO    +  H2O                 
 332      CH3CHO   +  CH3       =    CH3CO    +  CH4                 
 333      CH3CHO   +  HV        =    CH3      +  HCO                 
 334      CH3CHO   +  HV        =    CH4      +  CO                  
 335      C2H5     +  CH3       =    C3H8     +                      
 336      C3H8     +  OH        =    C3H7     +  H2O                 
 337      C3H8     +  O         =    C3H7     +  OH                  
 338      C3H8     +  O1D       =    C3H7     +  OH                  
 339      C3H7     +  H         =    CH3      +  C2H5                
 340      C3H8     +  HV        =    C3H6     +  H2                  
 341      C3H8     +  HV        =    C2H6     +  CH21                
 342      C3H8     +  HV        =    C2H4     +  CH4                 
 343      C3H8     +  HV        =    C2H5     +  CH3                 
 344      C2H      +  C3H8      =    C2H2     +  C3H7                
 345      C3H6     +  HV        =    C2H2     +  CH3         H       
 346      C3H6     +  HV        =    CH2CCH2  +  H2                  
 347      C3H6     +  HV        =    C2H4     +  CH23                
 348      C3H6     +  HV        =    C2H      +  CH4         H       
 349      C2H5CHO  +  HV        =    C2H5     +  HCO                 
 350      C2H3     +  CH3       =    C3H6     +                      
 351      C3H6     +  OH        =    CH3CHO   +  CH3                 
 352      C3H6     +  O         =    CH3      +  CH3         CO      
 353      C3H6     +  H         =    C3H7     +                      
 354      C3H7     +  CH3       =    C3H6     +  CH4                 
 355      C3H7     +  OH        =    C2H5CHO  +  H2                  
 356      C3H7     +  O         =    C2H5CHO  +  H                   
 357      CH       +  C2H4      =    CH2CCH2  +  H                   
 358      CH       +  C2H4      =    CH3C2H   +  H                   
 359      CH2CCH2  +  H         =    CH3      +  C2H2                
 360      CH2CCH2  +  H         =    C3H5     +                      
 361      CH3      +  C2H3      =    C3H5     +  H                   
 362      C2H3     +  C2H5      =    CH3      +  C3H5                
 363      C3H5     +  H         =    C3H6     +                      
 364      C3H5     +  H         =    CH4      +  C2H2                
 365      C3H5     +  CH3       =    CH2CCH2  +  CH4                 
 366      C3H5     +  H         =    CH2CCH2  +  H2                  
 367      CH       +  C2H2      =    C3H2     +  H                   
 368      CH23     +  C2H2      =    CH3C2H   +                      
 369      CH3C2H   +  H         =    CH3      +  C2H2                
 370      CH3C2H   +  H         =    C3H5     +                      
 371      C3H2     +  H         =    C3H3     +                      
 372      C3H3     +  H         =    CH3C2H   +                      
 373      C3H3     +  H         =    CH2CCH2  +                      
 374      C3H5     +  H         =    CH3C2H   +  H2                  
 375      C3H5     +  CH3       =    CH3C2H   +  CH4                 
 376      CH2CCH2  +  H         =    CH3C2H   +  H                   
 377      CH23     +  C2H2      =    CH2CCH2  +                      
 378      C3H3     +  HV        =    C3H2     +  H                   
 379      CH3C2H   +  HV        =    C3H3     +  H                   
 380      CH3C2H   +  HV        =    C3H2     +  H2                  
 381      CH3C2H   +  HV        =    CH3      +  C2H                 
 382      CH2CCH2  +  HV        =    C3H3     +  H                   
 383      CH2CCH2  +  HV        =    C3H2     +  H2                  
 384      CH2CCH2  +  HV        =    C2H2     +  CH23                
 385      C2H6     +  HV        =    CH23     +  CH23        H2      
 386      C2H6     +  HV        =    CH4      +  CH21                
 387      C2H6     +  HV        =    C2H2     +  H2          H2      
 388      C2H6     +  HV        =    C2H4     +  H           H       
 389      C2H6     +  HV        =    C2H4     +  H2                  
 390      C2H6     +  HV        =    CH3      +  CH3                 
 391      C2H      +  C2H2      =    HCAER    +  H                   
 392      C2H      +  CH2CCH2   =    HCAER2   +  H                   
