 HC AEROSOL PARAMETERS

    Z        AERSOL     RPART      WFALL     TAUSED    TAUEDD    TAUC      CONVER
  2.500E+04 0.000E-02 1.221E-06 1.721E-05 4.741E+10 6.656E+06 1.064E+10 9.185E+04
  1.250E+05 0.000E-02 1.221E-06 1.923E-05 4.136E+10 6.327E+06 9.566E+09 9.185E+04
  2.250E+05 0.000E-01 1.221E-06 2.158E-05 3.584E+10 5.985E+06 7.269E+09 9.185E+04
  3.250E+05 0.000E-01 1.221E-06 2.433E-05 3.084E+10 5.629E+06 5.369E+09 9.185E+04
  4.250E+05 0.000E-01 1.221E-06 2.756E-05 2.633E+10 5.263E+06 4.075E+09 9.185E+04
  5.250E+05 0.000E-01 1.221E-06 3.140E-05 2.227E+10 4.888E+06 3.203E+09 9.185E+04
  6.250E+05 0.000E-01 1.221E-06 3.601E-05 1.864E+10 4.508E+06 2.601E+09 9.185E+04
  7.250E+05 0.000E-01 1.221E-06 4.163E-05 1.542E+10 4.123E+06 2.173E+09 9.185E+04
  8.250E+05 0.000E-01 1.221E-06 4.856E-05 1.259E+10 3.738E+06 1.864E+09 9.185E+04
  9.250E+05 0.000E-01 1.221E-06 5.724E-05 1.012E+10 3.354E+06 1.641E+09 9.185E+04
  1.025E+06 0.000E-01 1.221E-06 6.834E-05 7.981E+09 3.719E+06 1.446E+09 9.185E+04
  1.125E+06 0.000E-01 1.221E-06 8.232E-05 6.415E+09 9.295E+06 1.127E+09 9.185E+04
  1.225E+06 0.000E+00 1.221E-06 9.895E-05 5.337E+09 1.640E+07 6.903E+08 9.185E+04
  1.325E+06 0.000E+00 1.221E-06 1.190E-04 4.437E+09 3.486E+07 3.956E+08 9.185E+04
  1.425E+06 0.000E+00 1.221E-06 1.432E-04 3.687E+09 4.808E+07 2.265E+08 9.185E+04
  1.525E+06 0.000E+00 1.221E-06 1.724E-04 3.064E+09 6.062E+07 1.509E+08 9.185E+04
  1.625E+06 0.000E+00 1.221E-06 2.075E-04 2.544E+09 6.971E+07 1.105E+08 9.185E+04
  1.725E+06 0.000E+00 1.221E-06 2.499E-04 2.113E+09 7.150E+07 8.826E+07 9.185E+04
  1.825E+06 0.000E+01 1.221E-06 3.010E-04 1.754E+09 7.150E+07 7.554E+07 9.185E+04
  1.925E+06 0.000E+01 1.221E-06 3.627E-04 1.456E+09 6.801E+07 6.801E+07 9.185E+04
  2.025E+06 0.000E+01 1.194E-06 4.271E-04 1.236E+09 6.062E+07 6.062E+07 8.581E+04
  2.125E+06 0.000E+01 1.156E-06 4.982E-04 1.060E+09 5.468E+07 5.468E+07 7.790E+04
  2.225E+06 0.000E+01 1.096E-06 5.693E-04 9.275E+08 4.808E+07 4.808E+07 6.648E+04
  2.325E+06 0.000E+01 1.031E-06 6.451E-04 8.186E+08 4.225E+07 4.225E+07 5.529E+04
  2.425E+06 0.000E+01 9.639E-07 7.268E-04 7.266E+08 3.718E+07 3.718E+07 4.519E+04
  2.525E+06 0.000E+01 8.979E-07 8.157E-04 6.473E+08 3.281E+07 3.281E+07 3.653E+04
  2.625E+06 0.000E+01 8.382E-07 9.176E-04 5.755E+08 2.935E+07 2.935E+07 2.972E+04
  2.725E+06 0.000E+01 7.811E-07 1.030E-03 5.125E+08 2.631E+07 2.631E+07 2.405E+04
  2.825E+06 0.000E+01 7.220E-07 1.148E-03 4.602E+08 2.324E+07 2.324E+07 1.899E+04
  2.925E+06 0.000E+01 6.783E-07 1.299E-03 4.065E+08 2.145E+07 2.145E+07 1.575E+04
  3.025E+06 0.000E+01 6.330E-07 1.460E-03 3.616E+08 1.950E+07 1.950E+07 1.280E+04
  3.125E+06 0.000E+01 5.859E-07 1.629E-03 3.242E+08 1.743E+07 1.743E+07 1.015E+04
  3.225E+06 0.000E+01 5.482E-07 1.836E-03 2.876E+08 1.603E+07 1.603E+07 8.313E+03
  3.325E+06 0.000E+01 5.119E-07 2.065E-03 2.557E+08 1.468E+07 1.468E+07 6.770E+03
  3.425E+06 0.000E+02 4.755E-07 2.311E-03 2.285E+08 1.328E+07 1.328E+07 5.424E+03
  3.525E+06 0.000E+02 4.430E-07 2.594E-03 2.036E+08 1.212E+07 1.212E+07 4.388E+03
  3.625E+06 0.000E+02 4.072E-07 2.872E-03 1.839E+08 1.073E+07 1.073E+07 3.408E+03
  3.725E+06 0.000E+02 3.759E-07 3.193E-03 1.654E+08 9.616E+06 9.616E+06 2.681E+03
  3.825E+06 0.000E+02 3.484E-07 3.564E-03 1.482E+08 8.714E+06 8.714E+06 2.133E+03
  3.925E+06 0.000E+02 3.201E-07 3.944E-03 1.339E+08 7.746E+06 7.746E+06 1.656E+03
  4.025E+06 0.000E+02 2.955E-07 4.384E-03 1.205E+08 6.971E+06 6.971E+06 1.302E+03
  4.125E+06 0.000E+02 2.737E-07 4.891E-03 1.080E+08 6.338E+06 6.338E+06 1.035E+03
  4.225E+06 0.000E+02 2.523E-07 5.428E-03 9.728E+07 5.691E+06 5.691E+06 8.105E+02
  4.325E+06 0.000E+02 2.317E-07 6.002E-03 8.798E+07 5.070E+06 5.070E+06 6.277E+02
  4.425E+06 0.000E+02 2.123E-07 6.620E-03 7.977E+07 4.498E+06 4.498E+06 4.826E+02
  4.525E+06 0.000E+02 1.978E-07 7.426E-03 7.111E+07 4.162E+06 4.162E+06 3.904E+02
  4.625E+06 0.000E+02 1.807E-07 8.170E-03 6.464E+07 3.669E+06 3.669E+06 2.979E+02
  4.725E+06 0.000E+02 1.668E-07 9.076E-03 5.818E+07 3.320E+06 3.320E+06 2.342E+02
  4.825E+06 0.000E+02 1.545E-07 1.012E-02 5.217E+07 3.031E+06 3.031E+06 1.862E+02
  4.925E+06 0.000E+02 1.425E-07 1.123E-02 4.701E+07 2.734E+06 2.734E+06 1.459E+02
  5.025E+06 0.000E+03 1.319E-07 1.251E-02 4.220E+07 2.490E+06 2.490E+06 1.157E+02
  5.125E+06 0.000E+02 1.300E-07 1.485E-02 3.557E+07 2.286E+06 2.653E+06 1.109E+02
  5.225E+06 0.000E+02 1.300E-07 1.787E-02 2.956E+07 2.100E+06 2.929E+06 1.109E+02
  5.325E+06 0.000E+02 1.300E-07 2.150E-02 2.456E+07 1.920E+06 3.234E+06 1.109E+02
  5.425E+06 0.000E+02 1.300E-07 2.587E-02 2.041E+07 1.743E+06 3.573E+06 1.109E+02
  5.525E+06 0.000E+02 1.300E-07 3.113E-02 1.696E+07 1.567E+06 3.953E+06 1.109E+02
  5.625E+06 0.000E+02 1.300E-07 3.745E-02 1.410E+07 1.394E+06 4.383E+06 1.109E+02
  5.725E+06 0.000E+02 1.300E-07 4.506E-02 1.172E+07 1.230E+06 4.873E+06 1.109E+02
  5.825E+06 0.000E+02 1.300E-07 5.420E-02 9.742E+06 1.076E+06 5.436E+06 1.109E+02
  5.925E+06 0.000E+02 1.300E-07 6.520E-02 8.099E+06 9.358E+05 6.084E+06 1.109E+02
  6.025E+06 0.000E+02 1.300E-07 7.843E-02 6.733E+06 8.106E+05 6.832E+06 1.109E+02
  6.125E+06 0.000E+02 1.300E-07 9.434E-02 5.598E+06 7.006E+05 7.698E+06 1.109E+02
  6.225E+06 0.000E+02 1.300E-07 1.135E-01 4.654E+06 6.052E+05 8.702E+06 1.109E+02
  6.325E+06 0.000E+02 1.300E-07 1.365E-01 3.870E+06 5.230E+05 9.865E+06 1.109E+02
  6.425E+06 0.000E+02 1.300E-07 1.641E-01 3.218E+06 4.527E+05 1.122E+07 1.109E+02
  6.525E+06 0.000E+02 1.300E-07 1.973E-01 2.676E+06 3.928E+05 1.279E+07 1.109E+02
  6.625E+06 0.000E+02 1.300E-07 2.373E-01 2.225E+06 3.417E+05 1.465E+07 1.109E+02
  6.725E+06 0.000E+02 1.300E-07 2.853E-01 1.851E+06 2.983E+05 1.688E+07 1.109E+02
  6.825E+06 0.000E+02 1.300E-07 3.431E-01 1.539E+06 2.789E+05 1.963E+07 1.109E+02
  6.925E+06 0.000E+02 1.300E-07 4.124E-01 1.280E+06 2.789E+05 2.310E+07 1.109E+02
  7.025E+06 0.000E+01 1.300E-07 4.958E-01 1.065E+06 2.789E+05 2.771E+07 1.109E+02
  7.125E+06 0.000E+01 1.300E-07 5.961E-01 8.859E+05 2.789E+05 3.404E+07 1.109E+02
  7.225E+06 0.000E+01 1.300E-07 7.165E-01 7.370E+05 2.789E+05 4.283E+07 1.109E+02
  7.325E+06 0.000E+01 1.300E-07 8.612E-01 6.132E+05 2.789E+05 5.509E+07 1.109E+02
  7.425E+06 0.000E+01 1.300E-07 1.035E+00 5.102E+05 2.789E+05 7.234E+07 1.109E+02
  7.525E+06 0.000E+01 1.300E-07 1.244E+00 4.245E+05 2.789E+05 9.707E+07 1.109E+02
  7.625E+06 0.000E+01 1.300E-07 1.495E+00 3.532E+05 2.789E+05 1.334E+08 1.109E+02
  7.725E+06 0.000E+01 1.300E-07 1.797E+00 2.939E+05 2.789E+05 1.887E+08 1.109E+02
  7.825E+06 0.000E+00 1.300E-07 2.159E+00 2.446E+05 2.789E+05 2.759E+08 1.109E+02
  7.925E+06 0.000E+00 1.300E-07 2.594E+00 2.036E+05 2.789E+05 4.199E+08 1.109E+02
  8.025E+06 0.000E+00 1.300E-07 3.117E+00 1.694E+05 2.789E+05 6.704E+08 1.109E+02
  8.125E+06 0.000E+00 1.300E-07 3.745E+00 1.410E+05 2.789E+05 1.134E+09 1.109E+02
  8.225E+06 0.000E+00 1.300E-07 4.499E+00 1.174E+05 2.789E+05 2.055E+09 1.109E+02
  8.325E+06 0.000E-01 1.300E-07 5.404E+00 9.771E+04 2.789E+05 4.050E+09 1.109E+02
  8.425E+06 0.000E-01 1.300E-07 6.492E+00 8.135E+04 2.789E+05 8.827E+09 1.109E+02
  8.525E+06 0.000E-01 1.300E-07 7.798E+00 6.772E+04 2.789E+05 2.173E+10 1.109E+02
  8.625E+06 0.000E-02 1.300E-07 9.366E+00 5.638E+04 2.789E+05 6.194E+10 1.109E+02
  8.725E+06 0.000E-02 1.300E-07 1.125E+01 4.695E+04 2.789E+05 2.108E+11 1.109E+02
  8.825E+06 0.000E-03 1.300E-07 1.351E+01 3.909E+04 2.789E+05 8.847E+11 1.109E+02
  8.925E+06 0.000E-04 1.300E-07 1.622E+01 3.255E+04 2.789E+05 4.657E+12 1.109E+02
  9.025E+06 0.000E-05 1.300E-07 1.948E+01 2.711E+04 2.789E+05 2.807E+13 1.109E+02
  9.125E+06 0.000E-05 1.300E-07 2.339E+01 2.258E+04 2.789E+05 1.281E+14 1.109E+02
  9.225E+06 0.000E-06 1.300E-07 2.809E+01 1.880E+04 2.789E+05 3.351E+14 1.109E+02
  9.325E+06 0.000E-06 1.300E-07 3.372E+01 1.566E+04 2.789E+05 7.145E+14 1.109E+02
  9.425E+06 0.000E-06 1.300E-07 4.048E+01 1.304E+04 2.789E+05 1.495E+15 1.109E+02
  9.525E+06 0.000E-07 1.300E-07 4.860E+01 1.087E+04 2.789E+05 3.120E+15 1.109E+02
  9.625E+06 0.000E-07 1.300E-07 5.834E+01 9.052E+03 2.789E+05 6.509E+15 1.109E+02
  9.725E+06 0.000E-07 1.300E-07 7.003E+01 7.541E+03 2.789E+05 1.374E+16 1.109E+02
  9.825E+06 0.000E-08 1.300E-07 8.405E+01 6.283E+03 2.789E+05 3.061E+16 1.109E+02
  9.925E+06 0.000E-08 1.300E-07 1.009E+02 5.235E+03 2.789E+05 8.271E+16 1.109E+02
